2022-08-21 06:03:01.9175 [INFO; Reactor.Server]  Loaded KSServerRuntime.Local.dll
2022-08-21 06:03:01.9260 [INFO; Root]  Loaded config.json
2022-08-21 06:03:01.9265 [INFO; Root]  Loaded config.GameScene.json
2022-08-21 06:03:01.9320 [INFO; Root]  KinematicSoup Technologies Inc.
2022-08-21 06:03:01.9320 [INFO; Root]  Reactor Server v0.10.0
2022-08-21 06:03:01.9320 [DEBUG; Root]  Could not open model file: model.bin. Compression will use the default model for sync transforms, and dynamic models for update transforms.
2022-08-21 06:03:01.9330 [INFO; Reactor.Server]  Missing API configuration. PlayerAPI features disabled.
2022-08-21 06:03:01.9415 [DEBUG; Root]  Loading Asset Scripts
2022-08-21 06:03:01.9440 [DEBUG; Root]  Loading Room Configs
2022-08-21 06:03:01.9480 [DEBUG; Root]  Initializing PhysX
2022-08-21 06:03:01.9600 [DEBUG; Root]  Loading PhysX geometry
2022-08-21 06:03:01.9700 [INFO; Root]  Loaded 8 geometries
2022-08-21 06:03:01.9705 [INFO; Root]  Loaded 2 geometries
2022-08-21 06:03:01.9705 [DEBUG; Root]  Loading entity prefabs
2022-08-21 06:03:01.9840 [INFO; Root]  Loaded 5 entity prefabs
2022-08-21 06:03:01.9840 [DEBUG; Root]  Loading entity instances
2022-08-21 06:03:02.0005 [DEBUG; Root]  Initializing scripts
2022-08-21 06:03:02.0080 [DEBUG; Root]  Room setup complete
2022-08-21 06:03:02.0080 [INFO; Reactor.ServerRoom]  Starting room 1
2022-08-21 06:03:02.0080 [INFO; Root]  Sending client updates every 2 frames
2022-08-21 06:03:02.0080 [INFO; Root]  Attempting to sync simulation time to match elapsed time.
2022-08-21 06:03:02.0085 [INFO; Root]  Opening TCP port 8000
