2022-08-07 19:55:20.7792 [INFO; Reactor.Server]  Loaded KSServerRuntime.Local.dll
2022-08-07 19:55:20.7892 [INFO; Root]  Loaded config.json
2022-08-07 19:55:20.7897 [INFO; Root]  Loaded config.GameScene.json
2022-08-07 19:55:20.7952 [INFO; Root]  KinematicSoup Technologies Inc.
2022-08-07 19:55:20.7952 [INFO; Root]  Reactor Server v0.10.0
2022-08-07 19:55:20.7952 [DEBUG; Root]  Could not open model file: model.bin. Compression will use the default model for sync transforms, and dynamic models for update transforms.
2022-08-07 19:55:20.7967 [INFO; Reactor.Server]  Missing API configuration. PlayerAPI features disabled.
2022-08-07 19:55:20.8082 [DEBUG; Root]  Loading Asset Scripts
2022-08-07 19:55:20.8107 [DEBUG; Root]  Loading Room Configs
2022-08-07 19:55:20.8152 [DEBUG; Root]  Initializing PhysX
2022-08-07 19:55:20.8292 [DEBUG; Root]  Loading PhysX geometry
2022-08-07 19:55:20.8397 [INFO; Root]  Loaded 7 geometries
2022-08-07 19:55:20.8402 [INFO; Root]  Loaded 2 geometries
2022-08-07 19:55:20.8402 [DEBUG; Root]  Loading entity prefabs
2022-08-07 19:55:20.8547 [INFO; Root]  Loaded 5 entity prefabs
2022-08-07 19:55:20.8547 [DEBUG; Root]  Loading entity instances
2022-08-07 19:55:20.8732 [DEBUG; Root]  Initializing scripts
2022-08-07 19:55:20.8817 [DEBUG; Root]  Room setup complete
2022-08-07 19:55:20.8822 [INFO; Reactor.ServerRoom]  Starting room 1
2022-08-07 19:55:20.8822 [INFO; Root]  Sending client updates every 2 frames
2022-08-07 19:55:20.8822 [INFO; Root]  Attempting to sync simulation time to match elapsed time.
2022-08-07 19:55:20.8827 [INFO; Root]  Opening TCP port 8000
