2022-08-08 05:40:10.2039 [INFO; Reactor.Server]  Loaded KSServerRuntime.Local.dll
2022-08-08 05:40:10.2139 [INFO; Root]  Loaded config.json
2022-08-08 05:40:10.2144 [INFO; Root]  Loaded config.GameScene.json
2022-08-08 05:40:10.2194 [INFO; Root]  KinematicSoup Technologies Inc.
2022-08-08 05:40:10.2194 [INFO; Root]  Reactor Server v0.10.0
2022-08-08 05:40:10.2194 [DEBUG; Root]  Could not open model file: model.bin. Compression will use the default model for sync transforms, and dynamic models for update transforms.
2022-08-08 05:40:10.2204 [INFO; Reactor.Server]  Missing API configuration. PlayerAPI features disabled.
2022-08-08 05:40:10.2304 [DEBUG; Root]  Loading Asset Scripts
2022-08-08 05:40:10.2329 [DEBUG; Root]  Loading Room Configs
2022-08-08 05:40:10.2369 [DEBUG; Root]  Initializing PhysX
2022-08-08 05:40:10.2504 [DEBUG; Root]  Loading PhysX geometry
2022-08-08 05:40:10.2614 [INFO; Root]  Loaded 7 geometries
2022-08-08 05:40:10.2624 [INFO; Root]  Loaded 2 geometries
2022-08-08 05:40:10.2624 [DEBUG; Root]  Loading entity prefabs
2022-08-08 05:40:10.2764 [INFO; Root]  Loaded 5 entity prefabs
2022-08-08 05:40:10.2764 [DEBUG; Root]  Loading entity instances
2022-08-08 05:40:10.2939 [DEBUG; Root]  Initializing scripts
2022-08-08 05:40:10.3019 [DEBUG; Root]  Room setup complete
2022-08-08 05:40:10.3024 [INFO; Reactor.ServerRoom]  Starting room 1
2022-08-08 05:40:10.3024 [INFO; Root]  Sending client updates every 2 frames
2022-08-08 05:40:10.3024 [INFO; Root]  Attempting to sync simulation time to match elapsed time.
2022-08-08 05:40:10.3024 [INFO; Root]  Opening TCP port 8000
