2022-08-11 10:36:04.6612 [INFO; Reactor.Server]  Loaded KSServerRuntime.Local.dll
2022-08-11 10:36:04.6692 [INFO; Root]  Loaded config.json
2022-08-11 10:36:04.6692 [INFO; Root]  Loaded config.GameScene.json
2022-08-11 10:36:04.6743 [INFO; Root]  KinematicSoup Technologies Inc.
2022-08-11 10:36:04.6743 [INFO; Root]  Reactor Server v0.10.0
2022-08-11 10:36:04.6743 [DEBUG; Root]  Could not open model file: model.bin. Compression will use the default model for sync transforms, and dynamic models for update transforms.
2022-08-11 10:36:04.6752 [INFO; Reactor.Server]  Missing API configuration. PlayerAPI features disabled.
2022-08-11 10:36:04.6837 [DEBUG; Root]  Loading Asset Scripts
2022-08-11 10:36:04.6858 [DEBUG; Root]  Loading Room Configs
2022-08-11 10:36:04.6892 [DEBUG; Root]  Initializing PhysX
2022-08-11 10:36:04.7008 [DEBUG; Root]  Loading PhysX geometry
2022-08-11 10:36:04.7097 [INFO; Root]  Loaded 8 geometries
2022-08-11 10:36:04.7102 [INFO; Root]  Loaded 2 geometries
2022-08-11 10:36:04.7102 [DEBUG; Root]  Loading entity prefabs
2022-08-11 10:36:04.7227 [INFO; Root]  Loaded 5 entity prefabs
2022-08-11 10:36:04.7227 [DEBUG; Root]  Loading entity instances
2022-08-11 10:36:04.7393 [DEBUG; Root]  Initializing scripts
2022-08-11 10:36:04.7463 [DEBUG; Root]  Room setup complete
2022-08-11 10:36:04.7467 [INFO; Reactor.ServerRoom]  Starting room 1
2022-08-11 10:36:04.7467 [INFO; Root]  Sending client updates every 2 frames
2022-08-11 10:36:04.7467 [INFO; Root]  Attempting to sync simulation time to match elapsed time.
2022-08-11 10:36:04.7467 [INFO; Root]  Opening TCP port 8000
2022-08-11 10:36:11.0630 [INFO; Root]  Client(id = 1, address = 127.0.0.1) connected
2022-08-11 10:36:11.0660 [DEBUG; Root]  Client(id = 1, address = 127.0.0.1) model validated
2022-08-11 10:36:11.0830 [DEBUG; Root]  Client(id = 1, address = 127.0.0.1) authenticated
2022-08-11 10:36:11.1030 [INFO; Root]  Player False joined
2022-08-11 10:36:12.9420 [INFO; Root]  Client(id = 2, address = 127.0.0.1) connected
2022-08-11 10:36:12.9450 [DEBUG; Root]  Client(id = 2, address = 127.0.0.1) model validated
2022-08-11 10:36:12.9485 [DEBUG; Root]  Client(id = 2, address = 127.0.0.1) authenticated
2022-08-11 10:36:12.9585 [INFO; Root]  Player False joined
2022-08-11 10:36:14.1345 [INFO; Root]  RPC RECEIVED True and 2
2022-08-11 10:36:14.1345 [INFO; Root]  HeheTrue
2022-08-11 10:36:14.9115 [INFO; Root]  RPC RECEIVED True and 1
2022-08-11 10:36:14.9115 [INFO; Root]  HeheTrue
2022-08-11 10:36:14.9115 [INFO; Root]  Start Match!
2022-08-11 10:36:14.9205 [INFO; Root]  Property Set
2022-08-11 10:36:14.9230 [INFO; Root]  5
2022-08-11 10:36:14.9240 [INFO; Root]  Property Set
2022-08-11 10:36:14.9240 [INFO; Root]  6
2022-08-11 10:36:16.4040 [INFO; Root]  server received request to spawn = 2
2022-08-11 10:36:18.1820 [INFO; Root]  server received request to spawn = 1
2022-08-11 10:36:18.1990 [INFO; Root]  Shooter
2022-08-11 10:36:18.7405 [INFO; Root]  Hivemind
2022-08-11 10:36:19.0190 [INFO; Root]  Shooter
2022-08-11 10:36:19.3755 [INFO; Root]  Hivemind
2022-08-11 10:36:19.8410 [INFO; Root]  Shooter
2022-08-11 10:36:20.0110 [INFO; Root]  server received request to spawn = 3
2022-08-11 10:36:20.0270 [INFO; Root]  Shooter
2022-08-11 10:36:20.0270 [INFO; Root]  Hivemind
2022-08-11 10:36:20.2745 [INFO; Root]  Hivemind
2022-08-11 10:36:20.6625 [INFO; Root]  Shooter
2022-08-11 10:36:20.7705 [INFO; Root]  Hivemind
2022-08-11 10:36:20.8325 [INFO; Root]  Shooter
2022-08-11 10:36:20.8945 [INFO; Root]  Shooter
2022-08-11 10:36:21.2980 [INFO; Root]  Hivemind
2022-08-11 10:36:21.3005 [INFO; Root]  here1
2022-08-11 10:36:21.3005 [INFO; Root]  here1
2022-08-11 10:36:22.7695 [INFO; Root]  Obstacles
2022-08-11 10:36:29.2650 [INFO; Root]  Client(id = 1, address = 127.0.0.1) disconnected: 2-End of file
2022-08-11 10:36:29.2960 [INFO; Root]  Player 1 left
2022-08-11 10:36:30.2855 [INFO; Root]  Client(id = 2, address = 127.0.0.1) disconnected: 2-End of file
2022-08-11 10:36:30.2870 [INFO; Root]  Player 2 left
