2022-08-09 06:17:52.0533 [INFO; Reactor.Server]  Loaded KSServerRuntime.Local.dll
2022-08-09 06:17:52.0618 [INFO; Root]  Loaded config.json
2022-08-09 06:17:52.0623 [INFO; Root]  Loaded config.GameScene.json
2022-08-09 06:17:52.0668 [INFO; Root]  KinematicSoup Technologies Inc.
2022-08-09 06:17:52.0668 [INFO; Root]  Reactor Server v0.10.0
2022-08-09 06:17:52.0668 [DEBUG; Root]  Could not open model file: model.bin. Compression will use the default model for sync transforms, and dynamic models for update transforms.
2022-08-09 06:17:52.0678 [INFO; Reactor.Server]  Missing API configuration. PlayerAPI features disabled.
2022-08-09 06:17:52.0763 [DEBUG; Root]  Loading Asset Scripts
2022-08-09 06:17:52.0783 [DEBUG; Root]  Loading Room Configs
2022-08-09 06:17:52.0823 [DEBUG; Root]  Initializing PhysX
2022-08-09 06:17:52.0953 [DEBUG; Root]  Loading PhysX geometry
2022-08-09 06:17:52.1053 [INFO; Root]  Loaded 7 geometries
2022-08-09 06:17:52.1053 [INFO; Root]  Loaded 2 geometries
2022-08-09 06:17:52.1053 [DEBUG; Root]  Loading entity prefabs
2022-08-09 06:17:52.1178 [INFO; Root]  Loaded 5 entity prefabs
2022-08-09 06:17:52.1178 [DEBUG; Root]  Loading entity instances
2022-08-09 06:17:52.1333 [DEBUG; Root]  Initializing scripts
2022-08-09 06:17:52.1408 [DEBUG; Root]  Room setup complete
2022-08-09 06:17:52.1408 [INFO; Reactor.ServerRoom]  Starting room 1
2022-08-09 06:17:52.1408 [INFO; Root]  Sending client updates every 2 frames
2022-08-09 06:17:52.1408 [INFO; Root]  Attempting to sync simulation time to match elapsed time.
2022-08-09 06:17:52.1413 [INFO; Root]  Opening TCP port 8000
