2022-08-23 06:10:46.3279 [INFO; Reactor.Server]  Loaded KSServerRuntime.Local.dll
2022-08-23 06:10:46.3364 [INFO; Root]  Loaded config.json
2022-08-23 06:10:46.3369 [INFO; Root]  Loaded config.GameScene.json
2022-08-23 06:10:46.3419 [INFO; Root]  KinematicSoup Technologies Inc.
2022-08-23 06:10:46.3419 [INFO; Root]  Reactor Server v0.10.0
2022-08-23 06:10:46.3419 [DEBUG; Root]  Could not open model file: model.bin. Compression will use the default model for sync transforms, and dynamic models for update transforms.
2022-08-23 06:10:46.3429 [INFO; Reactor.Server]  Missing API configuration. PlayerAPI features disabled.
2022-08-23 06:10:46.3519 [DEBUG; Root]  Loading Asset Scripts
2022-08-23 06:10:46.3554 [DEBUG; Root]  Loading Room Configs
2022-08-23 06:10:46.3594 [DEBUG; Root]  Initializing PhysX
2022-08-23 06:10:46.3714 [DEBUG; Root]  Loading PhysX geometry
2022-08-23 06:10:46.3809 [INFO; Root]  Loaded 8 geometries
2022-08-23 06:10:46.3809 [INFO; Root]  Loaded 3 geometries
2022-08-23 06:10:46.3809 [DEBUG; Root]  Loading entity prefabs
2022-08-23 06:10:46.3949 [INFO; Root]  Loaded 5 entity prefabs
2022-08-23 06:10:46.3949 [DEBUG; Root]  Loading entity instances
2022-08-23 06:10:46.4079 [DEBUG; Root]  Initializing scripts
2022-08-23 06:10:46.4154 [DEBUG; Root]  Room setup complete
2022-08-23 06:10:46.4159 [INFO; Reactor.ServerRoom]  Starting room 1
2022-08-23 06:10:46.4159 [INFO; Root]  Sending client updates every 2 frames
2022-08-23 06:10:46.4159 [INFO; Root]  Attempting to sync simulation time to match elapsed time.
2022-08-23 06:10:46.4164 [INFO; Root]  Opening TCP port 8000
2022-08-23 06:10:50.6340 [INFO; Root]  Client(id = 1, address = 127.0.0.1) connected
2022-08-23 06:10:50.6370 [DEBUG; Root]  Client(id = 1, address = 127.0.0.1) model validated
2022-08-23 06:10:50.6510 [DEBUG; Root]  Client(id = 1, address = 127.0.0.1) authenticated
2022-08-23 06:10:50.6705 [INFO; Root]  Player False joined
2022-08-23 06:10:57.4485 [INFO; Root]  20
2022-08-23 06:10:59.4510 [INFO; Root]  0
2022-08-23 06:11:00.7340 [INFO; Root]  Client(id = 1, address = 127.0.0.1) disconnected: 2-End of file
2022-08-23 06:11:00.7380 [INFO; Root]  Player 1 left
