2022-11-01 06:12:47.4511 [INFO; Root]  KinematicSoup Technologies Inc.
2022-11-01 06:12:47.4556 [INFO; Root]  Reactor Server v0.10.1
2022-11-01 06:12:47.5227 [WARNING; Reactor.Server]  Error parsing model file 'model.bin'. Defaulting to dynmaic model generation.
2022-11-01 06:12:47.5268 [INFO; Reactor.Server]  Missing API configuration. PlayerAPI features disabled.
2022-11-01 06:12:47.5383 [DEBUG; Root]  Loading Asset Scripts
2022-11-01 06:12:47.5413 [DEBUG; Root]  Loading Room Configs
2022-11-01 06:12:47.5458 [DEBUG; Root]  Initializing PhysX
2022-11-01 06:12:47.5605 [DEBUG; Root]  Loading PhysX geometry
2022-11-01 06:12:47.5635 [INFO; Root]  Loaded 8 geometries
2022-11-01 06:12:47.5640 [INFO; Root]  Loaded 2 geometries
2022-11-01 06:12:47.5640 [DEBUG; Root]  Loading entity prefabs
2022-11-01 06:12:47.5775 [INFO; Root]  Loaded 5 entity prefabs
2022-11-01 06:12:47.5775 [DEBUG; Root]  Loading entity instances
2022-11-01 06:12:47.5911 [DEBUG; Root]  Initializing scripts
2022-11-01 06:12:47.5996 [DEBUG; Root]  Room setup complete
2022-11-01 06:12:47.5996 [INFO; Reactor.ServerRoom]  Starting room 1
2022-11-01 06:12:47.5996 [INFO; Root]  Sending client updates every 2 frames
2022-11-01 06:12:47.5996 [INFO; Root]  Attempting to sync simulation time to match elapsed time.
2022-11-01 06:12:47.6001 [INFO; Root]  Opening TCP port 8000
2022-11-01 06:12:51.6579 [INFO; Root]  Client(id = 1, address = 127.0.0.1:60687) connected
2022-11-01 06:12:51.6609 [DEBUG; Root]  Client(id = 1, address = 127.0.0.1:60687) model validated
2022-11-01 06:12:51.6754 [DEBUG; Root]  Client(id = 1, address = 127.0.0.1:60687) authenticated
2022-11-01 06:12:51.6875 [INFO; Root]  Player False joined
2022-11-01 06:12:53.0378 [INFO; Root]  20
2022-11-01 06:12:55.1835 [INFO; Root]  OnOverlap
2022-11-01 06:12:55.8976 [INFO; Root]  OnOverlap
2022-11-01 06:12:58.4579 [INFO; Root]  OnOverlap
2022-11-01 06:12:59.3419 [INFO; Root]  OnOverlap
2022-11-01 06:13:01.0518 [INFO; Root]  OnOverlap
2022-11-01 06:13:03.0710 [INFO; Root]  OnOverlap
2022-11-01 06:13:03.6778 [INFO; Root]  OnOverlap
2022-11-01 06:13:04.0098 [INFO; Root]  Client(id = 1, address = 127.0.0.1:60687) disconnected: 2-End of file
2022-11-01 06:13:04.0203 [INFO; Root]  Player 1 left
