2022-08-16 15:47:10.3143 [INFO; Reactor.Server]  Loaded KSServerRuntime.Local.dll
2022-08-16 15:47:10.3579 [INFO; Root]  Loaded config.json
2022-08-16 15:47:10.3593 [INFO; Root]  Loaded config.GameScene.json
2022-08-16 15:47:10.3729 [INFO; Root]  KinematicSoup Technologies Inc.
2022-08-16 15:47:10.3729 [INFO; Root]  Reactor Server v0.10.0
2022-08-16 15:47:10.3739 [DEBUG; Root]  Could not open model file: model.bin. Compression will use the default model for sync transforms, and dynamic models for update transforms.
2022-08-16 15:47:10.3769 [INFO; Reactor.Server]  Missing API configuration. PlayerAPI features disabled.
2022-08-16 15:47:10.3974 [DEBUG; Root]  Loading Asset Scripts
2022-08-16 15:47:10.4024 [DEBUG; Root]  Loading Room Configs
2022-08-16 15:47:10.4111 [DEBUG; Root]  Initializing PhysX
2022-08-16 15:47:10.4379 [DEBUG; Root]  Loading PhysX geometry
2022-08-16 15:47:10.4548 [INFO; Root]  Loaded 8 geometries
2022-08-16 15:47:10.4558 [INFO; Root]  Loaded 2 geometries
2022-08-16 15:47:10.4558 [DEBUG; Root]  Loading entity prefabs
2022-08-16 15:47:10.4749 [INFO; Root]  Loaded 5 entity prefabs
2022-08-16 15:47:10.4749 [DEBUG; Root]  Loading entity instances
2022-08-16 15:47:10.5007 [DEBUG; Root]  Initializing scripts
2022-08-16 15:47:10.5108 [DEBUG; Root]  Room setup complete
2022-08-16 15:47:10.5117 [INFO; Reactor.ServerRoom]  Starting room 1
2022-08-16 15:47:10.5117 [INFO; Root]  Sending client updates every 2 frames
2022-08-16 15:47:10.5117 [INFO; Root]  Attempting to sync simulation time to match elapsed time.
2022-08-16 15:47:10.5127 [INFO; Root]  Opening TCP port 8000
2022-08-16 15:47:17.0765 [INFO; Root]  Client(id = 1, address = 10.6.167.25) connected
2022-08-16 15:47:17.0852 [DEBUG; Root]  Client(id = 1, address = 10.6.167.25) model validated
2022-08-16 15:47:17.1335 [DEBUG; Root]  Client(id = 1, address = 10.6.167.25) authenticated
2022-08-16 15:47:17.1640 [INFO; Root]  Player False joined
2022-08-16 15:47:17.4782 [INFO; Root]  RPC RECEIVED True and 1
2022-08-16 15:47:17.4782 [INFO; Root]  HeheTrue
2022-08-16 15:47:17.4962 [INFO; Root]  Start Match!
2022-08-16 15:47:17.5242 [INFO; Root]  Here 
2022-08-16 15:47:17.5348 [INFO; Root]  Request to take control of unit passed
2022-08-16 15:47:17.5418 [INFO; Root]  5
2022-08-16 15:47:20.1297 [INFO; Root]  server received request to spawn = 1
2022-08-16 15:47:20.1457 [INFO; Root]  Collision StartedTrue   False
2022-08-16 15:47:20.7468 [INFO; Root]  server received request to spawn = 0
2022-08-16 15:47:23.0463 [INFO; Root]  server received request to spawn = 1
2022-08-16 15:47:23.0503 [INFO; Root]  Reactor.ServerEntity
2022-08-16 15:47:23.0531 [INFO; Root]  Reactor.ServerEntity
2022-08-16 15:47:23.5459 [INFO; Root]  Request to take control of unit passed
2022-08-16 15:47:24.7631 [INFO; Root]  Collision StartedTrue   False
2022-08-16 15:47:25.0493 [INFO; Root]  Debug Destroyed
2022-08-16 15:47:28.5970 [INFO; Root]  Collision StartedTrue   False
2022-08-16 15:47:30.0792 [INFO; Root]  Request to take control of unit passed
2022-08-16 15:47:31.1034 [INFO; Root]  Client(id = 1, address = 10.6.167.25) disconnected: 2-End of file
2022-08-16 15:47:31.1139 [INFO; Root]  Player 1 left
