2022-08-14 06:04:05.5538 [INFO; Reactor.Server]  Loaded KSServerRuntime.Local.dll
2022-08-14 06:04:05.5623 [INFO; Root]  Loaded config.json
2022-08-14 06:04:05.5628 [INFO; Root]  Loaded config.GameScene.json
2022-08-14 06:04:05.5678 [INFO; Root]  KinematicSoup Technologies Inc.
2022-08-14 06:04:05.5678 [INFO; Root]  Reactor Server v0.10.0
2022-08-14 06:04:05.5678 [DEBUG; Root]  Could not open model file: model.bin. Compression will use the default model for sync transforms, and dynamic models for update transforms.
2022-08-14 06:04:05.5688 [INFO; Reactor.Server]  Missing API configuration. PlayerAPI features disabled.
2022-08-14 06:04:05.5768 [DEBUG; Root]  Loading Asset Scripts
2022-08-14 06:04:05.5793 [DEBUG; Root]  Loading Room Configs
2022-08-14 06:04:05.5828 [DEBUG; Root]  Initializing PhysX
2022-08-14 06:04:05.5938 [DEBUG; Root]  Loading PhysX geometry
2022-08-14 06:04:05.6038 [INFO; Root]  Loaded 8 geometries
2022-08-14 06:04:05.6038 [INFO; Root]  Loaded 2 geometries
2022-08-14 06:04:05.6038 [DEBUG; Root]  Loading entity prefabs
2022-08-14 06:04:05.6193 [INFO; Root]  Loaded 5 entity prefabs
2022-08-14 06:04:05.6193 [DEBUG; Root]  Loading entity instances
2022-08-14 06:04:05.6393 [DEBUG; Root]  Initializing scripts
2022-08-14 06:04:05.6478 [DEBUG; Root]  Room setup complete
2022-08-14 06:04:05.6483 [INFO; Reactor.ServerRoom]  Starting room 1
2022-08-14 06:04:05.6483 [INFO; Root]  Sending client updates every 2 frames
2022-08-14 06:04:05.6483 [INFO; Root]  Attempting to sync simulation time to match elapsed time.
2022-08-14 06:04:05.6488 [INFO; Root]  Opening TCP port 8000
