2022-11-02 16:22:41.9590 [INFO; Reactor.Server]  Loaded KSServerRuntime.Local.dll
2022-11-02 16:22:41.9781 [INFO; Root]  Loaded config.json
2022-11-02 16:22:41.9781 [INFO; Root]  Loaded config.GameScene.json
2022-11-02 16:22:41.9882 [INFO; Root]  KinematicSoup Technologies Inc.
2022-11-02 16:22:41.9882 [INFO; Root]  Reactor Server v0.10.0
2022-11-02 16:22:41.9882 [DEBUG; Root]  Could not open model file: model.bin. Compression will use the default model for sync transforms, and dynamic models for update transforms.
2022-11-02 16:22:41.9902 [INFO; Reactor.Server]  Missing API configuration. PlayerAPI features disabled.
2022-11-02 16:22:42.0067 [DEBUG; Root]  Loading Asset Scripts
2022-11-02 16:22:42.0110 [DEBUG; Root]  Loading Room Configs
2022-11-02 16:22:42.0180 [DEBUG; Root]  Initializing PhysX
2022-11-02 16:22:42.0448 [DEBUG; Root]  Loading PhysX geometry
2022-11-02 16:22:42.0725 [INFO; Root]  Loaded 7 geometries
2022-11-02 16:22:42.0745 [INFO; Root]  Loaded 2 geometries
2022-11-02 16:22:42.0745 [DEBUG; Root]  Loading entity prefabs
2022-11-02 16:22:42.0987 [INFO; Root]  Loaded 5 entity prefabs
2022-11-02 16:22:42.0987 [DEBUG; Root]  Loading entity instances
2022-11-02 16:22:42.1216 [DEBUG; Root]  Initializing scripts
2022-11-02 16:22:42.1312 [DEBUG; Root]  Room setup complete
2022-11-02 16:22:42.1322 [INFO; Reactor.ServerRoom]  Starting room 1
2022-11-02 16:22:42.1322 [INFO; Root]  Sending client updates every 2 frames
2022-11-02 16:22:42.1322 [INFO; Root]  Attempting to sync simulation time to match elapsed time.
2022-11-02 16:22:42.1332 [INFO; Root]  Opening TCP port 8000
2022-11-02 16:22:44.8324 [INFO; Root]  Client(id = 1, address = 10.6.167.36) connected
2022-11-02 16:22:44.8334 [DEBUG; Root]  Client(id = 1, address = 10.6.167.36) model validated
2022-11-02 16:22:44.8631 [DEBUG; Root]  Client(id = 1, address = 10.6.167.36) authenticated
2022-11-02 16:22:44.8789 [INFO; Root]  Player False joined
2022-11-02 16:22:46.0460 [INFO; Root]  20
2022-11-02 16:22:52.1749 [INFO; Root]  Client(id = 1, address = 10.6.167.36) disconnected: 2-End of file
2022-11-02 16:22:52.1864 [INFO; Root]  Player 1 left
