2022-08-22 05:49:57.6353 [INFO; Reactor.Server]  Loaded KSServerRuntime.Local.dll
2022-08-22 05:49:57.6448 [INFO; Root]  Loaded config.json
2022-08-22 05:49:57.6448 [INFO; Root]  Loaded config.GameScene.json
2022-08-22 05:49:57.6498 [INFO; Root]  KinematicSoup Technologies Inc.
2022-08-22 05:49:57.6498 [INFO; Root]  Reactor Server v0.10.0
2022-08-22 05:49:57.6498 [DEBUG; Root]  Could not open model file: model.bin. Compression will use the default model for sync transforms, and dynamic models for update transforms.
2022-08-22 05:49:57.6508 [INFO; Reactor.Server]  Missing API configuration. PlayerAPI features disabled.
2022-08-22 05:49:57.6588 [DEBUG; Root]  Loading Asset Scripts
2022-08-22 05:49:57.6613 [DEBUG; Root]  Loading Room Configs
2022-08-22 05:49:57.6648 [DEBUG; Root]  Initializing PhysX
2022-08-22 05:49:57.6778 [DEBUG; Root]  Loading PhysX geometry
2022-08-22 05:49:57.6888 [INFO; Root]  Loaded 8 geometries
2022-08-22 05:49:57.6898 [INFO; Root]  Loaded 3 geometries
2022-08-22 05:49:57.6898 [DEBUG; Root]  Loading entity prefabs
2022-08-22 05:49:57.7048 [INFO; Root]  Loaded 5 entity prefabs
2022-08-22 05:49:57.7048 [DEBUG; Root]  Loading entity instances
2022-08-22 05:49:57.7178 [DEBUG; Root]  Initializing scripts
2022-08-22 05:49:57.7243 [DEBUG; Root]  Room setup complete
2022-08-22 05:49:57.7243 [INFO; Reactor.ServerRoom]  Starting room 1
2022-08-22 05:49:57.7243 [INFO; Root]  Sending client updates every 2 frames
2022-08-22 05:49:57.7243 [INFO; Root]  Attempting to sync simulation time to match elapsed time.
2022-08-22 05:49:57.7248 [INFO; Root]  Opening TCP port 8000
2022-08-22 05:50:02.2011 [INFO; Root]  Client(id = 1, address = 127.0.0.1) connected
2022-08-22 05:50:02.2041 [DEBUG; Root]  Client(id = 1, address = 127.0.0.1) model validated
2022-08-22 05:50:02.2181 [DEBUG; Root]  Client(id = 1, address = 127.0.0.1) authenticated
2022-08-22 05:50:02.2286 [INFO; Root]  Player False joined
2022-08-22 05:50:04.6523 [INFO; Root]  Client(id = 2, address = 127.0.0.1) connected
2022-08-22 05:50:04.6553 [DEBUG; Root]  Client(id = 2, address = 127.0.0.1) model validated
2022-08-22 05:50:04.6583 [DEBUG; Root]  Client(id = 2, address = 127.0.0.1) authenticated
2022-08-22 05:50:04.6703 [INFO; Root]  Player False joined
2022-08-22 05:50:04.8017 [INFO; Root]  RPC RECEIVED True and 2
2022-08-22 05:50:04.8017 [INFO; Root]  HeheTrue
2022-08-22 05:50:06.2975 [INFO; Root]  RPC RECEIVED True and 1
2022-08-22 05:50:06.2975 [INFO; Root]  HeheTrue
2022-08-22 05:50:06.3125 [INFO; Root]  20
2022-08-22 05:50:06.3195 [INFO; Root]  20
2022-08-22 05:50:11.6638 [INFO; Root]  server received request to spawn = 0
2022-08-22 05:50:11.6648 [INFO; Root]  5
2022-08-22 05:50:11.6673 [INFO; Root]  Reactor.ServerEntity
2022-08-22 05:50:11.8302 [INFO; Root]  server received request to spawn = 0
2022-08-22 05:50:11.8302 [INFO; Root]  5
2022-08-22 05:50:11.8307 [INFO; Root]  Reactor.ServerEntity
2022-08-22 05:50:11.8307 [INFO; Root]  Reactor.ServerEntity
2022-08-22 05:50:11.8307 [INFO; Root]  Reactor.ServerEntity
2022-08-22 05:50:11.9697 [INFO; Root]  server received request to spawn = 0
2022-08-22 05:50:11.9697 [INFO; Root]  5
2022-08-22 05:50:11.9702 [INFO; Root]  Reactor.ServerEntity
2022-08-22 05:50:11.9702 [INFO; Root]  Reactor.ServerEntity
2022-08-22 05:50:11.9702 [INFO; Root]  Reactor.ServerEntity
2022-08-22 05:50:11.9702 [INFO; Root]  Reactor.ServerEntity
2022-08-22 05:50:11.9702 [INFO; Root]  Reactor.ServerEntity
2022-08-22 05:50:11.9702 [INFO; Root]  Reactor.ServerEntity
2022-08-22 05:50:12.0937 [INFO; Root]  server received request to spawn = 0
2022-08-22 05:50:12.0937 [INFO; Root]  5
2022-08-22 05:50:12.0942 [INFO; Root]  Reactor.ServerEntity
2022-08-22 05:50:12.0942 [INFO; Root]  Reactor.ServerEntity
2022-08-22 05:50:12.0942 [INFO; Root]  Reactor.ServerEntity
2022-08-22 05:50:12.0942 [INFO; Root]  Reactor.ServerEntity
2022-08-22 05:50:12.0942 [INFO; Root]  Reactor.ServerEntity
2022-08-22 05:50:12.0942 [INFO; Root]  Reactor.ServerEntity
2022-08-22 05:50:12.0942 [INFO; Root]  Reactor.ServerEntity
2022-08-22 05:50:12.7911 [INFO; Root]  server received request to spawn = 0
2022-08-22 05:50:12.7916 [INFO; Root]  5
2022-08-22 05:50:12.7946 [INFO; Root]  Reactor.ServerEntity
2022-08-22 05:50:12.7951 [INFO; Root]  Collision StartedTrue   False
2022-08-22 05:50:12.8066 [INFO; Root]  applying damage
2022-08-22 05:50:12.8071 [INFO; Root]  19
2022-08-22 05:50:13.5195 [INFO; Root]  Reactor.ServerEntity
2022-08-22 05:50:13.5195 [INFO; Root]  Reactor.ServerEntity
2022-08-22 05:50:13.5530 [INFO; Root]  applying damage
2022-08-22 05:50:13.5530 [INFO; Root]  18
2022-08-22 05:50:13.6900 [INFO; Root]  Reactor.ServerEntity
2022-08-22 05:50:13.9224 [INFO; Root]  Reactor.ServerEntity
2022-08-22 05:50:13.9224 [INFO; Root]  Reactor.ServerEntity
2022-08-22 05:50:14.0934 [INFO; Root]  collision Lost
2022-08-22 05:50:14.2479 [INFO; Root]  Reactor.ServerEntity
2022-08-22 05:50:14.2789 [INFO; Root]  Reactor.ServerEntity
2022-08-22 05:50:14.4184 [INFO; Root]  Reactor.ServerEntity
2022-08-22 05:50:14.4493 [INFO; Root]  applying damage
2022-08-22 05:50:14.4493 [INFO; Root]  17
2022-08-22 05:50:14.8988 [INFO; Root]  Reactor.ServerEntity
2022-08-22 05:50:14.9763 [INFO; Root]  Reactor.ServerEntity
2022-08-22 05:50:15.1467 [INFO; Root]  Reactor.ServerEntity
2022-08-22 05:50:15.4102 [INFO; Root]  applying damage
2022-08-22 05:50:15.4102 [INFO; Root]  16
2022-08-22 05:50:15.7822 [INFO; Root]  applying damage
2022-08-22 05:50:15.7822 [INFO; Root]  4
2022-08-22 05:50:16.2471 [INFO; Root]  applying damage
2022-08-22 05:50:16.2471 [INFO; Root]  3
2022-08-22 05:50:16.2781 [INFO; Root]  applying damage
2022-08-22 05:50:16.2781 [INFO; Root]  2
2022-08-22 05:50:16.3866 [INFO; Root]  applying damage
2022-08-22 05:50:16.3866 [INFO; Root]  1
2022-08-22 05:50:16.4796 [INFO; Root]  applying damage
2022-08-22 05:50:16.4796 [INFO; Root]  0
2022-08-22 05:50:16.6190 [INFO; Root]  Reactor.ServerEntity
2022-08-22 05:50:25.7162 [INFO; Root]  server received request to spawn = 1
2022-08-22 05:50:25.7162 [INFO; Root]  5
2022-08-22 05:50:25.7167 [INFO; Root]  Reactor.ServerEntity
2022-08-22 05:50:25.9022 [INFO; Root]  server received request to spawn = 1
2022-08-22 05:50:25.9022 [INFO; Root]  5
2022-08-22 05:50:25.9027 [INFO; Root]  Reactor.ServerEntity
2022-08-22 05:50:25.9027 [INFO; Root]  Reactor.ServerEntity
2022-08-22 05:50:25.9027 [INFO; Root]  Reactor.ServerEntity
2022-08-22 05:50:26.0417 [INFO; Root]  server received request to spawn = 1
2022-08-22 05:50:26.0417 [INFO; Root]  5
2022-08-22 05:50:26.0422 [INFO; Root]  Reactor.ServerEntity
2022-08-22 05:50:26.0422 [INFO; Root]  Reactor.ServerEntity
2022-08-22 05:50:26.0422 [INFO; Root]  Reactor.ServerEntity
2022-08-22 05:50:26.0422 [INFO; Root]  Reactor.ServerEntity
2022-08-22 05:50:26.0422 [INFO; Root]  Reactor.ServerEntity
2022-08-22 05:50:26.1656 [INFO; Root]  server received request to spawn = 1
2022-08-22 05:50:26.1656 [INFO; Root]  5
2022-08-22 05:50:26.1661 [INFO; Root]  Reactor.ServerEntity
2022-08-22 05:50:26.1661 [INFO; Root]  Reactor.ServerEntity
2022-08-22 05:50:26.1661 [INFO; Root]  Reactor.ServerEntity
2022-08-22 05:50:26.1661 [INFO; Root]  Reactor.ServerEntity
2022-08-22 05:50:26.1661 [INFO; Root]  Reactor.ServerEntity
2022-08-22 05:50:26.1661 [INFO; Root]  Reactor.ServerEntity
2022-08-22 05:50:26.1661 [INFO; Root]  Reactor.ServerEntity
2022-08-22 05:50:28.2423 [INFO; Root]  Reactor.ServerEntity
2022-08-22 05:50:28.2428 [INFO; Root]  Reactor.ServerEntity
2022-08-22 05:50:29.0792 [INFO; Root]  Reactor.ServerEntity
2022-08-22 05:50:29.0792 [INFO; Root]  Reactor.ServerEntity
2022-08-22 05:50:29.1722 [INFO; Root]  Reactor.ServerEntity
2022-08-22 05:50:29.1722 [INFO; Root]  Reactor.ServerEntity
2022-08-22 05:50:29.3117 [INFO; Root]  Reactor.ServerEntity
2022-08-22 05:50:29.5906 [INFO; Root]  Reactor.ServerEntity
2022-08-22 05:50:29.8231 [INFO; Root]  Reactor.ServerEntity
2022-08-22 05:50:29.9626 [INFO; Root]  Reactor.ServerEntity
2022-08-22 05:50:29.9626 [INFO; Root]  Reactor.ServerEntity
2022-08-22 05:50:30.1026 [INFO; Root]  applying damage
2022-08-22 05:50:30.1026 [INFO; Root]  19
2022-08-22 05:50:30.1951 [INFO; Root]  Reactor.ServerEntity
2022-08-22 05:50:30.1951 [INFO; Root]  Reactor.ServerEntity
2022-08-22 05:50:30.3345 [INFO; Root]  Reactor.ServerEntity
2022-08-22 05:50:30.3345 [INFO; Root]  Reactor.ServerEntity
2022-08-22 05:50:30.4120 [INFO; Root]  Reactor.ServerEntity
2022-08-22 05:50:30.6295 [INFO; Root]  applying damage
2022-08-22 05:50:30.6295 [INFO; Root]  4
2022-08-22 05:50:30.6600 [INFO; Root]  Reactor.ServerEntity
2022-08-22 05:50:30.6600 [INFO; Root]  Reactor.ServerEntity
2022-08-22 05:50:30.8460 [INFO; Root]  applying damage
2022-08-22 05:50:30.8460 [INFO; Root]  3
2022-08-22 05:50:30.9235 [INFO; Root]  Reactor.ServerEntity
2022-08-22 05:50:30.9235 [INFO; Root]  Reactor.ServerEntity
2022-08-22 05:50:31.0164 [INFO; Root]  applying damage
2022-08-22 05:50:31.0164 [INFO; Root]  2
2022-08-22 05:50:31.0789 [INFO; Root]  applying damage
2022-08-22 05:50:31.0789 [INFO; Root]  18
2022-08-22 05:50:31.0939 [INFO; Root]  Reactor.ServerEntity
2022-08-22 05:50:31.0939 [INFO; Root]  Reactor.ServerEntity
2022-08-22 05:50:31.1714 [INFO; Root]  applying damage
2022-08-22 05:50:31.1714 [INFO; Root]  1
2022-08-22 05:50:31.1869 [INFO; Root]  Reactor.ServerEntity
2022-08-22 05:50:31.3729 [INFO; Root]  Reactor.ServerEntity
2022-08-22 05:50:31.4504 [INFO; Root]  applying damage
2022-08-22 05:50:31.4509 [INFO; Root]  0
2022-08-22 05:50:31.5439 [INFO; Root]  Reactor.ServerEntity
2022-08-22 05:50:31.5439 [INFO; Root]  Reactor.ServerEntity
2022-08-22 05:50:31.6983 [INFO; Root]  Reactor.ServerEntity
2022-08-22 05:50:31.6983 [INFO; Root]  Reactor.ServerEntity
2022-08-22 05:50:31.8068 [INFO; Root]  applying damage
2022-08-22 05:50:31.8068 [INFO; Root]  4
2022-08-22 05:50:31.8378 [INFO; Root]  applying damage
2022-08-22 05:50:31.8378 [INFO; Root]  17
2022-08-22 05:50:31.8848 [INFO; Root]  applying damage
2022-08-22 05:50:31.8848 [INFO; Root]  4
2022-08-22 05:50:31.9618 [INFO; Root]  Reactor.ServerEntity
2022-08-22 05:50:31.9623 [INFO; Root]  Reactor.ServerEntity
2022-08-22 05:50:31.9773 [INFO; Root]  applying damage
2022-08-22 05:50:31.9773 [INFO; Root]  3
2022-08-22 05:50:31.9778 [INFO; Root]  applying damage
2022-08-22 05:50:31.9778 [INFO; Root]  15
2022-08-22 05:50:32.1168 [INFO; Root]  Reactor.ServerEntity
2022-08-22 05:50:32.1168 [INFO; Root]  Reactor.ServerEntity
2022-08-22 05:50:32.2563 [INFO; Root]  Reactor.ServerEntity
2022-08-22 05:50:32.2563 [INFO; Root]  Reactor.ServerEntity
2022-08-22 05:50:32.3028 [INFO; Root]  applying damage
2022-08-22 05:50:32.3028 [INFO; Root]  14
2022-08-22 05:50:32.4422 [INFO; Root]  applying damage
2022-08-22 05:50:32.4427 [INFO; Root]  2
2022-08-22 05:50:32.5197 [INFO; Root]  Reactor.ServerEntity
2022-08-22 05:50:32.5197 [INFO; Root]  Reactor.ServerEntity
2022-08-22 05:50:32.5822 [INFO; Root]  Reactor.ServerEntity
2022-08-22 05:50:32.5822 [INFO; Root]  Reactor.ServerEntity
2022-08-22 05:50:32.6437 [INFO; Root]  applying damage
2022-08-22 05:50:32.6437 [INFO; Root]  1
2022-08-22 05:50:32.6752 [INFO; Root]  applying damage
2022-08-22 05:50:32.6752 [INFO; Root]  13
2022-08-22 05:50:32.7367 [INFO; Root]  applying damage
2022-08-22 05:50:32.7372 [INFO; Root]  3
2022-08-22 05:50:32.8142 [INFO; Root]  applying damage
2022-08-22 05:50:32.8142 [INFO; Root]  12
2022-08-22 05:50:32.8607 [INFO; Root]  Received 1207
2022-08-22 05:50:33.0471 [INFO; Root]  applying damage
2022-08-22 05:50:33.0471 [INFO; Root]  0
2022-08-22 05:50:33.1706 [INFO; Root]  applying damage
2022-08-22 05:50:33.1706 [INFO; Root]  2
2022-08-22 05:50:33.3411 [INFO; Root]  applying damage
2022-08-22 05:50:33.3411 [INFO; Root]  1
2022-08-22 05:50:33.3416 [INFO; Root]  applying damage
2022-08-22 05:50:33.3416 [INFO; Root]  4
2022-08-22 05:50:33.4031 [INFO; Root]  applying damage
2022-08-22 05:50:33.4031 [INFO; Root]  4
2022-08-22 05:50:33.5736 [INFO; Root]  applying damage
2022-08-22 05:50:33.5736 [INFO; Root]  3
2022-08-22 05:50:33.6356 [INFO; Root]  applying damage
2022-08-22 05:50:33.6361 [INFO; Root]  0
2022-08-22 05:50:33.9455 [INFO; Root]  applying damage
2022-08-22 05:50:33.9455 [INFO; Root]  2
2022-08-22 05:50:34.1470 [INFO; Root]  applying damage
2022-08-22 05:50:34.1470 [INFO; Root]  3
2022-08-22 05:50:34.1780 [INFO; Root]  applying damage
2022-08-22 05:50:34.1780 [INFO; Root]  1
2022-08-22 05:50:34.4414 [INFO; Root]  applying damage
2022-08-22 05:50:34.4414 [INFO; Root]  2
2022-08-22 05:50:34.5034 [INFO; Root]  applying damage
2022-08-22 05:50:34.5034 [INFO; Root]  11
2022-08-22 05:50:34.8754 [INFO; Root]  applying damage
2022-08-22 05:50:34.8754 [INFO; Root]  1
2022-08-22 05:50:34.9839 [INFO; Root]  applying damage
2022-08-22 05:50:34.9839 [INFO; Root]  0
2022-08-22 05:50:35.0149 [INFO; Root]  applying damage
2022-08-22 05:50:35.0149 [INFO; Root]  0
2022-08-22 05:50:35.5108 [INFO; Root]  applying damage
2022-08-22 05:50:35.5108 [INFO; Root]  4
2022-08-22 05:50:38.6263 [INFO; Root]  Reactor.ServerEntity
2022-08-22 05:50:38.6263 [INFO; Root]  Reactor.ServerEntity
2022-08-22 05:50:38.6413 [INFO; Root]  Received 1575
2022-08-22 05:50:38.7808 [INFO; Root]  Reactor.ServerEntity
2022-08-22 05:50:38.8738 [INFO; Root]  Reactor.ServerEntity
2022-08-22 05:50:38.8738 [INFO; Root]  Reactor.ServerEntity
2022-08-22 05:50:39.0443 [INFO; Root]  Reactor.ServerEntity
2022-08-22 05:50:39.3387 [INFO; Root]  applying damage
2022-08-22 05:50:39.3387 [INFO; Root]  4
2022-08-22 05:50:39.3387 [INFO; Root]  applying damage
2022-08-22 05:50:39.3392 [INFO; Root]  3
2022-08-22 05:50:39.4187 [INFO; Root]  applying damage
2022-08-22 05:50:39.4187 [INFO; Root]  2
2022-08-22 05:50:39.8812 [INFO; Root]  applying damage
2022-08-22 05:50:39.8812 [INFO; Root]  1
2022-08-22 05:50:39.8817 [INFO; Root]  applying damage
2022-08-22 05:50:39.8817 [INFO; Root]  0
2022-08-22 05:50:40.0051 [INFO; Root]  applying damage
2022-08-22 05:50:40.0051 [INFO; Root]  4
2022-08-22 05:50:41.0435 [INFO; Root]  applying damage
2022-08-22 05:50:41.0440 [INFO; Root]  10
2022-08-22 05:50:42.1438 [INFO; Root]  applying damage
2022-08-22 05:50:42.1438 [INFO; Root]  9
2022-08-22 05:50:43.8796 [INFO; Root]  applying damage
2022-08-22 05:50:43.8796 [INFO; Root]  8
2022-08-22 05:50:44.0346 [INFO; Root]  Reactor.ServerEntity
2022-08-22 05:50:44.0346 [INFO; Root]  Reactor.ServerEntity
2022-08-22 05:50:44.5925 [INFO; Root]  Reactor.ServerEntity
2022-08-22 05:50:44.6390 [INFO; Root]  applying damage
2022-08-22 05:50:44.6390 [INFO; Root]  7
2022-08-22 05:50:45.4448 [INFO; Root]  applying damage
2022-08-22 05:50:45.4448 [INFO; Root]  6
2022-08-22 05:50:45.5378 [INFO; Root]  applying damage
2022-08-22 05:50:45.5378 [INFO; Root]  5
2022-08-22 05:50:46.0028 [INFO; Root]  applying damage
2022-08-22 05:50:46.0028 [INFO; Root]  4
2022-08-22 05:50:46.3127 [INFO; Root]  applying damage
2022-08-22 05:50:46.3127 [INFO; Root]  3
2022-08-22 05:50:46.6382 [INFO; Root]  applying damage
2022-08-22 05:50:46.6382 [INFO; Root]  2
2022-08-22 05:50:47.1341 [INFO; Root]  applying damage
2022-08-22 05:50:47.1341 [INFO; Root]  1
2022-08-22 05:50:47.2736 [INFO; Root]  applying damage
2022-08-22 05:50:47.2736 [INFO; Root]  0
2022-08-22 05:50:49.5518 [INFO; Root]  Reactor.ServerEntity
2022-08-22 05:50:50.5906 [INFO; Root]  Reactor.ServerEntity
2022-08-22 05:50:57.2811 [INFO; Root]  Client(id = 1, address = 127.0.0.1) disconnected: 2-End of file
2022-08-22 05:50:57.2816 [INFO; Root]  Client(id = 2, address = 127.0.0.1) disconnected: 2-End of file
2022-08-22 05:50:57.2861 [INFO; Root]  Player 1 left
2022-08-22 05:50:57.2881 [INFO; Root]  Player 2 left
2022-08-22 05:50:58.3880 [INFO; Root]  Client(id = 3, address = 127.0.0.1) connected
2022-08-22 05:50:58.3880 [DEBUG; Root]  Client(id = 3, address = 127.0.0.1) model validated
2022-08-22 05:50:58.3885 [DEBUG; Root]  Client(id = 3, address = 127.0.0.1) authenticated
2022-08-22 05:50:58.4010 [INFO; Root]  Player False joined
2022-08-22 05:50:59.3568 [INFO; Root]  Client(id = 4, address = 127.0.0.1) connected
2022-08-22 05:50:59.3573 [DEBUG; Root]  Client(id = 4, address = 127.0.0.1) model validated
2022-08-22 05:50:59.3573 [DEBUG; Root]  Client(id = 4, address = 127.0.0.1) authenticated
2022-08-22 05:50:59.3618 [INFO; Root]  Player False joined
2022-08-22 05:51:00.2607 [INFO; Root]  RPC RECEIVED True and 4
2022-08-22 05:51:00.2607 [INFO; Root]  HeheTrue
2022-08-22 05:51:01.3145 [INFO; Root]  RPC RECEIVED True and 3
2022-08-22 05:51:01.3145 [INFO; Root]  HeheTrue
2022-08-22 05:51:01.3145 [INFO; Root]  20
2022-08-22 05:51:01.3145 [INFO; Root]  20
2022-08-22 05:51:05.6074 [INFO; Root]  server received request to spawn = 0
2022-08-22 05:51:05.6074 [INFO; Root]  5
2022-08-22 05:51:05.6084 [INFO; Root]  Collision StartedTrue   False
2022-08-22 05:51:05.7004 [INFO; Root]  collision Lost
2022-08-22 05:51:06.0104 [INFO; Root]  server received request to spawn = 0
2022-08-22 05:51:06.0104 [INFO; Root]  5
2022-08-22 05:51:06.0109 [INFO; Root]  Collision StartedTrue   False
2022-08-22 05:51:06.1189 [INFO; Root]  collision Lost
2022-08-22 05:51:06.3668 [INFO; Root]  server received request to spawn = 0
2022-08-22 05:51:06.3668 [INFO; Root]  5
2022-08-22 05:51:06.3673 [INFO; Root]  Collision StartedTrue   False
2022-08-22 05:51:06.4908 [INFO; Root]  collision Lost
2022-08-22 05:51:07.8856 [INFO; Root]  server received request to spawn = 0
2022-08-22 05:51:07.8856 [INFO; Root]  5
2022-08-22 05:51:07.8861 [INFO; Root]  Reactor.ServerEntity
2022-08-22 05:51:07.8861 [INFO; Root]  Reactor.ServerEntity
2022-08-22 05:51:07.8861 [INFO; Root]  Reactor.ServerEntity
2022-08-22 05:51:07.8861 [INFO; Root]  Reactor.ServerEntity
2022-08-22 05:51:08.0716 [INFO; Root]  server received request to spawn = 0
2022-08-22 05:51:08.0716 [INFO; Root]  5
2022-08-22 05:51:08.0721 [INFO; Root]  Reactor.ServerEntity
2022-08-22 05:51:08.0721 [INFO; Root]  Reactor.ServerEntity
2022-08-22 05:51:08.0721 [INFO; Root]  Reactor.ServerEntity
2022-08-22 05:51:08.0721 [INFO; Root]  Reactor.ServerEntity
2022-08-22 05:51:08.0721 [INFO; Root]  Reactor.ServerEntity
2022-08-22 05:51:08.0721 [INFO; Root]  Reactor.ServerEntity
2022-08-22 05:51:09.7763 [INFO; Root]  server received request to spawn = 0
2022-08-22 05:51:09.7763 [INFO; Root]  5
2022-08-22 05:51:09.7768 [INFO; Root]  Collision StartedTrue   False
2022-08-22 05:51:09.8848 [INFO; Root]  Collision StartedTrue   False
2022-08-22 05:51:09.8848 [INFO; Root]  collision Lost
2022-08-22 05:51:10.4892 [INFO; Root]  server received request to spawn = 0
2022-08-22 05:51:10.4892 [INFO; Root]  5
2022-08-22 05:51:10.4897 [INFO; Root]  Collision StartedTrue   False
2022-08-22 05:51:10.5512 [INFO; Root]  collision Lost
2022-08-22 05:51:10.7217 [INFO; Root]  server received request to spawn = 0
2022-08-22 05:51:10.7217 [INFO; Root]  5
2022-08-22 05:51:10.7222 [INFO; Root]  Collision StartedTrue   False
2022-08-22 05:51:10.7992 [INFO; Root]  collision Lost
2022-08-22 05:51:11.0471 [INFO; Root]  server received request to spawn = 0
2022-08-22 05:51:11.0471 [INFO; Root]  5
2022-08-22 05:51:11.0476 [INFO; Root]  Reactor.ServerEntity
2022-08-22 05:51:11.0476 [INFO; Root]  Reactor.ServerEntity
2022-08-22 05:51:11.0476 [INFO; Root]  Reactor.ServerEntity
2022-08-22 05:51:11.0476 [INFO; Root]  Reactor.ServerEntity
2022-08-22 05:51:11.2021 [INFO; Root]  Collision StartedTrue   False
2022-08-22 05:51:11.2796 [INFO; Root]  collision Lost
2022-08-22 05:51:11.4191 [INFO; Root]  server received request to spawn = 0
2022-08-22 05:51:11.4191 [INFO; Root]  5
2022-08-22 05:51:11.4196 [INFO; Root]  Reactor.ServerEntity
2022-08-22 05:51:11.4196 [INFO; Root]  Reactor.ServerEntity
2022-08-22 05:51:11.4196 [INFO; Root]  Reactor.ServerEntity
2022-08-22 05:51:11.4196 [INFO; Root]  Reactor.ServerEntity
2022-08-22 05:51:11.4196 [INFO; Root]  Reactor.ServerEntity
2022-08-22 05:51:11.4196 [INFO; Root]  Reactor.ServerEntity
2022-08-22 05:51:12.9534 [INFO; Root]  collision Lost
2022-08-22 05:51:13.0468 [INFO; Root]  Collision StartedTrue   False
2022-08-22 05:51:13.2478 [INFO; Root]  Collision StartedTrue   False
2022-08-22 05:51:13.7128 [INFO; Root]  collision Lost
2022-08-22 05:51:13.7592 [INFO; Root]  collision Lost
2022-08-22 05:51:14.1467 [INFO; Root]  Collision StartedTrue   False
2022-08-22 05:51:14.7976 [INFO; Root]  Collision StartedTrue   False
2022-08-22 05:51:15.6505 [INFO; Root]  Collision StartedTrue   False
2022-08-22 05:51:15.7430 [INFO; Root]  collision Lost
2022-08-22 05:51:16.1614 [INFO; Root]  collision Lost
2022-08-22 05:51:16.3784 [INFO; Root]  Collision StartedTrue   False
2022-08-22 05:51:16.5953 [INFO; Root]  collision Lost
2022-08-22 05:51:17.0448 [INFO; Root]  Collision StartedTrue   False
2022-08-22 05:51:17.3702 [INFO; Root]  Collision StartedTrue   False
2022-08-22 05:51:17.5407 [INFO; Root]  collision Lost
2022-08-22 05:51:17.5872 [INFO; Root]  collision Lost
2022-08-22 05:51:18.5635 [INFO; Root]  Collision StartedTrue   False
2022-08-22 05:51:20.2218 [INFO; Root]  collision Lost
2022-08-22 05:51:22.4070 [INFO; Root]  server received request to spawn = 0
2022-08-22 05:51:22.4070 [INFO; Root]  5
2022-08-22 05:51:22.4075 [INFO; Root]  Reactor.ServerEntity
2022-08-22 05:51:22.4075 [INFO; Root]  Reactor.ServerEntity
2022-08-22 05:51:22.4075 [INFO; Root]  Reactor.ServerEntity
2022-08-22 05:51:22.4075 [INFO; Root]  Reactor.ServerEntity
2022-08-22 05:51:22.4075 [INFO; Root]  Reactor.ServerEntity
2022-08-22 05:51:22.4075 [INFO; Root]  Reactor.ServerEntity
2022-08-22 05:51:22.4075 [INFO; Root]  Reactor.ServerEntity
2022-08-22 05:51:22.4075 [INFO; Root]  Reactor.ServerEntity
2022-08-22 05:51:22.5775 [INFO; Root]  server received request to spawn = 0
2022-08-22 05:51:22.5775 [INFO; Root]  5
2022-08-22 05:51:22.5780 [INFO; Root]  Reactor.ServerEntity
2022-08-22 05:51:22.5780 [INFO; Root]  Reactor.ServerEntity
2022-08-22 05:51:22.5780 [INFO; Root]  Reactor.ServerEntity
2022-08-22 05:51:22.5780 [INFO; Root]  Reactor.ServerEntity
2022-08-22 05:51:22.5780 [INFO; Root]  Reactor.ServerEntity
2022-08-22 05:51:22.5780 [INFO; Root]  Reactor.ServerEntity
2022-08-22 05:51:22.5780 [INFO; Root]  Reactor.ServerEntity
2022-08-22 05:51:22.5780 [INFO; Root]  Reactor.ServerEntity
2022-08-22 05:51:22.5780 [INFO; Root]  Reactor.ServerEntity
2022-08-22 05:51:22.5780 [INFO; Root]  Reactor.ServerEntity
2022-08-22 05:51:22.7169 [INFO; Root]  server received request to spawn = 0
2022-08-22 05:51:22.7169 [INFO; Root]  5
2022-08-22 05:51:22.7174 [INFO; Root]  Reactor.ServerEntity
2022-08-22 05:51:22.7174 [INFO; Root]  Reactor.ServerEntity
2022-08-22 05:51:22.7174 [INFO; Root]  Reactor.ServerEntity
2022-08-22 05:51:22.7174 [INFO; Root]  Reactor.ServerEntity
2022-08-22 05:51:22.7174 [INFO; Root]  Reactor.ServerEntity
2022-08-22 05:51:22.7174 [INFO; Root]  Reactor.ServerEntity
2022-08-22 05:51:22.7174 [INFO; Root]  Reactor.ServerEntity
2022-08-22 05:51:22.7174 [INFO; Root]  Reactor.ServerEntity
2022-08-22 05:51:22.7174 [INFO; Root]  Reactor.ServerEntity
2022-08-22 05:51:22.7174 [INFO; Root]  Reactor.ServerEntity
2022-08-22 05:51:22.7174 [INFO; Root]  Reactor.ServerEntity
2022-08-22 05:51:22.7174 [INFO; Root]  Reactor.ServerEntity
2022-08-22 05:51:23.9568 [INFO; Root]  Reactor.ServerEntity
2022-08-22 05:51:24.1272 [INFO; Root]  Reactor.ServerEntity
2022-08-22 05:51:24.1272 [INFO; Root]  Reactor.ServerEntity
2022-08-22 05:51:24.2202 [INFO; Root]  Reactor.ServerEntity
2022-08-22 05:51:24.2202 [INFO; Root]  Reactor.ServerEntity
2022-08-22 05:51:24.4217 [INFO; Root]  Reactor.ServerEntity
2022-08-22 05:51:24.6077 [INFO; Root]  Reactor.ServerEntity
2022-08-22 05:51:24.8401 [INFO; Root]  Received 944
2022-08-22 05:51:25.4600 [INFO; Root]  Reactor.ServerEntity
2022-08-22 05:51:25.5840 [INFO; Root]  Reactor.ServerEntity
2022-08-22 05:51:25.6460 [INFO; Root]  Reactor.ServerEntity
2022-08-22 05:51:25.6460 [INFO; Root]  Reactor.ServerEntity
2022-08-22 05:51:25.6925 [INFO; Root]  Reactor.ServerEntity
2022-08-22 05:51:25.8320 [INFO; Root]  Collision StartedTrue   False
2022-08-22 05:51:26.0955 [INFO; Root]  collision Lost
2022-08-22 05:51:26.2504 [INFO; Root]  Received 945
2022-08-22 05:51:26.4674 [INFO; Root]  applying damage
2022-08-22 05:51:26.4674 [INFO; Root]  4
2022-08-22 05:51:26.8858 [INFO; Root]  Reactor.ServerEntity
2022-08-22 05:51:26.9323 [INFO; Root]  Reactor.ServerEntity
2022-08-22 05:51:26.9323 [INFO; Root]  Reactor.ServerEntity
2022-08-22 05:51:26.9478 [INFO; Root]  Received 946
2022-08-22 05:51:27.6607 [INFO; Root]  applying damage
2022-08-22 05:51:27.6612 [INFO; Root]  4
2022-08-22 05:51:27.7382 [INFO; Root]  applying damage
2022-08-22 05:51:27.7382 [INFO; Root]  4
2022-08-22 05:51:28.1257 [INFO; Root]  Reactor.ServerEntity
2022-08-22 05:51:28.2341 [INFO; Root]  applying damage
2022-08-22 05:51:28.2341 [INFO; Root]  4
2022-08-22 05:51:28.2961 [INFO; Root]  Reactor.ServerEntity
2022-08-22 05:51:28.2961 [INFO; Root]  Reactor.ServerEntity
2022-08-22 05:51:28.3426 [INFO; Root]  Reactor.ServerEntity
2022-08-22 05:51:28.3426 [INFO; Root]  Reactor.ServerEntity
2022-08-22 05:51:28.6061 [INFO; Root]  Reactor.ServerEntity
2022-08-22 05:51:28.6061 [INFO; Root]  Reactor.ServerEntity
2022-08-22 05:51:28.6836 [INFO; Root]  Reactor.ServerEntity
2022-08-22 05:51:28.6836 [INFO; Root]  Reactor.ServerEntity
2022-08-22 05:51:28.7921 [INFO; Root]  Reactor.ServerEntity
2022-08-22 05:51:28.8231 [INFO; Root]  Collision StartedTrue   False
2022-08-22 05:51:29.0090 [INFO; Root]  Reactor.ServerEntity
2022-08-22 05:51:29.0090 [INFO; Root]  Reactor.ServerEntity
2022-08-22 05:51:29.1640 [INFO; Root]  applying damage
2022-08-22 05:51:29.1640 [INFO; Root]  3
2022-08-22 05:51:29.3655 [INFO; Root]  server received request to spawn = 0
2022-08-22 05:51:29.3655 [INFO; Root]  5
2022-08-22 05:51:29.3660 [INFO; Root]  Reactor.ServerEntity
2022-08-22 05:51:29.3660 [INFO; Root]  Reactor.ServerEntity
2022-08-22 05:51:29.3660 [INFO; Root]  Reactor.ServerEntity
2022-08-22 05:51:29.3660 [INFO; Root]  Reactor.ServerEntity
2022-08-22 05:51:29.3660 [INFO; Root]  Reactor.ServerEntity
2022-08-22 05:51:29.3660 [INFO; Root]  Collision StartedTrue   False
2022-08-22 05:51:29.4275 [INFO; Root]  collision Lost
2022-08-22 05:51:29.5205 [INFO; Root]  server received request to spawn = 0
2022-08-22 05:51:29.5205 [INFO; Root]  5
2022-08-22 05:51:29.5210 [INFO; Root]  Reactor.ServerEntity
2022-08-22 05:51:29.5210 [INFO; Root]  Reactor.ServerEntity
2022-08-22 05:51:29.5210 [INFO; Root]  Reactor.ServerEntity
2022-08-22 05:51:29.5210 [INFO; Root]  Reactor.ServerEntity
2022-08-22 05:51:29.5210 [INFO; Root]  Reactor.ServerEntity
2022-08-22 05:51:29.5210 [INFO; Root]  Collision StartedTrue   False
2022-08-22 05:51:29.5979 [INFO; Root]  collision Lost
2022-08-22 05:51:30.0014 [INFO; Root]  applying damage
2022-08-22 05:51:30.0014 [INFO; Root]  3
2022-08-22 05:51:30.6983 [INFO; Root]  Collision StartedTrue   False
2022-08-22 05:51:30.7448 [INFO; Root]  Collision StartedTrue   False
2022-08-22 05:51:31.0397 [INFO; Root]  applying damage
2022-08-22 05:51:31.0397 [INFO; Root]  2
2022-08-22 05:51:31.1012 [INFO; Root]  applying damage
2022-08-22 05:51:31.1012 [INFO; Root]  3
2022-08-22 05:51:31.2097 [INFO; Root]  collision Lost
2022-08-22 05:51:31.2717 [INFO; Root]  server received request to spawn = 0
2022-08-22 05:51:31.2717 [INFO; Root]  5
2022-08-22 05:51:31.2722 [INFO; Root]  Reactor.ServerEntity
2022-08-22 05:51:31.2722 [INFO; Root]  Reactor.ServerEntity
2022-08-22 05:51:31.2722 [INFO; Root]  Reactor.ServerEntity
2022-08-22 05:51:31.2722 [INFO; Root]  Reactor.ServerEntity
2022-08-22 05:51:31.2722 [INFO; Root]  Reactor.ServerEntity
2022-08-22 05:51:31.2722 [INFO; Root]  Collision StartedTrue   False
2022-08-22 05:51:31.2872 [INFO; Root]  collision Lost
2022-08-22 05:51:31.3182 [INFO; Root]  Reactor.ServerEntity
2022-08-22 05:51:31.3182 [INFO; Root]  Reactor.ServerEntity
2022-08-22 05:51:31.3337 [INFO; Root]  collision Lost
2022-08-22 05:51:32.0626 [INFO; Root]  applying damage
2022-08-22 05:51:32.0626 [INFO; Root]  2
2022-08-22 05:51:32.5275 [INFO; Root]  applying damage
2022-08-22 05:51:32.5275 [INFO; Root]  1
2022-08-22 05:51:33.5349 [INFO; Root]  Reactor.ServerEntity
2022-08-22 05:51:33.5349 [INFO; Root]  Reactor.ServerEntity
2022-08-22 05:51:33.5809 [INFO; Root]  Reactor.ServerEntity
2022-08-22 05:51:33.7358 [INFO; Root]  Reactor.ServerEntity
2022-08-22 05:51:34.0308 [INFO; Root]  Reactor.ServerEntity
2022-08-22 05:51:34.0923 [INFO; Root]  applying damage
2022-08-22 05:51:34.0923 [INFO; Root]  0
2022-08-22 05:51:34.2473 [INFO; Root]  Collision StartedTrue   False
2022-08-22 05:51:34.9602 [INFO; Root]  collision Lost
2022-08-22 05:51:35.0377 [INFO; Root]  Received 947
2022-08-22 05:51:35.0377 [INFO; Root]  applying damage
2022-08-22 05:51:35.0377 [INFO; Root]  19
2022-08-22 05:51:35.3786 [INFO; Root]  Collision StartedTrue   False
2022-08-22 05:51:36.0915 [INFO; Root]  server received request to spawn = 0
2022-08-22 05:51:36.0915 [INFO; Root]  5
2022-08-22 05:51:36.0920 [INFO; Root]  Reactor.ServerEntity
2022-08-22 05:51:36.0920 [INFO; Root]  Reactor.ServerEntity
2022-08-22 05:51:36.0920 [INFO; Root]  Reactor.ServerEntity
2022-08-22 05:51:36.0920 [INFO; Root]  Reactor.ServerEntity
2022-08-22 05:51:36.0920 [INFO; Root]  Collision StartedTrue   False
2022-08-22 05:51:36.1535 [INFO; Root]  collision Lost
2022-08-22 05:51:36.1845 [INFO; Root]  Reactor.ServerEntity
2022-08-22 05:51:36.1845 [INFO; Root]  Reactor.ServerEntity
2022-08-22 05:51:36.4944 [INFO; Root]  collision Lost
2022-08-22 05:51:36.8199 [INFO; Root]  Collision StartedTrue   False
2022-08-22 05:51:37.6103 [INFO; Root]  Collision StartedTrue   False
2022-08-22 05:51:38.3547 [INFO; Root]  Reactor.ServerEntity
2022-08-22 05:51:38.3547 [INFO; Root]  Reactor.ServerEntity
2022-08-22 05:51:38.5556 [INFO; Root]  Reactor.ServerEntity
2022-08-22 05:51:38.5556 [INFO; Root]  Reactor.ServerEntity
2022-08-22 05:51:38.6021 [INFO; Root]  Reactor.ServerEntity
2022-08-22 05:51:38.7731 [INFO; Root]  Reactor.ServerEntity
2022-08-22 05:51:38.8811 [INFO; Root]  Reactor.ServerEntity
2022-08-22 05:51:38.8811 [INFO; Root]  Reactor.ServerEntity
2022-08-22 05:51:39.1446 [INFO; Root]  Reactor.ServerEntity
2022-08-22 05:51:39.6100 [INFO; Root]  collision Lost
2022-08-22 05:51:39.9509 [INFO; Root]  Reactor.ServerEntity
2022-08-22 05:51:39.9509 [INFO; Root]  Reactor.ServerEntity
2022-08-22 05:51:39.9659 [INFO; Root]  Received 948
2022-08-22 05:51:40.0589 [INFO; Root]  Reactor.ServerEntity
2022-08-22 05:51:40.2449 [INFO; Root]  Reactor.ServerEntity
2022-08-22 05:51:40.3844 [INFO; Root]  Received 949
2022-08-22 05:51:40.5084 [INFO; Root]  Reactor.ServerEntity
2022-08-22 05:51:40.6168 [INFO; Root]  Received 950
2022-08-22 05:51:40.7873 [INFO; Root]  Received 951
2022-08-22 05:51:40.8648 [INFO; Root]  Reactor.ServerEntity
2022-08-22 05:51:41.4227 [INFO; Root]  Reactor.ServerEntity
2022-08-22 05:51:41.4227 [INFO; Root]  Reactor.ServerEntity
2022-08-22 05:51:41.5777 [INFO; Root]  Reactor.ServerEntity
2022-08-22 05:51:41.7327 [INFO; Root]  Reactor.ServerEntity
2022-08-22 05:51:41.7637 [INFO; Root]  Reactor.ServerEntity
2022-08-22 05:51:41.7637 [INFO; Root]  Reactor.ServerEntity
2022-08-22 05:51:42.0426 [INFO; Root]  Reactor.ServerEntity
2022-08-22 05:51:42.0581 [INFO; Root]  Reactor.ServerEntity
2022-08-22 05:51:42.1666 [INFO; Root]  Reactor.ServerEntity
2022-08-22 05:51:42.1671 [INFO; Root]  Reactor.ServerEntity
2022-08-22 05:51:42.1821 [INFO; Root]  Reactor.ServerEntity
2022-08-22 05:51:42.2596 [INFO; Root]  applying damage
2022-08-22 05:51:42.2596 [INFO; Root]  2
2022-08-22 05:51:42.4611 [INFO; Root]  Reactor.ServerEntity
2022-08-22 05:51:42.4611 [INFO; Root]  Reactor.ServerEntity
2022-08-22 05:51:42.4771 [INFO; Root]  Reactor.ServerEntity
2022-08-22 05:51:42.5851 [INFO; Root]  Reactor.ServerEntity
2022-08-22 05:51:42.6006 [INFO; Root]  applying damage
2022-08-22 05:51:42.6006 [INFO; Root]  1
2022-08-22 05:51:42.8485 [INFO; Root]  Reactor.ServerEntity
2022-08-22 05:51:42.8645 [INFO; Root]  applying damage
2022-08-22 05:51:42.8645 [INFO; Root]  0
2022-08-22 05:51:42.8795 [INFO; Root]  Received 952
2022-08-22 05:51:42.8800 [INFO; Root]  Reactor.ServerEntity
2022-08-22 05:51:43.2050 [INFO; Root]  Received 953
2022-08-22 05:51:43.3290 [INFO; Root]  Reactor.ServerEntity
2022-08-22 05:51:43.5304 [INFO; Root]  applying damage
2022-08-22 05:51:43.5304 [INFO; Root]  3
2022-08-22 05:51:43.7009 [INFO; Root]  applying damage
2022-08-22 05:51:43.7009 [INFO; Root]  2
2022-08-22 05:51:43.9029 [INFO; Root]  applying damage
2022-08-22 05:51:43.9029 [INFO; Root]  1
2022-08-22 05:51:44.1658 [INFO; Root]  applying damage
2022-08-22 05:51:44.1658 [INFO; Root]  0
2022-08-22 05:51:44.5223 [INFO; Root]  applying damage
2022-08-22 05:51:44.5223 [INFO; Root]  18
2022-08-22 05:51:44.8632 [INFO; Root]  applying damage
2022-08-22 05:51:44.8632 [INFO; Root]  17
2022-08-22 05:51:45.0032 [INFO; Root]  applying damage
2022-08-22 05:51:45.0032 [INFO; Root]  16
2022-08-22 05:51:45.2972 [INFO; Root]  applying damage
2022-08-22 05:51:45.2972 [INFO; Root]  15
2022-08-22 05:51:45.7001 [INFO; Root]  applying damage
2022-08-22 05:51:45.7001 [INFO; Root]  14
2022-08-22 05:51:45.7466 [INFO; Root]  Received 954
2022-08-22 05:51:45.7931 [INFO; Root]  applying damage
2022-08-22 05:51:45.7931 [INFO; Root]  13
2022-08-22 05:51:45.8241 [INFO; Root]  Received 955
2022-08-22 05:51:46.1340 [INFO; Root]  applying damage
2022-08-22 05:51:46.1340 [INFO; Root]  12
2022-08-22 05:51:46.1650 [INFO; Root]  Received 956
2022-08-22 05:51:46.2425 [INFO; Root]  Received 957
2022-08-22 05:51:46.5220 [INFO; Root]  applying damage
2022-08-22 05:51:46.5220 [INFO; Root]  11
2022-08-22 05:51:46.5525 [INFO; Root]  Received 958
2022-08-22 05:51:46.5995 [INFO; Root]  applying damage
2022-08-22 05:51:46.5995 [INFO; Root]  10
2022-08-22 05:51:47.0019 [INFO; Root]  applying damage
2022-08-22 05:51:47.0019 [INFO; Root]  9
2022-08-22 05:51:47.1574 [INFO; Root]  applying damage
2022-08-22 05:51:47.1574 [INFO; Root]  8
2022-08-22 05:51:47.3584 [INFO; Root]  applying damage
2022-08-22 05:51:47.3584 [INFO; Root]  7
2022-08-22 05:51:47.4359 [INFO; Root]  applying damage
2022-08-22 05:51:47.4359 [INFO; Root]  6
2022-08-22 05:51:47.7303 [INFO; Root]  applying damage
2022-08-22 05:51:47.7303 [INFO; Root]  5
2022-08-22 05:51:47.7923 [INFO; Root]  applying damage
2022-08-22 05:51:47.7923 [INFO; Root]  4
2022-08-22 05:51:47.9938 [INFO; Root]  applying damage
2022-08-22 05:51:47.9938 [INFO; Root]  4
2022-08-22 05:51:48.1952 [INFO; Root]  applying damage
2022-08-22 05:51:48.1957 [INFO; Root]  3
2022-08-22 05:51:48.3657 [INFO; Root]  applying damage
2022-08-22 05:51:48.3657 [INFO; Root]  3
2022-08-22 05:51:48.4277 [INFO; Root]  applying damage
2022-08-22 05:51:48.4277 [INFO; Root]  2
2022-08-22 05:51:48.8307 [INFO; Root]  applying damage
2022-08-22 05:51:48.8307 [INFO; Root]  1
2022-08-22 05:51:48.9236 [INFO; Root]  applying damage
2022-08-22 05:51:48.9236 [INFO; Root]  0
2022-08-22 05:51:51.8992 [INFO; Root]  Reactor.ServerEntity
2022-08-22 05:51:52.0232 [INFO; Root]  Reactor.ServerEntity
2022-08-22 05:51:52.1937 [INFO; Root]  Reactor.ServerEntity
2022-08-22 05:51:52.2247 [INFO; Root]  Reactor.ServerEntity
2022-08-22 05:51:52.2247 [INFO; Root]  Reactor.ServerEntity
2022-08-22 05:51:52.3022 [INFO; Root]  Reactor.ServerEntity
2022-08-22 05:51:52.5656 [INFO; Root]  Reactor.ServerEntity
2022-08-22 05:51:52.7826 [INFO; Root]  Reactor.ServerEntity
2022-08-22 05:51:53.0925 [INFO; Root]  Reactor.ServerEntity
2022-08-22 05:51:53.2320 [INFO; Root]  Reactor.ServerEntity
2022-08-22 05:51:53.4025 [INFO; Root]  Reactor.ServerEntity
2022-08-22 05:51:53.4180 [INFO; Root]  Reactor.ServerEntity
2022-08-22 05:51:53.4335 [INFO; Root]  Reactor.ServerEntity
2022-08-22 05:51:53.4335 [INFO; Root]  Reactor.ServerEntity
2022-08-22 05:51:53.4645 [INFO; Root]  Reactor.ServerEntity
2022-08-22 05:51:53.5110 [INFO; Root]  Reactor.ServerEntity
2022-08-22 05:51:53.5265 [INFO; Root]  Reactor.ServerEntity
2022-08-22 05:51:53.7129 [INFO; Root]  Reactor.ServerEntity
2022-08-22 05:51:53.7129 [INFO; Root]  Reactor.ServerEntity
2022-08-22 05:51:53.7129 [INFO; Root]  Reactor.ServerEntity
2022-08-22 05:51:53.7279 [INFO; Root]  Reactor.ServerEntity
2022-08-22 05:51:53.7434 [INFO; Root]  Reactor.ServerEntity
2022-08-22 05:51:53.7744 [INFO; Root]  Reactor.ServerEntity
2022-08-22 05:51:53.7899 [INFO; Root]  Reactor.ServerEntity
2022-08-22 05:51:53.8519 [INFO; Root]  Reactor.ServerEntity
2022-08-22 05:51:53.9914 [INFO; Root]  Reactor.ServerEntity
2022-08-22 05:51:54.0224 [INFO; Root]  Reactor.ServerEntity
2022-08-22 05:51:54.0224 [INFO; Root]  Reactor.ServerEntity
2022-08-22 05:51:54.0224 [INFO; Root]  Reactor.ServerEntity
2022-08-22 05:51:54.0999 [INFO; Root]  Reactor.ServerEntity
2022-08-22 05:51:54.1154 [INFO; Root]  Reactor.ServerEntity
2022-08-22 05:51:54.3014 [INFO; Root]  Reactor.ServerEntity
2022-08-22 05:51:54.4098 [INFO; Root]  Reactor.ServerEntity
2022-08-22 05:51:54.6113 [INFO; Root]  Reactor.ServerEntity
2022-08-22 05:51:54.6733 [INFO; Root]  Reactor.ServerEntity
2022-08-22 05:51:55.0143 [INFO; Root]  Reactor.ServerEntity
2022-08-22 05:51:55.0453 [INFO; Root]  Reactor.ServerEntity
2022-08-22 05:51:55.5102 [INFO; Root]  Reactor.ServerEntity
2022-08-22 05:51:55.5722 [INFO; Root]  Reactor.ServerEntity
2022-08-22 05:51:58.9242 [INFO; Root]  Client(id = 3, address = 127.0.0.1) disconnected: 2-End of file
2022-08-22 05:51:58.9267 [INFO; Root]  Client(id = 4, address = 127.0.0.1) disconnected: 2-End of file
2022-08-22 05:51:58.9507 [INFO; Root]  Player 3 left
2022-08-22 05:51:58.9507 [INFO; Root]  Player 4 left
