2022-08-14 06:08:25.6543 [INFO; Reactor.Server]  Loaded KSServerRuntime.Local.dll
2022-08-14 06:08:25.6623 [INFO; Root]  Loaded config.json
2022-08-14 06:08:25.6623 [INFO; Root]  Loaded config.GameScene.json
2022-08-14 06:08:25.6673 [INFO; Root]  KinematicSoup Technologies Inc.
2022-08-14 06:08:25.6673 [INFO; Root]  Reactor Server v0.10.0
2022-08-14 06:08:25.6673 [DEBUG; Root]  Could not open model file: model.bin. Compression will use the default model for sync transforms, and dynamic models for update transforms.
2022-08-14 06:08:25.6683 [INFO; Reactor.Server]  Missing API configuration. PlayerAPI features disabled.
2022-08-14 06:08:25.6763 [DEBUG; Root]  Loading Asset Scripts
2022-08-14 06:08:25.6783 [DEBUG; Root]  Loading Room Configs
2022-08-14 06:08:25.6823 [DEBUG; Root]  Initializing PhysX
2022-08-14 06:08:25.6933 [DEBUG; Root]  Loading PhysX geometry
2022-08-14 06:08:25.7028 [INFO; Root]  Loaded 8 geometries
2022-08-14 06:08:25.7033 [INFO; Root]  Loaded 2 geometries
2022-08-14 06:08:25.7033 [DEBUG; Root]  Loading entity prefabs
2022-08-14 06:08:25.7153 [INFO; Root]  Loaded 5 entity prefabs
2022-08-14 06:08:25.7153 [DEBUG; Root]  Loading entity instances
2022-08-14 06:08:25.7308 [DEBUG; Root]  Initializing scripts
2022-08-14 06:08:25.7378 [DEBUG; Root]  Room setup complete
2022-08-14 06:08:25.7378 [INFO; Reactor.ServerRoom]  Starting room 1
2022-08-14 06:08:25.7378 [INFO; Root]  Sending client updates every 2 frames
2022-08-14 06:08:25.7378 [INFO; Root]  Attempting to sync simulation time to match elapsed time.
2022-08-14 06:08:25.7383 [INFO; Root]  Opening TCP port 8000
