2022-08-16 15:48:40.5356 [INFO; Reactor.Server]  Loaded KSServerRuntime.Local.dll
2022-08-16 15:48:40.5629 [INFO; Root]  Loaded config.json
2022-08-16 15:48:40.5629 [INFO; Root]  Loaded config.GameScene.json
2022-08-16 15:48:40.5740 [INFO; Root]  KinematicSoup Technologies Inc.
2022-08-16 15:48:40.5740 [INFO; Root]  Reactor Server v0.10.0
2022-08-16 15:48:40.5740 [DEBUG; Root]  Could not open model file: model.bin. Compression will use the default model for sync transforms, and dynamic models for update transforms.
2022-08-16 15:48:40.5760 [INFO; Reactor.Server]  Missing API configuration. PlayerAPI features disabled.
2022-08-16 15:48:40.5937 [DEBUG; Root]  Loading Asset Scripts
2022-08-16 15:48:40.5987 [DEBUG; Root]  Loading Room Configs
2022-08-16 15:48:40.6061 [DEBUG; Root]  Initializing PhysX
2022-08-16 15:48:40.6287 [DEBUG; Root]  Loading PhysX geometry
2022-08-16 15:48:40.6433 [INFO; Root]  Loaded 8 geometries
2022-08-16 15:48:40.6443 [INFO; Root]  Loaded 2 geometries
2022-08-16 15:48:40.6443 [DEBUG; Root]  Loading entity prefabs
2022-08-16 15:48:40.6627 [INFO; Root]  Loaded 5 entity prefabs
2022-08-16 15:48:40.6627 [DEBUG; Root]  Loading entity instances
2022-08-16 15:48:40.6868 [DEBUG; Root]  Initializing scripts
2022-08-16 15:48:40.6979 [DEBUG; Root]  Room setup complete
2022-08-16 15:48:40.6979 [INFO; Reactor.ServerRoom]  Starting room 1
2022-08-16 15:48:40.6979 [INFO; Root]  Sending client updates every 2 frames
2022-08-16 15:48:40.6979 [INFO; Root]  Attempting to sync simulation time to match elapsed time.
2022-08-16 15:48:40.6988 [INFO; Root]  Opening TCP port 8000
2022-08-16 15:48:46.1906 [INFO; Root]  Client(id = 1, address = 10.6.167.25) connected
2022-08-16 15:48:46.1956 [DEBUG; Root]  Client(id = 1, address = 10.6.167.25) model validated
2022-08-16 15:48:46.2290 [DEBUG; Root]  Client(id = 1, address = 10.6.167.25) authenticated
2022-08-16 15:48:46.2476 [INFO; Root]  Player False joined
2022-08-16 15:48:46.5455 [INFO; Root]  RPC RECEIVED True and 1
2022-08-16 15:48:46.5455 [INFO; Root]  HeheTrue
2022-08-16 15:48:46.5638 [INFO; Root]  Start Match!
2022-08-16 15:48:46.5875 [INFO; Root]  Here 
2022-08-16 15:48:46.6015 [INFO; Root]  Request to take control of unit passed
2022-08-16 15:48:46.6105 [INFO; Root]  5
2022-08-16 15:48:49.4797 [INFO; Root]  server received request to spawn = 2
2022-08-16 15:48:49.4887 [INFO; Root]  Reactor.ServerEntity
2022-08-16 15:48:50.6178 [INFO; Root]  Request to take control of unit passed
2022-08-16 15:48:51.4686 [INFO; Root]  Debug Destroyed
2022-08-16 15:48:56.5171 [INFO; Root]  Request to take control of unit passed
2022-08-16 15:48:57.4992 [INFO; Root]  server received request to spawn = 3
2022-08-16 15:48:57.5012 [INFO; Root]  Reactor.ServerEntity
2022-08-16 15:48:58.0153 [INFO; Root]  Request to take control of unit passed
2022-08-16 15:48:59.4993 [INFO; Root]  Debug Destroyed
2022-08-16 15:49:04.5329 [INFO; Root]  Request to take control of unit passed
2022-08-16 15:49:05.1378 [INFO; Root]  Client(id = 1, address = 10.6.167.25) disconnected: 2-End of file
2022-08-16 15:49:05.1500 [INFO; Root]  Player 1 left
