2022-08-09 06:16:18.5009 [INFO; Reactor.Server]  Loaded KSServerRuntime.Local.dll
2022-08-09 06:16:18.5094 [INFO; Root]  Loaded config.json
2022-08-09 06:16:18.5099 [INFO; Root]  Loaded config.GameScene.json
2022-08-09 06:16:18.5144 [INFO; Root]  KinematicSoup Technologies Inc.
2022-08-09 06:16:18.5144 [INFO; Root]  Reactor Server v0.10.0
2022-08-09 06:16:18.5144 [DEBUG; Root]  Could not open model file: model.bin. Compression will use the default model for sync transforms, and dynamic models for update transforms.
2022-08-09 06:16:18.5154 [INFO; Reactor.Server]  Missing API configuration. PlayerAPI features disabled.
2022-08-09 06:16:18.5239 [DEBUG; Root]  Loading Asset Scripts
2022-08-09 06:16:18.5259 [DEBUG; Root]  Loading Room Configs
2022-08-09 06:16:18.5299 [DEBUG; Root]  Initializing PhysX
2022-08-09 06:16:18.5419 [DEBUG; Root]  Loading PhysX geometry
2022-08-09 06:16:18.5514 [INFO; Root]  Loaded 7 geometries
2022-08-09 06:16:18.5519 [INFO; Root]  Loaded 2 geometries
2022-08-09 06:16:18.5519 [DEBUG; Root]  Loading entity prefabs
2022-08-09 06:16:18.5644 [INFO; Root]  Loaded 5 entity prefabs
2022-08-09 06:16:18.5644 [DEBUG; Root]  Loading entity instances
2022-08-09 06:16:18.5814 [DEBUG; Root]  Initializing scripts
2022-08-09 06:16:18.5889 [DEBUG; Root]  Room setup complete
2022-08-09 06:16:18.5889 [INFO; Reactor.ServerRoom]  Starting room 1
2022-08-09 06:16:18.5889 [INFO; Root]  Sending client updates every 2 frames
2022-08-09 06:16:18.5889 [INFO; Root]  Attempting to sync simulation time to match elapsed time.
2022-08-09 06:16:18.5894 [INFO; Root]  Opening TCP port 8000
2022-08-09 06:16:22.7667 [INFO; Root]  Client(id = 1, address = 127.0.0.1) connected
2022-08-09 06:16:22.7692 [DEBUG; Root]  Client(id = 1, address = 127.0.0.1) model validated
2022-08-09 06:16:22.7842 [DEBUG; Root]  Client(id = 1, address = 127.0.0.1) authenticated
2022-08-09 06:16:22.7942 [INFO; Root]  Player False joined
2022-08-09 06:16:23.1127 [INFO; Root]  RPC RECEIVED True and 1
2022-08-09 06:16:23.1127 [INFO; Root]  HeheTrue
2022-08-09 06:16:23.1162 [INFO; Root]  Start Match!
2022-08-09 06:16:23.1212 [INFO; Root]  5
2022-08-09 06:16:24.3038 [INFO; Root]  server received request to spawn = 0
2022-08-09 06:16:24.4243 [INFO; Root]  server received request to spawn = 1
2022-08-09 06:16:24.4253 [INFO; Root]  Went through Setter
2022-08-09 06:16:25.0918 [INFO; Root]  Request to take control of unit passed
2022-08-09 06:16:25.2613 [INFO; Root]  Hivemind and 0.8000101
2022-08-09 06:16:26.0208 [INFO; Root]  server received request to spawn = 0
2022-08-09 06:16:26.0983 [INFO; Root]  Hivemind and 1.558346
2022-08-09 06:16:26.9359 [INFO; Root]  CollectorServer  Collector
2022-08-09 06:16:26.9359 [INFO; Root]  Here Follow
2022-08-09 06:16:26.9359 [INFO; Root]  Second EntityToFollow = Collector
2022-08-09 06:16:26.9364 [INFO; Root]  Hivemind and 4.102497
2022-08-09 06:16:27.7569 [INFO; Root]  Hivemind and 3.98306
2022-08-09 06:16:28.5939 [INFO; Root]  Hivemind and 3.202979
2022-08-09 06:16:29.4309 [INFO; Root]  Hivemind and 2.128427
2022-08-09 06:16:30.2680 [INFO; Root]  Hivemind and 1.221147
2022-08-09 06:16:31.1050 [INFO; Root]  Hivemind and 0.8097591
2022-08-09 06:16:31.9265 [INFO; Root]  Hivemind and 0.822789
2022-08-09 06:16:32.7636 [INFO; Root]  Hivemind and 1.012967
2022-08-09 06:16:33.6006 [INFO; Root]  Hivemind and 1.337613
2022-08-09 06:16:34.4376 [INFO; Root]  Hivemind and 1.550039
2022-08-09 06:16:35.2591 [INFO; Root]  Hivemind and 1.51168
2022-08-09 06:16:36.0962 [INFO; Root]  Hivemind and 1.524844
2022-08-09 06:16:36.9332 [INFO; Root]  Hivemind and 1.538261
2022-08-09 06:16:37.7702 [INFO; Root]  Hivemind and 1.54762
2022-08-09 06:16:38.5917 [INFO; Root]  Hivemind and 1.553825
2022-08-09 06:16:39.4288 [INFO; Root]  Hivemind and 1.556718
2022-08-09 06:16:40.2658 [INFO; Root]  Hivemind and 1.556718
2022-08-09 06:16:41.1028 [INFO; Root]  Hivemind and 1.556718
2022-08-09 06:16:41.9244 [INFO; Root]  Hivemind and 1.556718
2022-08-09 06:16:42.7614 [INFO; Root]  Hivemind and 1.556718
2022-08-09 06:16:43.4454 [INFO; Root]  Client(id = 1, address = 127.0.0.1) disconnected: 2-End of file
2022-08-09 06:16:43.4594 [INFO; Root]  Player 1 left
2022-08-09 06:16:43.5984 [INFO; Root]  Hivemind and 1.556718
2022-08-09 06:16:44.4319 [INFO; Root]  Hivemind and 1.556718
2022-08-09 06:16:45.2688 [INFO; Root]  Hivemind and 1.556718
2022-08-09 06:16:46.1017 [INFO; Root]  Hivemind and 1.556718
2022-08-09 06:16:46.9328 [INFO; Root]  Hivemind and 1.556718
2022-08-09 06:16:47.7635 [INFO; Root]  Hivemind and 1.556718
2022-08-09 06:16:48.5934 [INFO; Root]  Hivemind and 1.556718
2022-08-09 06:16:49.4240 [INFO; Root]  Hivemind and 1.556718
2022-08-09 06:16:50.2696 [INFO; Root]  Hivemind and 1.556718
2022-08-09 06:16:51.1016 [INFO; Root]  Hivemind and 1.556718
2022-08-09 06:16:51.9317 [INFO; Root]  Hivemind and 1.556718
2022-08-09 06:16:52.7616 [INFO; Root]  Hivemind and 1.556718
2022-08-09 06:16:53.5959 [INFO; Root]  Hivemind and 1.556718
2022-08-09 06:16:54.4300 [INFO; Root]  Hivemind and 1.556718
2022-08-09 06:16:55.2615 [INFO; Root]  Hivemind and 1.556718
2022-08-09 06:16:56.0930 [INFO; Root]  Hivemind and 1.556718
2022-08-09 06:16:56.9253 [INFO; Root]  Hivemind and 1.556718
2022-08-09 06:16:57.7702 [INFO; Root]  Hivemind and 1.556718
2022-08-09 06:16:58.5999 [INFO; Root]  Hivemind and 1.556718
2022-08-09 06:16:59.4313 [INFO; Root]  Hivemind and 1.556718
2022-08-09 06:17:00.2630 [INFO; Root]  Hivemind and 1.556718
2022-08-09 06:17:01.0937 [INFO; Root]  Hivemind and 1.556718
2022-08-09 06:17:01.9265 [INFO; Root]  Hivemind and 1.556718
2022-08-09 06:17:02.7572 [INFO; Root]  Hivemind and 1.646003
2022-08-09 06:17:03.5907 [INFO; Root]  Hivemind and 1.71227
2022-08-09 06:17:04.4243 [INFO; Root]  Hivemind and 1.756588
2022-08-09 06:17:05.2603 [INFO; Root]  Hivemind and 1.786037
2022-08-09 06:17:06.0964 [INFO; Root]  Hivemind and 1.805533
2022-08-09 06:17:06.9336 [INFO; Root]  Hivemind and 1.818412
2022-08-09 06:17:07.7706 [INFO; Root]  Hivemind and 1.826908
2022-08-09 06:17:08.5917 [INFO; Root]  Hivemind and 1.83086
