2022-08-23 06:08:12.4708 [INFO; Reactor.Server]  Loaded KSServerRuntime.Local.dll
2022-08-23 06:08:12.4796 [INFO; Root]  Loaded config.json
2022-08-23 06:08:12.4798 [INFO; Root]  Loaded config.GameScene.json
2022-08-23 06:08:12.4848 [INFO; Root]  KinematicSoup Technologies Inc.
2022-08-23 06:08:12.4848 [INFO; Root]  Reactor Server v0.10.0
2022-08-23 06:08:12.4853 [DEBUG; Root]  Could not open model file: model.bin. Compression will use the default model for sync transforms, and dynamic models for update transforms.
2022-08-23 06:08:12.4863 [INFO; Reactor.Server]  Missing API configuration. PlayerAPI features disabled.
2022-08-23 06:08:12.4948 [DEBUG; Root]  Loading Asset Scripts
2022-08-23 06:08:12.4973 [DEBUG; Root]  Loading Room Configs
2022-08-23 06:08:12.5008 [DEBUG; Root]  Initializing PhysX
2022-08-23 06:08:12.5138 [DEBUG; Root]  Loading PhysX geometry
2022-08-23 06:08:12.5233 [INFO; Root]  Loaded 8 geometries
2022-08-23 06:08:12.5238 [INFO; Root]  Loaded 3 geometries
2022-08-23 06:08:12.5238 [DEBUG; Root]  Loading entity prefabs
2022-08-23 06:08:12.5363 [INFO; Root]  Loaded 5 entity prefabs
2022-08-23 06:08:12.5363 [DEBUG; Root]  Loading entity instances
2022-08-23 06:08:12.5493 [DEBUG; Root]  Initializing scripts
2022-08-23 06:08:12.5578 [DEBUG; Root]  Room setup complete
2022-08-23 06:08:12.5583 [INFO; Reactor.ServerRoom]  Starting room 1
2022-08-23 06:08:12.5583 [INFO; Root]  Sending client updates every 2 frames
2022-08-23 06:08:12.5583 [INFO; Root]  Attempting to sync simulation time to match elapsed time.
2022-08-23 06:08:12.5588 [INFO; Root]  Opening TCP port 8000
2022-08-23 06:08:16.5994 [INFO; Root]  Client(id = 1, address = 127.0.0.1) connected
2022-08-23 06:08:16.6019 [DEBUG; Root]  Client(id = 1, address = 127.0.0.1) model validated
2022-08-23 06:08:16.6149 [DEBUG; Root]  Client(id = 1, address = 127.0.0.1) authenticated
2022-08-23 06:08:16.6294 [INFO; Root]  Player False joined
2022-08-23 06:08:22.0629 [INFO; Root]  20
2022-08-23 06:08:26.8534 [INFO; Root]  Client(id = 1, address = 127.0.0.1) disconnected: 2-End of file
2022-08-23 06:08:26.8569 [INFO; Root]  Player 1 left
