2022-08-10 06:06:49.4388 [INFO; Reactor.Server]  Loaded KSServerRuntime.Local.dll
2022-08-10 06:06:49.4523 [INFO; Root]  Loaded config.json
2022-08-10 06:06:49.4523 [INFO; Root]  Loaded config.GameScene.json
2022-08-10 06:06:49.4593 [INFO; Root]  KinematicSoup Technologies Inc.
2022-08-10 06:06:49.4593 [INFO; Root]  Reactor Server v0.10.0
2022-08-10 06:06:49.4593 [DEBUG; Root]  Could not open model file: model.bin. Compression will use the default model for sync transforms, and dynamic models for update transforms.
2022-08-10 06:06:49.4608 [INFO; Reactor.Server]  Missing API configuration. PlayerAPI features disabled.
2022-08-10 06:06:49.4723 [DEBUG; Root]  Loading Asset Scripts
2022-08-10 06:06:49.4758 [DEBUG; Root]  Loading Room Configs
2022-08-10 06:06:49.4808 [DEBUG; Root]  Initializing PhysX
2022-08-10 06:06:49.4968 [DEBUG; Root]  Loading PhysX geometry
2022-08-10 06:06:49.5123 [INFO; Root]  Loaded 8 geometries
2022-08-10 06:06:49.5133 [INFO; Root]  Loaded 2 geometries
2022-08-10 06:06:49.5133 [DEBUG; Root]  Loading entity prefabs
2022-08-10 06:06:49.5323 [INFO; Root]  Loaded 5 entity prefabs
2022-08-10 06:06:49.5328 [DEBUG; Root]  Loading entity instances
2022-08-10 06:06:49.5553 [DEBUG; Root]  Initializing scripts
2022-08-10 06:06:49.5658 [DEBUG; Root]  Room setup complete
2022-08-10 06:06:49.5663 [INFO; Reactor.ServerRoom]  Starting room 1
2022-08-10 06:06:49.5663 [INFO; Root]  Sending client updates every 2 frames
2022-08-10 06:06:49.5663 [INFO; Root]  Attempting to sync simulation time to match elapsed time.
2022-08-10 06:06:49.5668 [INFO; Root]  Opening TCP port 8000
2022-08-10 06:06:50.3748 [INFO; Root]  Client(id = 1, address = 127.0.0.1) connected
2022-08-10 06:06:50.3773 [DEBUG; Root]  Client(id = 1, address = 127.0.0.1) model validated
2022-08-10 06:06:50.3903 [DEBUG; Root]  Client(id = 1, address = 127.0.0.1) authenticated
2022-08-10 06:06:50.4048 [INFO; Root]  Player False joined
2022-08-10 06:06:50.6404 [INFO; Root]  RPC RECEIVED True and 1
2022-08-10 06:06:50.6404 [INFO; Root]  HeheTrue
2022-08-10 06:06:50.6439 [INFO; Root]  Start Match!
2022-08-10 06:06:50.6504 [INFO; Root]  5
2022-08-10 06:06:52.2375 [INFO; Root]  server received request to spawn = 2
2022-08-10 06:06:52.2410 [INFO; Root]  adding = 1
2022-08-10 06:06:52.2410 [INFO; Root]  adding = 2
2022-08-10 06:06:52.2410 [INFO; Root]  adding = 3
2022-08-10 06:06:52.2410 [INFO; Root]  adding = 4
2022-08-10 06:06:52.2410 [INFO; Root]  adding = 5
2022-08-10 06:06:52.2410 [INFO; Root]  adding = 6
2022-08-10 06:06:52.2410 [INFO; Root]  adding = 7
2022-08-10 06:06:52.2410 [INFO; Root]  adding = 8
2022-08-10 06:06:52.6680 [INFO; Root]  removing = 6
2022-08-10 06:06:52.6680 [INFO; Root]  adding = 7
2022-08-10 06:06:52.7845 [INFO; Root]  removing = 6
2022-08-10 06:06:52.8175 [INFO; Root]  removing = 5
2022-08-10 06:06:52.8515 [INFO; Root]  removing = 4
2022-08-10 06:06:53.8176 [INFO; Root]  adding = 3
2022-08-10 06:06:54.2681 [INFO; Root]  removing = 2
2022-08-10 06:06:54.4771 [INFO; Root]  adding = 3
2022-08-10 06:06:54.7407 [INFO; Root]  adding = 3
2022-08-10 06:06:54.7407 [INFO; Root]  adding = 4
2022-08-10 06:06:54.9267 [INFO; Root]  adding = 5
2022-08-10 06:06:55.2522 [INFO; Root]  adding = 5
2022-08-10 06:06:55.4227 [INFO; Root]  removing = 4
2022-08-10 06:06:55.4847 [INFO; Root]  removing = 3
2022-08-10 06:06:56.8643 [INFO; Root]  adding = 4
2022-08-10 06:06:56.9108 [INFO; Root]  adding = 5
2022-08-10 06:06:57.3448 [INFO; Root]  removing = 2
2022-08-10 06:06:57.5774 [INFO; Root]  removing = 1
2022-08-10 06:06:57.8254 [INFO; Root]  adding = 2
2022-08-10 06:06:58.1974 [INFO; Root]  adding = 2
2022-08-10 06:07:00.0445 [INFO; Root]  Client(id = 1, address = 127.0.0.1) disconnected: 2-End of file
2022-08-10 06:07:00.0590 [INFO; Root]  Player 1 left
