2022-08-16 06:17:33.0278 [INFO; Reactor.Server]  Loaded KSServerRuntime.Local.dll
2022-08-16 06:17:33.0358 [INFO; Root]  Loaded config.json
2022-08-16 06:17:33.0363 [INFO; Root]  Loaded config.GameScene.json
2022-08-16 06:17:33.0408 [INFO; Root]  KinematicSoup Technologies Inc.
2022-08-16 06:17:33.0408 [INFO; Root]  Reactor Server v0.10.0
2022-08-16 06:17:33.0413 [DEBUG; Root]  Could not open model file: model.bin. Compression will use the default model for sync transforms, and dynamic models for update transforms.
2022-08-16 06:17:33.0423 [INFO; Reactor.Server]  Missing API configuration. PlayerAPI features disabled.
2022-08-16 06:17:33.0498 [DEBUG; Root]  Loading Asset Scripts
2022-08-16 06:17:33.0523 [DEBUG; Root]  Loading Room Configs
2022-08-16 06:17:33.0558 [DEBUG; Root]  Initializing PhysX
2022-08-16 06:17:33.0673 [DEBUG; Root]  Loading PhysX geometry
2022-08-16 06:17:33.0763 [INFO; Root]  Loaded 8 geometries
2022-08-16 06:17:33.0768 [INFO; Root]  Loaded 2 geometries
2022-08-16 06:17:33.0768 [DEBUG; Root]  Loading entity prefabs
2022-08-16 06:17:33.0888 [INFO; Root]  Loaded 5 entity prefabs
2022-08-16 06:17:33.0888 [DEBUG; Root]  Loading entity instances
2022-08-16 06:17:33.1043 [DEBUG; Root]  Initializing scripts
2022-08-16 06:17:33.1109 [DEBUG; Root]  Room setup complete
2022-08-16 06:17:33.1113 [INFO; Reactor.ServerRoom]  Starting room 1
2022-08-16 06:17:33.1113 [INFO; Root]  Sending client updates every 2 frames
2022-08-16 06:17:33.1113 [INFO; Root]  Attempting to sync simulation time to match elapsed time.
2022-08-16 06:17:33.1118 [INFO; Root]  Opening TCP port 8000
