2022-08-07 06:12:23.8613 [INFO; Reactor.Server]  Loaded KSServerRuntime.Local.dll
2022-08-07 06:12:23.8693 [INFO; Root]  Loaded config.json
2022-08-07 06:12:23.8698 [INFO; Root]  Loaded config.GameScene.json
2022-08-07 06:12:23.8753 [INFO; Root]  KinematicSoup Technologies Inc.
2022-08-07 06:12:23.8753 [INFO; Root]  Reactor Server v0.10.0
2022-08-07 06:12:23.8758 [DEBUG; Root]  Could not open model file: model.bin. Compression will use the default model for sync transforms, and dynamic models for update transforms.
2022-08-07 06:12:23.8768 [INFO; Reactor.Server]  Missing API configuration. PlayerAPI features disabled.
2022-08-07 06:12:23.8858 [DEBUG; Root]  Loading Asset Scripts
2022-08-07 06:12:23.8883 [DEBUG; Root]  Loading Room Configs
2022-08-07 06:12:23.8918 [DEBUG; Root]  Initializing PhysX
2022-08-07 06:12:23.9048 [DEBUG; Root]  Loading PhysX geometry
2022-08-07 06:12:23.9158 [INFO; Root]  Loaded 7 geometries
2022-08-07 06:12:23.9158 [INFO; Root]  Loaded 2 geometries
2022-08-07 06:12:23.9158 [DEBUG; Root]  Loading entity prefabs
2022-08-07 06:12:23.9283 [INFO; Root]  Loaded 5 entity prefabs
2022-08-07 06:12:23.9283 [DEBUG; Root]  Loading entity instances
2022-08-07 06:12:23.9443 [DEBUG; Root]  Initializing scripts
2022-08-07 06:12:23.9518 [DEBUG; Root]  Room setup complete
2022-08-07 06:12:23.9523 [INFO; Reactor.ServerRoom]  Starting room 1
2022-08-07 06:12:23.9523 [INFO; Root]  Sending client updates every 2 frames
2022-08-07 06:12:23.9523 [INFO; Root]  Attempting to sync simulation time to match elapsed time.
2022-08-07 06:12:23.9528 [INFO; Root]  Opening TCP port 8000
2022-08-07 06:12:27.9671 [INFO; Root]  Client(id = 1, address = 127.0.0.1) connected
2022-08-07 06:12:27.9701 [DEBUG; Root]  Client(id = 1, address = 127.0.0.1) model validated
2022-08-07 06:12:27.9841 [DEBUG; Root]  Client(id = 1, address = 127.0.0.1) authenticated
2022-08-07 06:12:27.9917 [INFO; Root]  Player False joined
2022-08-07 06:12:28.3766 [INFO; Root]  RPC RECEIVED True and 1
2022-08-07 06:12:28.3766 [INFO; Root]  HeheTrue
2022-08-07 06:12:28.3801 [INFO; Root]  Start Match!
2022-08-07 06:12:28.3846 [INFO; Root]  5
2022-08-07 06:12:38.6373 [INFO; Root]  Client(id = 1, address = 127.0.0.1) disconnected: 2-End of file
2022-08-07 06:12:38.6442 [INFO; Root]  Player 1 left
