2022-08-11 10:37:01.9211 [INFO; Reactor.Server]  Loaded KSServerRuntime.Local.dll
2022-08-11 10:37:01.9295 [INFO; Root]  Loaded config.json
2022-08-11 10:37:01.9295 [INFO; Root]  Loaded config.GameScene.json
2022-08-11 10:37:01.9345 [INFO; Root]  KinematicSoup Technologies Inc.
2022-08-11 10:37:01.9345 [INFO; Root]  Reactor Server v0.10.0
2022-08-11 10:37:01.9345 [DEBUG; Root]  Could not open model file: model.bin. Compression will use the default model for sync transforms, and dynamic models for update transforms.
2022-08-11 10:37:01.9355 [INFO; Reactor.Server]  Missing API configuration. PlayerAPI features disabled.
2022-08-11 10:37:01.9446 [DEBUG; Root]  Loading Asset Scripts
2022-08-11 10:37:01.9465 [DEBUG; Root]  Loading Room Configs
2022-08-11 10:37:01.9511 [DEBUG; Root]  Initializing PhysX
2022-08-11 10:37:01.9626 [DEBUG; Root]  Loading PhysX geometry
2022-08-11 10:37:01.9721 [INFO; Root]  Loaded 8 geometries
2022-08-11 10:37:01.9726 [INFO; Root]  Loaded 2 geometries
2022-08-11 10:37:01.9726 [DEBUG; Root]  Loading entity prefabs
2022-08-11 10:37:01.9856 [INFO; Root]  Loaded 5 entity prefabs
2022-08-11 10:37:01.9856 [DEBUG; Root]  Loading entity instances
2022-08-11 10:37:02.0015 [DEBUG; Root]  Initializing scripts
2022-08-11 10:37:02.0091 [DEBUG; Root]  Room setup complete
2022-08-11 10:37:02.0096 [INFO; Reactor.ServerRoom]  Starting room 1
2022-08-11 10:37:02.0096 [INFO; Root]  Sending client updates every 2 frames
2022-08-11 10:37:02.0096 [INFO; Root]  Attempting to sync simulation time to match elapsed time.
2022-08-11 10:37:02.0101 [INFO; Root]  Opening TCP port 8000
2022-08-11 10:37:03.8175 [INFO; Root]  Client(id = 1, address = 127.0.0.1) connected
2022-08-11 10:37:03.8200 [DEBUG; Root]  Client(id = 1, address = 127.0.0.1) model validated
2022-08-11 10:37:03.8350 [DEBUG; Root]  Client(id = 1, address = 127.0.0.1) authenticated
2022-08-11 10:37:03.8480 [INFO; Root]  Player False joined
2022-08-11 10:37:09.1815 [INFO; Root]  Client(id = 2, address = 127.0.0.1) connected
2022-08-11 10:37:09.1840 [DEBUG; Root]  Client(id = 2, address = 127.0.0.1) model validated
2022-08-11 10:37:09.1870 [DEBUG; Root]  Client(id = 2, address = 127.0.0.1) authenticated
2022-08-11 10:37:09.1920 [INFO; Root]  Player False joined
2022-08-11 10:37:10.1020 [INFO; Root]  RPC RECEIVED True and 2
2022-08-11 10:37:10.1020 [INFO; Root]  HeheTrue
2022-08-11 10:37:10.9280 [INFO; Root]  RPC RECEIVED True and 1
2022-08-11 10:37:10.9280 [INFO; Root]  HeheTrue
2022-08-11 10:37:10.9280 [INFO; Root]  Start Match!
2022-08-11 10:37:10.9415 [INFO; Root]  Property Set
2022-08-11 10:37:10.9450 [INFO; Root]  5
2022-08-11 10:37:10.9465 [INFO; Root]  Property Set
2022-08-11 10:37:10.9465 [INFO; Root]  6
2022-08-11 10:37:12.6215 [INFO; Root]  server received request to spawn = 1
2022-08-11 10:37:13.9350 [INFO; Root]  server received request to spawn = 1
2022-08-11 10:37:13.9445 [INFO; Root]  Shooter
2022-08-11 10:37:14.7725 [INFO; Root]  Shooter
2022-08-11 10:37:14.8030 [INFO; Root]  Hivemind
2022-08-11 10:37:15.4380 [INFO; Root]  Hivemind
2022-08-11 10:37:15.5775 [INFO; Root]  Shooter
2022-08-11 10:37:16.2290 [INFO; Root]  Hivemind
2022-08-11 10:37:16.3995 [INFO; Root]  Shooter
2022-08-11 10:37:16.8020 [INFO; Root]  Hivemind
2022-08-11 10:37:17.2210 [INFO; Root]  Shooter
2022-08-11 10:37:17.3290 [INFO; Root]  Hivemind
2022-08-11 10:37:17.3320 [INFO; Root]  here1
2022-08-11 10:37:17.3320 [INFO; Root]  here1
2022-08-11 10:37:26.2895 [INFO; Root]  Client(id = 2, address = 127.0.0.1) disconnected: 2-End of file
2022-08-11 10:37:26.3045 [INFO; Root]  Player 2 left
2022-08-11 10:38:26.3765 [INFO; Root]  Client(id = 1, address = 127.0.0.1) disconnected: 2-End of file
2022-08-11 10:38:26.3815 [INFO; Root]  Player 1 left
