2022-08-07 14:13:45.6566 [INFO; Reactor.Server]  Loaded KSServerRuntime.Local.dll
2022-08-07 14:13:45.6972 [INFO; Root]  Loaded config.json
2022-08-07 14:13:45.6992 [INFO; Root]  Loaded config.GameScene.json
2022-08-07 14:13:45.7198 [INFO; Root]  KinematicSoup Technologies Inc.
2022-08-07 14:13:45.7198 [INFO; Root]  Reactor Server v0.10.0
2022-08-07 14:13:45.7198 [DEBUG; Root]  Could not open model file: model.bin. Compression will use the default model for sync transforms, and dynamic models for update transforms.
2022-08-07 14:13:45.7233 [INFO; Reactor.Server]  Missing API configuration. PlayerAPI features disabled.
2022-08-07 14:13:45.7543 [DEBUG; Root]  Loading Asset Scripts
2022-08-07 14:13:45.7613 [DEBUG; Root]  Loading Room Configs
2022-08-07 14:13:45.7763 [DEBUG; Root]  Initializing PhysX
2022-08-07 14:13:45.8219 [DEBUG; Root]  Loading PhysX geometry
2022-08-07 14:13:45.8514 [INFO; Root]  Loaded 7 geometries
2022-08-07 14:13:45.8523 [INFO; Root]  Loaded 2 geometries
2022-08-07 14:13:45.8523 [DEBUG; Root]  Loading entity prefabs
2022-08-07 14:13:45.8924 [INFO; Root]  Loaded 5 entity prefabs
2022-08-07 14:13:45.8924 [DEBUG; Root]  Loading entity instances
2022-08-07 14:13:45.9446 [DEBUG; Root]  Initializing scripts
2022-08-07 14:13:45.9701 [DEBUG; Root]  Room setup complete
2022-08-07 14:13:45.9708 [INFO; Reactor.ServerRoom]  Starting room 1
2022-08-07 14:13:45.9708 [INFO; Root]  Sending client updates every 2 frames
2022-08-07 14:13:45.9708 [INFO; Root]  Attempting to sync simulation time to match elapsed time.
2022-08-07 14:13:45.9727 [INFO; Root]  Opening TCP port 8000
2022-08-07 14:13:54.6899 [INFO; Root]  Client(id = 1, address = 10.6.167.22) connected
2022-08-07 14:13:54.6994 [DEBUG; Root]  Client(id = 1, address = 10.6.167.22) model validated
2022-08-07 14:13:54.7532 [DEBUG; Root]  Client(id = 1, address = 10.6.167.22) authenticated
2022-08-07 14:13:54.7707 [INFO; Root]  Player False joined
2022-08-07 14:13:55.0992 [INFO; Root]  RPC RECEIVED True and 1
2022-08-07 14:13:55.0992 [INFO; Root]  HeheTrue
2022-08-07 14:13:55.1134 [INFO; Root]  Start Match!
2022-08-07 14:13:55.1381 [INFO; Root]  5
2022-08-07 14:13:55.9493 [INFO; Root]  server received request to spawn = 1
2022-08-07 14:14:01.2160 [INFO; Root]  Client(id = 1, address = 10.6.167.22) disconnected: 2-End of file
2022-08-07 14:14:01.2267 [INFO; Root]  Player 1 left
