2022-08-07 20:03:45.1197 [INFO; Reactor.Server]  Loaded KSServerRuntime.Local.dll
2022-08-07 20:03:45.1452 [INFO; Root]  Loaded config.json
2022-08-07 20:03:45.1457 [INFO; Root]  Loaded config.GameScene.json
2022-08-07 20:03:45.1574 [INFO; Root]  KinematicSoup Technologies Inc.
2022-08-07 20:03:45.1574 [INFO; Root]  Reactor Server v0.10.0
2022-08-07 20:03:45.1574 [DEBUG; Root]  Could not open model file: model.bin. Compression will use the default model for sync transforms, and dynamic models for update transforms.
2022-08-07 20:03:45.1593 [INFO; Reactor.Server]  Missing API configuration. PlayerAPI features disabled.
2022-08-07 20:03:45.1799 [DEBUG; Root]  Loading Asset Scripts
2022-08-07 20:03:45.1845 [DEBUG; Root]  Loading Room Configs
2022-08-07 20:03:45.1951 [DEBUG; Root]  Initializing PhysX
2022-08-07 20:03:45.2231 [DEBUG; Root]  Loading PhysX geometry
2022-08-07 20:03:45.2415 [INFO; Root]  Loaded 7 geometries
2022-08-07 20:03:45.2422 [INFO; Root]  Loaded 2 geometries
2022-08-07 20:03:45.2422 [DEBUG; Root]  Loading entity prefabs
2022-08-07 20:03:45.2647 [INFO; Root]  Loaded 5 entity prefabs
2022-08-07 20:03:45.2647 [DEBUG; Root]  Loading entity instances
2022-08-07 20:03:45.2902 [DEBUG; Root]  Initializing scripts
2022-08-07 20:03:45.3007 [DEBUG; Root]  Room setup complete
2022-08-07 20:03:45.3017 [INFO; Reactor.ServerRoom]  Starting room 1
2022-08-07 20:03:45.3017 [INFO; Root]  Sending client updates every 2 frames
2022-08-07 20:03:45.3017 [INFO; Root]  Attempting to sync simulation time to match elapsed time.
2022-08-07 20:03:45.3027 [INFO; Root]  Opening TCP port 8000
