2022-08-07 14:13:30.7430 [INFO; Reactor.Server]  Loaded KSServerRuntime.Local.dll
2022-08-07 14:13:30.7807 [INFO; Root]  Loaded config.json
2022-08-07 14:13:30.7811 [INFO; Root]  Loaded config.GameScene.json
2022-08-07 14:13:30.7972 [INFO; Root]  KinematicSoup Technologies Inc.
2022-08-07 14:13:30.7972 [INFO; Root]  Reactor Server v0.10.0
2022-08-07 14:13:30.7982 [DEBUG; Root]  Could not open model file: model.bin. Compression will use the default model for sync transforms, and dynamic models for update transforms.
2022-08-07 14:13:30.8012 [INFO; Reactor.Server]  Missing API configuration. PlayerAPI features disabled.
2022-08-07 14:13:30.8287 [DEBUG; Root]  Loading Asset Scripts
2022-08-07 14:13:30.8345 [DEBUG; Root]  Loading Room Configs
2022-08-07 14:13:30.8457 [DEBUG; Root]  Initializing PhysX
2022-08-07 14:13:30.8904 [DEBUG; Root]  Loading PhysX geometry
2022-08-07 14:13:30.9199 [INFO; Root]  Loaded 7 geometries
2022-08-07 14:13:30.9210 [INFO; Root]  Loaded 2 geometries
2022-08-07 14:13:30.9210 [DEBUG; Root]  Loading entity prefabs
2022-08-07 14:13:30.9689 [INFO; Root]  Loaded 5 entity prefabs
2022-08-07 14:13:30.9689 [DEBUG; Root]  Loading entity instances
2022-08-07 14:13:31.0236 [DEBUG; Root]  Initializing scripts
2022-08-07 14:13:31.0465 [DEBUG; Root]  Room setup complete
2022-08-07 14:13:31.0476 [INFO; Reactor.ServerRoom]  Starting room 1
2022-08-07 14:13:31.0476 [INFO; Root]  Sending client updates every 2 frames
2022-08-07 14:13:31.0476 [INFO; Root]  Attempting to sync simulation time to match elapsed time.
2022-08-07 14:13:31.0505 [INFO; Root]  Opening TCP port 8000
