2022-08-13 06:08:50.5836 [INFO; Reactor.Server]  Loaded KSServerRuntime.Local.dll
2022-08-13 06:08:50.5916 [INFO; Root]  Loaded config.json
2022-08-13 06:08:50.5921 [INFO; Root]  Loaded config.GameScene.json
2022-08-13 06:08:50.5966 [INFO; Root]  KinematicSoup Technologies Inc.
2022-08-13 06:08:50.5966 [INFO; Root]  Reactor Server v0.10.0
2022-08-13 06:08:50.5966 [DEBUG; Root]  Could not open model file: model.bin. Compression will use the default model for sync transforms, and dynamic models for update transforms.
2022-08-13 06:08:50.5976 [INFO; Reactor.Server]  Missing API configuration. PlayerAPI features disabled.
2022-08-13 06:08:50.6056 [DEBUG; Root]  Loading Asset Scripts
2022-08-13 06:08:50.6076 [DEBUG; Root]  Loading Room Configs
2022-08-13 06:08:50.6116 [DEBUG; Root]  Initializing PhysX
2022-08-13 06:08:50.6231 [DEBUG; Root]  Loading PhysX geometry
2022-08-13 06:08:50.6331 [INFO; Root]  Loaded 8 geometries
2022-08-13 06:08:50.6336 [INFO; Root]  Loaded 2 geometries
2022-08-13 06:08:50.6336 [DEBUG; Root]  Loading entity prefabs
2022-08-13 06:08:50.6456 [INFO; Root]  Loaded 5 entity prefabs
2022-08-13 06:08:50.6456 [DEBUG; Root]  Loading entity instances
2022-08-13 06:08:50.6616 [DEBUG; Root]  Initializing scripts
2022-08-13 06:08:50.6691 [DEBUG; Root]  Room setup complete
2022-08-13 06:08:50.6691 [INFO; Reactor.ServerRoom]  Starting room 1
2022-08-13 06:08:50.6691 [INFO; Root]  Sending client updates every 2 frames
2022-08-13 06:08:50.6691 [INFO; Root]  Attempting to sync simulation time to match elapsed time.
2022-08-13 06:08:50.6696 [INFO; Root]  Opening TCP port 8000
2022-08-13 06:08:54.5958 [INFO; Root]  Client(id = 1, address = 127.0.0.1) connected
2022-08-13 06:08:54.5983 [DEBUG; Root]  Client(id = 1, address = 127.0.0.1) model validated
2022-08-13 06:08:54.6113 [DEBUG; Root]  Client(id = 1, address = 127.0.0.1) authenticated
2022-08-13 06:08:54.6248 [INFO; Root]  Player False joined
2022-08-13 06:08:54.8608 [INFO; Root]  RPC RECEIVED True and 1
2022-08-13 06:08:54.8608 [INFO; Root]  HeheTrue
2022-08-13 06:08:54.8643 [INFO; Root]  Start Match!
2022-08-13 06:08:54.8694 [INFO; Root]  Here 
2022-08-13 06:08:54.8704 [INFO; Root]  5
2022-08-13 06:08:56.1581 [INFO; Root]  server received request to spawn = 1
2022-08-13 06:08:57.7684 [INFO; Root]  Reactor.ServerRoom
2022-08-13 06:08:57.7689 [INFO; Root]  Request to take control of unit passed
2022-08-13 06:08:58.1554 [INFO; Root]  Debug Destroyed
2022-08-13 06:09:01.2665 [INFO; Root]  Client(id = 1, address = 127.0.0.1) disconnected: 2-End of file
2022-08-13 06:09:01.2875 [INFO; Root]  Player 1 left
