2022-08-05 13:58:04.5749 [INFO; Reactor.Server]  Loaded KSServerRuntime.Local.dll
2022-08-05 13:58:04.5839 [INFO; Root]  Loaded config.json
2022-08-05 13:58:04.5844 [INFO; Root]  Loaded config.GameScene.json
2022-08-05 13:58:04.5899 [INFO; Root]  KinematicSoup Technologies Inc.
2022-08-05 13:58:04.5899 [INFO; Root]  Reactor Server v0.10.0
2022-08-05 13:58:04.5904 [DEBUG; Root]  Could not open model file: model.bin. Compression will use the default model for sync transforms, and dynamic models for update transforms.
2022-08-05 13:58:04.5919 [INFO; Reactor.Server]  Missing API configuration. PlayerAPI features disabled.
2022-08-05 13:58:04.6014 [DEBUG; Root]  Loading Asset Scripts
2022-08-05 13:58:04.6039 [DEBUG; Root]  Loading Room Configs
2022-08-05 13:58:04.6079 [DEBUG; Root]  Initializing PhysX
2022-08-05 13:58:04.6209 [DEBUG; Root]  Loading PhysX geometry
2022-08-05 13:58:04.6314 [INFO; Root]  Loaded 7 geometries
2022-08-05 13:58:04.6314 [INFO; Root]  Loaded 2 geometries
2022-08-05 13:58:04.6314 [DEBUG; Root]  Loading entity prefabs
2022-08-05 13:58:04.6454 [INFO; Root]  Loaded 5 entity prefabs
2022-08-05 13:58:04.6454 [DEBUG; Root]  Loading entity instances
2022-08-05 13:58:04.6624 [DEBUG; Root]  Initializing scripts
2022-08-05 13:58:04.6699 [DEBUG; Root]  Room setup complete
2022-08-05 13:58:04.6704 [INFO; Reactor.ServerRoom]  Starting room 1
2022-08-05 13:58:04.6704 [INFO; Root]  Sending client updates every 2 frames
2022-08-05 13:58:04.6704 [INFO; Root]  Attempting to sync simulation time to match elapsed time.
2022-08-05 13:58:04.6704 [INFO; Root]  Opening TCP port 8000
2022-08-05 13:58:08.3215 [INFO; Root]  Client(id = 1, address = 127.0.0.1) connected
2022-08-05 13:58:08.3246 [DEBUG; Root]  Client(id = 1, address = 127.0.0.1) model validated
2022-08-05 13:58:08.3391 [DEBUG; Root]  Client(id = 1, address = 127.0.0.1) authenticated
2022-08-05 13:58:08.3586 [INFO; Root]  Player False joined
2022-08-05 13:58:08.8105 [INFO; Root]  RPC RECEIVED True and 1
2022-08-05 13:58:08.8105 [INFO; Root]  HeheTrue
2022-08-05 13:58:08.8140 [INFO; Root]  Start Match!
2022-08-05 13:58:08.8186 [INFO; Root]  5
2022-08-05 13:58:09.3571 [INFO; Root]  server received request to spawn = 0
2022-08-05 13:58:09.9916 [INFO; Root]  Request to take control of unit passed
2022-08-05 13:58:11.2460 [INFO; Root]  Received 13
2022-08-05 13:58:11.3081 [INFO; Root]  Received 18
2022-08-05 13:58:12.3311 [INFO; Root]  Received 80
2022-08-05 13:58:12.3930 [INFO; Root]  Received 85
2022-08-05 13:58:12.4861 [INFO; Root]  Received 91
2022-08-05 13:58:13.1991 [INFO; Root]  Received 35
2022-08-05 13:58:13.6641 [INFO; Root]  Received 64
2022-08-05 13:58:15.2140 [INFO; Root]  Received 58
2022-08-05 13:58:16.5161 [INFO; Root]  Received 37
2022-08-05 13:58:18.0351 [INFO; Root]  Received 29
2022-08-05 13:58:20.8830 [INFO; Root]  Client(id = 1, address = 127.0.0.1) disconnected: 2-End of file
2022-08-05 13:58:20.8876 [INFO; Root]  Player 1 left
