2022-08-21 06:03:31.6423 [INFO; Reactor.Server]  Loaded KSServerRuntime.Local.dll
2022-08-21 06:03:31.6513 [INFO; Root]  Loaded config.json
2022-08-21 06:03:31.6513 [INFO; Root]  Loaded config.GameScene.json
2022-08-21 06:03:31.6563 [INFO; Root]  KinematicSoup Technologies Inc.
2022-08-21 06:03:31.6563 [INFO; Root]  Reactor Server v0.10.0
2022-08-21 06:03:31.6563 [DEBUG; Root]  Could not open model file: model.bin. Compression will use the default model for sync transforms, and dynamic models for update transforms.
2022-08-21 06:03:31.6573 [INFO; Reactor.Server]  Missing API configuration. PlayerAPI features disabled.
2022-08-21 06:03:31.6658 [DEBUG; Root]  Loading Asset Scripts
2022-08-21 06:03:31.6683 [DEBUG; Root]  Loading Room Configs
2022-08-21 06:03:31.6723 [DEBUG; Root]  Initializing PhysX
2022-08-21 06:03:31.6863 [DEBUG; Root]  Loading PhysX geometry
2022-08-21 06:03:31.6963 [INFO; Root]  Loaded 8 geometries
2022-08-21 06:03:31.6968 [INFO; Root]  Loaded 3 geometries
2022-08-21 06:03:31.6968 [DEBUG; Root]  Loading entity prefabs
2022-08-21 06:03:31.7103 [INFO; Root]  Loaded 5 entity prefabs
2022-08-21 06:03:31.7103 [DEBUG; Root]  Loading entity instances
2022-08-21 06:03:31.7233 [DEBUG; Root]  Initializing scripts
2022-08-21 06:03:31.7303 [DEBUG; Root]  Room setup complete
2022-08-21 06:03:31.7303 [INFO; Reactor.ServerRoom]  Starting room 1
2022-08-21 06:03:31.7303 [INFO; Root]  Sending client updates every 2 frames
2022-08-21 06:03:31.7303 [INFO; Root]  Attempting to sync simulation time to match elapsed time.
2022-08-21 06:03:31.7313 [INFO; Root]  Opening TCP port 8000
2022-08-21 06:03:36.4532 [INFO; Root]  Client(id = 1, address = 127.0.0.1) connected
2022-08-21 06:03:36.4562 [DEBUG; Root]  Client(id = 1, address = 127.0.0.1) model validated
2022-08-21 06:03:36.4687 [DEBUG; Root]  Client(id = 1, address = 127.0.0.1) authenticated
2022-08-21 06:03:36.4852 [INFO; Root]  Player False joined
2022-08-21 06:03:37.7084 [INFO; Root]  RPC RECEIVED True and 1
2022-08-21 06:03:37.7084 [INFO; Root]  HeheTrue
2022-08-21 06:03:38.2304 [INFO; Root]  server received request to spawn = 0
2022-08-21 06:03:38.2354 [INFO; Root]  Reactor.ServerEntity
2022-08-21 06:03:39.5759 [INFO; Root]  Received 40
2022-08-21 06:03:39.5924 [INFO; Root]  Shooter
2022-08-21 06:03:39.6534 [INFO; Root]  Hivemind
2022-08-21 06:03:40.2274 [INFO; Root]  Debug Destroyed
2022-08-21 06:03:40.4129 [INFO; Root]  Shooter
2022-08-21 06:03:41.2189 [INFO; Root]  Shooter
2022-08-21 06:03:42.0404 [INFO; Root]  Shooter
2022-08-21 06:03:42.1799 [INFO; Root]  Shooter
2022-08-21 06:03:42.8619 [INFO; Root]  Shooter
2022-08-21 06:03:43.6679 [INFO; Root]  Shooter
2022-08-21 06:03:44.4894 [INFO; Root]  Shooter
2022-08-21 06:03:45.3109 [INFO; Root]  Shooter
2022-08-21 06:03:45.5744 [INFO; Root]  Received 41
2022-08-21 06:03:48.8519 [INFO; Root]  Received 42
2022-08-21 06:03:48.8674 [INFO; Root]  Shooter
2022-08-21 06:03:48.9294 [INFO; Root]  Received 43
2022-08-21 06:03:49.9369 [INFO; Root]  Received 44
2022-08-21 06:03:49.9524 [INFO; Root]  Shooter
2022-08-21 06:03:50.7739 [INFO; Root]  Shooter
2022-08-21 06:03:51.5954 [INFO; Root]  Shooter
2022-08-21 06:03:51.8279 [INFO; Root]  Received 45
2022-08-21 06:03:52.7679 [INFO; Root]  Client(id = 1, address = 127.0.0.1) disconnected: 2-End of file
2022-08-21 06:03:52.7744 [INFO; Root]  Player 1 left
2022-08-21 06:03:52.7749 [WARNING; Reactor.ServerEntity]  Cannot delete permanent entity (type: , id: 1).
2022-08-21 06:03:52.7749 [WARNING; Reactor.ServerEntity]  Cannot delete permanent entity (type: , id: 2).
