2022-08-15 15:14:15.2629 [INFO; Reactor.Server]  Loaded KSServerRuntime.Local.dll
2022-08-15 15:14:15.2980 [INFO; Root]  Loaded config.json
2022-08-15 15:14:15.2980 [INFO; Root]  Loaded config.GameScene.json
2022-08-15 15:14:15.3123 [INFO; Root]  KinematicSoup Technologies Inc.
2022-08-15 15:14:15.3123 [INFO; Root]  Reactor Server v0.10.0
2022-08-15 15:14:15.3123 [DEBUG; Root]  Could not open model file: model.bin. Compression will use the default model for sync transforms, and dynamic models for update transforms.
2022-08-15 15:14:15.3144 [INFO; Reactor.Server]  Missing API configuration. PlayerAPI features disabled.
2022-08-15 15:14:15.3326 [DEBUG; Root]  Loading Asset Scripts
2022-08-15 15:14:15.3354 [DEBUG; Root]  Loading Room Configs
2022-08-15 15:14:15.3468 [DEBUG; Root]  Initializing PhysX
2022-08-15 15:14:15.3783 [DEBUG; Root]  Loading PhysX geometry
2022-08-15 15:14:15.3971 [INFO; Root]  Loaded 8 geometries
2022-08-15 15:14:15.3981 [INFO; Root]  Loaded 2 geometries
2022-08-15 15:14:15.3981 [DEBUG; Root]  Loading entity prefabs
2022-08-15 15:14:15.4232 [INFO; Root]  Loaded 5 entity prefabs
2022-08-15 15:14:15.4232 [DEBUG; Root]  Loading entity instances
2022-08-15 15:14:15.4519 [DEBUG; Root]  Initializing scripts
2022-08-15 15:14:15.4663 [DEBUG; Root]  Room setup complete
2022-08-15 15:14:15.4668 [INFO; Reactor.ServerRoom]  Starting room 1
2022-08-15 15:14:15.4668 [INFO; Root]  Sending client updates every 2 frames
2022-08-15 15:14:15.4668 [INFO; Root]  Attempting to sync simulation time to match elapsed time.
2022-08-15 15:14:15.4673 [INFO; Root]  Opening TCP port 8000
2022-08-15 15:14:22.4831 [INFO; Root]  Client(id = 1, address = 10.6.167.25) connected
2022-08-15 15:14:22.4933 [DEBUG; Root]  Client(id = 1, address = 10.6.167.25) model validated
2022-08-15 15:14:22.5201 [DEBUG; Root]  Client(id = 1, address = 10.6.167.25) authenticated
2022-08-15 15:14:22.5452 [INFO; Root]  Player False joined
2022-08-15 15:14:22.9354 [INFO; Root]  RPC RECEIVED True and 1
2022-08-15 15:14:22.9354 [INFO; Root]  HeheTrue
2022-08-15 15:14:22.9564 [INFO; Root]  Start Match!
2022-08-15 15:14:22.9824 [INFO; Root]  Here 
2022-08-15 15:14:22.9887 [INFO; Root]  Reactor.ServerRoom
2022-08-15 15:14:22.9964 [INFO; Root]  5
2022-08-15 15:14:35.0737 [INFO; Root]  Client(id = 1, address = 10.6.167.25) disconnected: 2-End of file
2022-08-15 15:14:35.0867 [INFO; Root]  Player 1 left
