2022-11-04 13:32:18.9868 [INFO; Root]  KinematicSoup Technologies Inc.
2022-11-04 13:32:18.9913 [INFO; Root]  Reactor Server v0.10.1
2022-11-04 13:32:19.0144 [WARNING; Reactor.Server]  Error parsing model file 'model.bin'. Defaulting to dynmaic model generation.
2022-11-04 13:32:19.0180 [INFO; Reactor.Server]  Missing API configuration. PlayerAPI features disabled.
2022-11-04 13:32:19.0286 [DEBUG; Root]  Loading Asset Scripts
2022-11-04 13:32:19.0306 [DEBUG; Root]  Loading Room Configs
2022-11-04 13:32:19.0346 [DEBUG; Root]  Initializing PhysX
2022-11-04 13:32:19.0503 [DEBUG; Root]  Loading PhysX geometry
2022-11-04 13:32:19.0522 [INFO; Root]  Loaded 7 geometries
2022-11-04 13:32:19.0522 [INFO; Root]  Loaded 3 geometries
2022-11-04 13:32:19.0522 [DEBUG; Root]  Loading entity prefabs
2022-11-04 13:32:19.0669 [INFO; Root]  Loaded 5 entity prefabs
2022-11-04 13:32:19.0669 [DEBUG; Root]  Loading entity instances
2022-11-04 13:32:19.0815 [DEBUG; Root]  Initializing scripts
2022-11-04 13:32:19.0896 [DEBUG; Root]  Room setup complete
2022-11-04 13:32:19.0901 [INFO; Reactor.ServerRoom]  Starting room 1
2022-11-04 13:32:19.0901 [INFO; Root]  Sending client updates every 2 frames
2022-11-04 13:32:19.0901 [INFO; Root]  Attempting to sync simulation time to match elapsed time.
2022-11-04 13:32:19.0906 [INFO; Root]  Opening TCP port 8000
2022-11-04 13:32:20.5746 [INFO; Root]  Client(id = 1, address = 127.0.0.1:58006) connected
2022-11-04 13:32:20.5751 [DEBUG; Root]  Client(id = 1, address = 127.0.0.1:58006) model validated
2022-11-04 13:32:20.5862 [DEBUG; Root]  Client(id = 1, address = 127.0.0.1:58006) authenticated
2022-11-04 13:32:20.5937 [INFO; Root]  Player False joined
2022-11-04 13:32:23.3366 [INFO; Root]  2000
2022-11-04 13:32:24.3774 [INFO; Root]  OnOverlap
2022-11-04 13:32:25.1207 [INFO; Root]  OnOverlap
2022-11-04 13:32:25.3535 [INFO; Root]  OnOverlap
2022-11-04 13:32:26.0986 [INFO; Root]  OnOverlap
2022-11-04 13:32:26.5025 [INFO; Root]  OnOverlap
2022-11-04 13:32:26.8761 [INFO; Root]  Organelle Contacted: 1
2022-11-04 13:32:27.2626 [INFO; Root]  Organelle Contacted: 1
2022-11-04 13:32:27.3889 [INFO; Root]  OnOverlap
2022-11-04 13:32:27.6551 [INFO; Root]  (4.893781, -2.393169)
2022-11-04 13:32:27.6566 [INFO; Root]  (4.893781, -2.393169)
2022-11-04 13:32:27.6842 [INFO; Root]  DelayTimerTimout 
2022-11-04 13:32:27.7162 [INFO; Root]  OnOverlap
2022-11-04 13:32:28.0578 [INFO; Root]  DelayTimerTimout 
2022-11-04 13:32:28.1343 [INFO; Root]  OnOverlap
2022-11-04 13:32:28.1680 [INFO; Root]  (2.868875, -4.489414)
2022-11-04 13:32:28.1685 [INFO; Root]  (2.868875, -4.489414)
2022-11-04 13:32:28.6779 [INFO; Root]  (-0.8070212, -5.283894)
2022-11-04 13:32:28.6779 [INFO; Root]  (-0.8070212, -5.283894)
2022-11-04 13:32:29.1918 [INFO; Root]  (-2.630911, -5.232991)
2022-11-04 13:32:29.1923 [INFO; Root]  (-2.630911, -5.232991)
2022-11-04 13:32:29.2700 [INFO; Root]  OnOverlap
2022-11-04 13:32:29.7207 [INFO; Root]  (-4.699498, -3.292996)
2022-11-04 13:32:29.7211 [INFO; Root]  (-4.699498, -3.292996)
2022-11-04 13:32:30.2319 [INFO; Root]  (-5.139902, -1.132498)
2022-11-04 13:32:30.2324 [INFO; Root]  (-5.139902, -1.132498)
2022-11-04 13:32:30.4650 [INFO; Root]  OnOverlap
2022-11-04 13:32:30.7564 [INFO; Root]  (-5.702425, -0.361146)
2022-11-04 13:32:30.7564 [INFO; Root]  (-5.702425, -0.361146)
2022-11-04 13:32:31.0943 [INFO; Root]  OnOverlap
2022-11-04 13:32:31.2652 [INFO; Root]  (-5.279472, 1.034143)
2022-11-04 13:32:31.2652 [INFO; Root]  (-5.279472, 1.034143)
2022-11-04 13:32:31.7799 [INFO; Root]  (-2.554362, 1.196082)
2022-11-04 13:32:31.7799 [INFO; Root]  (-2.554362, 1.196082)
2022-11-04 13:32:32.2916 [INFO; Root]  (0.2013588, 1.709988)
2022-11-04 13:32:32.2916 [INFO; Root]  (0.2013588, 1.709988)
2022-11-04 13:32:32.6486 [INFO; Root]  OnOverlap
2022-11-04 13:32:32.8186 [INFO; Root]  (2.236217, 0.7442639)
2022-11-04 13:32:32.8186 [INFO; Root]  (2.236217, 0.7442639)
2022-11-04 13:32:33.3272 [INFO; Root]  (1.864157, 0.9164147)
2022-11-04 13:32:33.3272 [INFO; Root]  (1.864157, 0.9164147)
2022-11-04 13:32:33.8512 [INFO; Root]  (1.667845, -0.04871178)
2022-11-04 13:32:33.8517 [INFO; Root]  (1.667845, -0.04871178)
2022-11-04 13:32:34.3611 [INFO; Root]  (1.504844, -0.09175682)
2022-11-04 13:32:34.3611 [INFO; Root]  (1.504844, -0.09175682)
2022-11-04 13:32:34.8846 [INFO; Root]  (1.519602, 0.6179991)
2022-11-04 13:32:34.8846 [INFO; Root]  (1.519602, 0.6179991)
2022-11-04 13:32:34.8999 [INFO; Root]  OnOverlap
2022-11-04 13:32:35.3928 [INFO; Root]  (1.539468, -0.7648973)
2022-11-04 13:32:35.3932 [INFO; Root]  (1.539468, -0.7648973)
2022-11-04 13:32:35.9165 [INFO; Root]  (2.583169, 3.099427)
2022-11-04 13:32:35.9170 [INFO; Root]  (2.583169, 3.099427)
2022-11-04 13:32:36.4301 [INFO; Root]  (3.182154, 2.905135)
2022-11-04 13:32:36.4306 [INFO; Root]  (3.182154, 2.905135)
2022-11-04 13:32:36.8317 [INFO; Root]  OnOverlap
2022-11-04 13:32:36.9406 [INFO; Root]  (1.237524, -1.376588)
2022-11-04 13:32:36.9406 [INFO; Root]  (1.237524, -1.376588)
2022-11-04 13:32:37.4691 [INFO; Root]  (-3.47408, -2.99913)
2022-11-04 13:32:37.4691 [INFO; Root]  (-3.47408, -2.99913)
2022-11-04 13:32:37.9818 [INFO; Root]  (-5.585634, -3.225656)
2022-11-04 13:32:37.9818 [INFO; Root]  (-5.585634, -3.225656)
2022-11-04 13:32:38.4925 [INFO; Root]  (-1.031681, -3.780866)
2022-11-04 13:32:38.4925 [INFO; Root]  (-1.031681, -3.780866)
2022-11-04 13:32:38.6786 [INFO; Root]  OnOverlap
2022-11-04 13:32:39.0213 [INFO; Root]  (4.25561, -2.111917)
2022-11-04 13:32:39.0213 [INFO; Root]  (4.25561, -2.111917)
2022-11-04 13:32:39.2542 [INFO; Root]  OnOverlap
2022-11-04 13:32:39.5349 [INFO; Root]  (5.271412, -2.133114)
2022-11-04 13:32:39.5349 [INFO; Root]  (5.271412, -2.133114)
2022-11-04 13:32:39.7051 [INFO; Root]  OnOverlap
2022-11-04 13:32:40.0494 [INFO; Root]  (5.128448, -4.635784)
2022-11-04 13:32:40.0494 [INFO; Root]  (5.128448, -4.635784)
2022-11-04 13:32:40.5611 [INFO; Root]  (-0.9736615, -4.783636)
2022-11-04 13:32:40.5611 [INFO; Root]  (-0.9736615, -4.783636)
2022-11-04 13:32:41.0742 [INFO; Root]  (-4.591118, -0.4969993)
2022-11-04 13:32:41.0747 [INFO; Root]  (-4.591118, -0.4969993)
2022-11-04 13:32:41.3222 [INFO; Root]  OnOverlap
2022-11-04 13:32:41.6014 [INFO; Root]  (-0.6026707, 1.85838)
2022-11-04 13:32:41.6014 [INFO; Root]  (-0.6026707, 1.85838)
2022-11-04 13:32:41.7415 [INFO; Root]  OnOverlap
2022-11-04 13:32:42.6982 [INFO; Root]  Client(id = 1, address = 127.0.0.1:58006) disconnected: 2-End of file
2022-11-04 13:32:42.7012 [INFO; Root]  Player 1 left
