2022-08-17 15:01:35.6479 [INFO; Reactor.Server]  Loaded KSServerRuntime.Local.dll
2022-08-17 15:01:35.6559 [INFO; Root]  Loaded config.json
2022-08-17 15:01:35.6559 [INFO; Root]  Loaded config.GameScene.json
2022-08-17 15:01:35.6614 [INFO; Root]  KinematicSoup Technologies Inc.
2022-08-17 15:01:35.6614 [INFO; Root]  Reactor Server v0.10.0
2022-08-17 15:01:35.6614 [DEBUG; Root]  Could not open model file: model.bin. Compression will use the default model for sync transforms, and dynamic models for update transforms.
2022-08-17 15:01:35.6629 [INFO; Reactor.Server]  Missing API configuration. PlayerAPI features disabled.
2022-08-17 15:01:35.6714 [DEBUG; Root]  Loading Asset Scripts
2022-08-17 15:01:35.6744 [DEBUG; Root]  Loading Room Configs
2022-08-17 15:01:35.6779 [DEBUG; Root]  Initializing PhysX
2022-08-17 15:01:35.6889 [DEBUG; Root]  Loading PhysX geometry
2022-08-17 15:01:35.6984 [INFO; Root]  Loaded 8 geometries
2022-08-17 15:01:35.6989 [INFO; Root]  Loaded 2 geometries
2022-08-17 15:01:35.6989 [DEBUG; Root]  Loading entity prefabs
2022-08-17 15:01:35.7109 [INFO; Root]  Loaded 5 entity prefabs
2022-08-17 15:01:35.7109 [DEBUG; Root]  Loading entity instances
2022-08-17 15:01:35.7269 [DEBUG; Root]  Initializing scripts
2022-08-17 15:01:35.7339 [DEBUG; Root]  Room setup complete
2022-08-17 15:01:35.7344 [INFO; Reactor.ServerRoom]  Starting room 1
2022-08-17 15:01:35.7344 [INFO; Root]  Sending client updates every 2 frames
2022-08-17 15:01:35.7344 [INFO; Root]  Attempting to sync simulation time to match elapsed time.
2022-08-17 15:01:35.7344 [INFO; Root]  Opening TCP port 8000
2022-08-17 15:01:36.9516 [INFO; Root]  Client(id = 1, address = 127.0.0.1) connected
2022-08-17 15:01:36.9541 [DEBUG; Root]  Client(id = 1, address = 127.0.0.1) model validated
2022-08-17 15:01:36.9676 [DEBUG; Root]  Client(id = 1, address = 127.0.0.1) authenticated
2022-08-17 15:01:36.9731 [INFO; Root]  Player False joined
2022-08-17 15:01:38.9258 [INFO; Root]  Client(id = 2, address = 127.0.0.1) connected
2022-08-17 15:01:38.9293 [DEBUG; Root]  Client(id = 2, address = 127.0.0.1) model validated
2022-08-17 15:01:38.9323 [DEBUG; Root]  Client(id = 2, address = 127.0.0.1) authenticated
2022-08-17 15:01:38.9363 [INFO; Root]  Player False joined
2022-08-17 15:01:39.2419 [INFO; Root]  RPC RECEIVED True and 2
2022-08-17 15:01:39.2419 [INFO; Root]  HeheTrue
2022-08-17 15:01:40.0195 [INFO; Root]  RPC RECEIVED True and 1
2022-08-17 15:01:40.0195 [INFO; Root]  HeheTrue
2022-08-17 15:01:40.0195 [INFO; Root]  Start Match!
2022-08-17 15:01:40.0255 [INFO; Root]  Here 
2022-08-17 15:01:40.0275 [INFO; Root]  Request to take control of unit passed
2022-08-17 15:01:40.0290 [INFO; Root]  5
2022-08-17 15:01:40.0295 [INFO; Root]  Here 
2022-08-17 15:01:40.0295 [INFO; Root]  Request to take control of unit passed
2022-08-17 15:01:40.0295 [INFO; Root]  6
2022-08-17 15:01:41.1451 [INFO; Root]  server received request to spawn = 100
2022-08-17 15:01:41.1506 [INFO; Root]  Reactor.ServerEntity
2022-08-17 15:01:41.1511 [INFO; Root]  Reactor.ServerEntity
2022-08-17 15:01:41.1576 [INFO; Root]  Hivemind
2022-08-17 15:01:41.1576 [INFO; Root]  Shooter
2022-08-17 15:01:41.4982 [INFO; Root]  Hivemind
2022-08-17 15:01:41.9787 [INFO; Root]  Shooter
2022-08-17 15:01:42.0252 [INFO; Root]  Hivemind
2022-08-17 15:01:42.4903 [INFO; Root]  Hivemind
2022-08-17 15:01:42.8003 [INFO; Root]  Shooter
2022-08-17 15:01:43.1259 [INFO; Root]  Hivemind
2022-08-17 15:01:43.1419 [INFO; Root]  Debug Destroyed
2022-08-17 15:01:43.6064 [INFO; Root]  Shooter
2022-08-17 15:01:43.7614 [INFO; Root]  Hivemind
2022-08-17 15:01:43.8084 [INFO; Root]  server received request to spawn = 85
2022-08-17 15:01:43.8120 [INFO; Root]  Reactor.ServerEntity
2022-08-17 15:01:43.8124 [INFO; Root]  Collision StartedTrue   False
2022-08-17 15:01:43.9480 [INFO; Root]  collision Lost
2022-08-17 15:01:44.4280 [INFO; Root]  Shooter
2022-08-17 15:01:44.4590 [INFO; Root]  Hivemind
2022-08-17 15:01:44.7226 [INFO; Root]  Request to take control of unit passed
2022-08-17 15:01:45.2501 [INFO; Root]  Shooter
2022-08-17 15:01:45.2961 [INFO; Root]  Hivemind
2022-08-17 15:01:46.0557 [INFO; Root]  Shooter
2022-08-17 15:01:46.0867 [INFO; Root]  Hivemind
2022-08-17 15:01:46.8774 [INFO; Root]  Request to take control of unit passed
2022-08-17 15:01:46.8778 [INFO; Root]  Shooter
2022-08-17 15:01:46.9238 [INFO; Root]  Hivemind
2022-08-17 15:01:47.7299 [INFO; Root]  Collision StartedTrue   False
2022-08-17 15:01:48.2105 [INFO; Root]  collision Lost
2022-08-17 15:01:48.6136 [INFO; Root]  Received 344
2022-08-17 15:01:48.6291 [INFO; Root]  Shooter
2022-08-17 15:01:48.6756 [INFO; Root]  Received 345
2022-08-17 15:01:48.8311 [INFO; Root]  Collector
2022-08-17 15:01:49.2491 [INFO; Root]  Received 346
2022-08-17 15:01:49.4507 [INFO; Root]  Shooter
2022-08-17 15:01:49.6987 [INFO; Root]  Collector
2022-08-17 15:01:49.7917 [INFO; Root]  Hivemind
2022-08-17 15:01:50.2568 [INFO; Root]  Shooter
2022-08-17 15:01:50.4273 [INFO; Root]  Collector
2022-08-17 15:01:50.8613 [INFO; Root]  Hivemind
2022-08-17 15:01:51.0784 [INFO; Root]  Shooter
2022-08-17 15:01:51.2334 [INFO; Root]  Hivemind
2022-08-17 15:01:51.3109 [INFO; Root]  Received 347
2022-08-17 15:01:51.7760 [INFO; Root]  Received 348
2022-08-17 15:01:51.9000 [INFO; Root]  Shooter
2022-08-17 15:01:51.9930 [INFO; Root]  Received 349
2022-08-17 15:01:52.4270 [INFO; Root]  Hivemind
2022-08-17 15:01:52.5201 [INFO; Root]  Received 350
2022-08-17 15:01:52.5821 [INFO; Root]  Received 351
2022-08-17 15:01:52.9851 [INFO; Root]  Received 352
2022-08-17 15:01:53.0006 [INFO; Root]  Shooter
2022-08-17 15:01:53.2486 [INFO; Root]  Received 353
2022-08-17 15:01:53.4967 [INFO; Root]  Hivemind
2022-08-17 15:01:53.5587 [INFO; Root]  Received 354
2022-08-17 15:01:53.6517 [INFO; Root]  Received 355
2022-08-17 15:01:53.8687 [INFO; Root]  Received 356
2022-08-17 15:01:53.8842 [INFO; Root]  Shooter
2022-08-17 15:01:54.1013 [INFO; Root]  Received 357
2022-08-17 15:01:54.2563 [INFO; Root]  Hivemind
2022-08-17 15:01:54.4733 [INFO; Root]  Received 358
2022-08-17 15:01:54.7008 [INFO; Root]  Shooter
2022-08-17 15:01:54.7678 [INFO; Root]  Received 359
2022-08-17 15:01:55.4654 [INFO; Root]  Received 360
2022-08-17 15:01:55.4654 [INFO; Root]  Obstacles
2022-08-17 15:01:55.5119 [INFO; Root]  Shooter
2022-08-17 15:01:55.7600 [INFO; Root]  Received 361
2022-08-17 15:01:56.2560 [INFO; Root]  Hivemind
2022-08-17 15:01:56.3795 [INFO; Root]  Received 362
2022-08-17 15:01:56.3951 [INFO; Root]  Shooter
2022-08-17 15:01:56.4416 [INFO; Root]  Received 363
2022-08-17 15:01:56.8136 [INFO; Root]  Hivemind
2022-08-17 15:01:56.9841 [INFO; Root]  Collision StartedTrue   True
2022-08-17 15:01:56.9996 [INFO; Root]  collision Lost
2022-08-17 15:01:57.0771 [INFO; Root]  Collision StartedTrue   True
2022-08-17 15:01:57.0926 [INFO; Root]  collision Lost
2022-08-17 15:01:57.1081 [INFO; Root]  Collision StartedTrue   True
2022-08-17 15:01:57.1237 [INFO; Root]  collision Lost
2022-08-17 15:01:57.1396 [INFO; Root]  Collision StartedTrue   True
2022-08-17 15:01:57.1546 [INFO; Root]  collision Lost
2022-08-17 15:01:57.1857 [INFO; Root]  Collision StartedTrue   True
2022-08-17 15:01:57.2012 [INFO; Root]  collision Lost
2022-08-17 15:01:57.2167 [INFO; Root]  Collision StartedTrue   True
2022-08-17 15:01:57.2322 [INFO; Root]  collision Lost
2022-08-17 15:01:57.2482 [INFO; Root]  Collision StartedTrue   True
2022-08-17 15:01:57.2632 [INFO; Root]  Hivemind
2022-08-17 15:01:57.2632 [INFO; Root]  collision Lost
2022-08-17 15:01:57.2787 [INFO; Root]  Collision StartedTrue   True
2022-08-17 15:01:57.2942 [INFO; Root]  collision Lost
2022-08-17 15:01:57.3097 [INFO; Root]  Received 364
2022-08-17 15:01:57.3102 [INFO; Root]  Collision StartedTrue   True
2022-08-17 15:01:57.3252 [INFO; Root]  Shooter
2022-08-17 15:01:57.3252 [INFO; Root]  collision Lost
2022-08-17 15:01:57.3412 [INFO; Root]  Collision StartedTrue   True
2022-08-17 15:01:57.3562 [INFO; Root]  collision Lost
2022-08-17 15:01:57.3717 [INFO; Root]  Collision StartedTrue   False
2022-08-17 15:01:57.4027 [INFO; Root]  Received 365
2022-08-17 15:01:57.4957 [INFO; Root]  collision Lost
2022-08-17 15:01:57.5577 [INFO; Root]  Collector
2022-08-17 15:01:58.9374 [INFO; Root]  server received request to spawn = 102
2022-08-17 15:01:58.9379 [INFO; Root]  Reactor.ServerEntity
2022-08-17 15:01:58.9379 [INFO; Root]  Reactor.ServerEntity
2022-08-17 15:01:58.9384 [INFO; Root]  Reactor.ServerEntity
2022-08-17 15:01:58.9384 [INFO; Root]  Reactor.ServerEntity
2022-08-17 15:01:58.9384 [INFO; Root]  Reactor.ServerEntity
2022-08-17 15:01:58.9684 [INFO; Root]  Hivemind
2022-08-17 15:01:58.9684 [INFO; Root]  Shooter
2022-08-17 15:01:59.0614 [INFO; Root]  Collision StartedTrue   True
2022-08-17 15:01:59.1389 [INFO; Root]  server received request to spawn = 87
2022-08-17 15:01:59.1394 [INFO; Root]  Reactor.ServerEntity
2022-08-17 15:01:59.1394 [INFO; Root]  Reactor.ServerEntity
2022-08-17 15:01:59.1394 [INFO; Root]  Reactor.ServerEntity
2022-08-17 15:01:59.1394 [INFO; Root]  Reactor.ServerEntity
2022-08-17 15:01:59.1394 [INFO; Root]  Reactor.ServerEntity
2022-08-17 15:01:59.1394 [INFO; Root]  Reactor.ServerEntity
2022-08-17 15:01:59.1394 [INFO; Root]  Reactor.ServerEntity
2022-08-17 15:01:59.1544 [INFO; Root]  Hivemind
2022-08-17 15:01:59.1544 [INFO; Root]  Shooter
2022-08-17 15:01:59.1544 [INFO; Root]  Shooter
2022-08-17 15:01:59.2784 [INFO; Root]  server received request to spawn = 72
2022-08-17 15:01:59.2789 [INFO; Root]  Reactor.ServerEntity
2022-08-17 15:01:59.2789 [INFO; Root]  Reactor.ServerEntity
2022-08-17 15:01:59.2789 [INFO; Root]  Reactor.ServerEntity
2022-08-17 15:01:59.2789 [INFO; Root]  Reactor.ServerEntity
2022-08-17 15:01:59.2789 [INFO; Root]  Reactor.ServerEntity
2022-08-17 15:01:59.2789 [INFO; Root]  Reactor.ServerEntity
2022-08-17 15:01:59.2789 [INFO; Root]  Reactor.ServerEntity
2022-08-17 15:01:59.2789 [INFO; Root]  Reactor.ServerEntity
2022-08-17 15:01:59.2789 [INFO; Root]  Reactor.ServerEntity
2022-08-17 15:01:59.2939 [INFO; Root]  Hivemind
2022-08-17 15:01:59.2939 [INFO; Root]  Shooter
2022-08-17 15:01:59.2944 [INFO; Root]  Shooter
2022-08-17 15:01:59.3559 [INFO; Root]  Shooter
2022-08-17 15:01:59.4179 [INFO; Root]  server received request to spawn = 57
2022-08-17 15:01:59.4184 [INFO; Root]  Reactor.ServerEntity
2022-08-17 15:01:59.4184 [INFO; Root]  Reactor.ServerEntity
2022-08-17 15:01:59.4184 [INFO; Root]  Reactor.ServerEntity
2022-08-17 15:01:59.4184 [INFO; Root]  Reactor.ServerEntity
2022-08-17 15:01:59.4184 [INFO; Root]  Reactor.ServerEntity
2022-08-17 15:01:59.4184 [INFO; Root]  Reactor.ServerEntity
2022-08-17 15:01:59.4184 [INFO; Root]  Reactor.ServerEntity
2022-08-17 15:01:59.4184 [INFO; Root]  Reactor.ServerEntity
2022-08-17 15:01:59.4184 [INFO; Root]  Reactor.ServerEntity
2022-08-17 15:01:59.4184 [INFO; Root]  Reactor.ServerEntity
2022-08-17 15:01:59.4184 [INFO; Root]  Reactor.ServerEntity
2022-08-17 15:01:59.4334 [INFO; Root]  Hivemind
2022-08-17 15:01:59.4334 [INFO; Root]  Shooter
2022-08-17 15:01:59.4334 [INFO; Root]  Shooter
2022-08-17 15:01:59.5575 [INFO; Root]  server received request to spawn = 42
2022-08-17 15:01:59.5580 [INFO; Root]  Reactor.ServerEntity
2022-08-17 15:01:59.5580 [INFO; Root]  Reactor.ServerEntity
2022-08-17 15:01:59.5580 [INFO; Root]  Reactor.ServerEntity
2022-08-17 15:01:59.5580 [INFO; Root]  Reactor.ServerEntity
2022-08-17 15:01:59.5580 [INFO; Root]  Reactor.ServerEntity
2022-08-17 15:01:59.5580 [INFO; Root]  Reactor.ServerEntity
2022-08-17 15:01:59.5580 [INFO; Root]  Reactor.ServerEntity
2022-08-17 15:01:59.5580 [INFO; Root]  Reactor.ServerEntity
2022-08-17 15:01:59.5580 [INFO; Root]  Shooter
2022-08-17 15:01:59.5580 [INFO; Root]  Reactor.ServerEntity
2022-08-17 15:01:59.5580 [INFO; Root]  Reactor.ServerEntity
2022-08-17 15:01:59.5580 [INFO; Root]  Reactor.ServerEntity
2022-08-17 15:01:59.5580 [INFO; Root]  Reactor.ServerEntity
2022-08-17 15:01:59.5580 [INFO; Root]  Reactor.ServerEntity
2022-08-17 15:01:59.5580 [INFO; Root]  collision Lost
2022-08-17 15:01:59.5730 [INFO; Root]  Shooter
2022-08-17 15:01:59.5730 [INFO; Root]  Shooter
2022-08-17 15:01:59.5730 [INFO; Root]  Hivemind
2022-08-17 15:01:59.6975 [INFO; Root]  Shooter
2022-08-17 15:01:59.7745 [INFO; Root]  Shooter
2022-08-17 15:01:59.8210 [INFO; Root]  Shooter
2022-08-17 15:01:59.9760 [INFO; Root]  Shooter
2022-08-17 15:02:00.1160 [INFO; Root]  Shooter
2022-08-17 15:02:00.1465 [INFO; Root]  Shooter
2022-08-17 15:02:00.2085 [INFO; Root]  Received 366
2022-08-17 15:02:00.2240 [INFO; Root]  Received 367
2022-08-17 15:02:00.2245 [INFO; Root]  Shooter
2022-08-17 15:02:00.2395 [INFO; Root]  Shooter
2022-08-17 15:02:00.2555 [INFO; Root]  Hivemind
2022-08-17 15:02:00.3326 [INFO; Root]  Shooter
2022-08-17 15:02:00.3946 [INFO; Root]  Shooter
2022-08-17 15:02:00.5341 [INFO; Root]  Received 368
2022-08-17 15:02:00.5496 [INFO; Root]  Shooter
2022-08-17 15:02:00.5656 [INFO; Root]  Reactor.ServerEntity
2022-08-17 15:02:00.5656 [INFO; Root]  Shooter
2022-08-17 15:02:00.5961 [INFO; Root]  Shooter
2022-08-17 15:02:00.6736 [INFO; Root]  Shooter
2022-08-17 15:02:00.7361 [INFO; Root]  Shooter
2022-08-17 15:02:00.7821 [INFO; Root]  Reactor.ServerEntity
2022-08-17 15:02:00.7976 [INFO; Root]  Shooter
2022-08-17 15:02:00.9216 [INFO; Root]  Shooter
2022-08-17 15:02:00.9216 [INFO; Root]  Hivemind
2022-08-17 15:02:00.9531 [INFO; Root]  Shooter
2022-08-17 15:02:00.9531 [INFO; Root]  Debug Destroyed
2022-08-17 15:02:01.0301 [INFO; Root]  Shooter
2022-08-17 15:02:01.0461 [INFO; Root]  Shooter
2022-08-17 15:02:01.0611 [INFO; Root]  Shooter
2022-08-17 15:02:01.0616 [INFO; Root]  Shooter
2022-08-17 15:02:01.1237 [INFO; Root]  Shooter
2022-08-17 15:02:01.1387 [INFO; Root]  Reactor.ServerEntity
2022-08-17 15:02:01.1392 [INFO; Root]  Debug Destroyed
2022-08-17 15:02:01.2167 [INFO; Root]  Shooter
2022-08-17 15:02:01.2322 [INFO; Root]  Collision StartedTrue   False
2022-08-17 15:02:01.2782 [INFO; Root]  Shooter
2022-08-17 15:02:01.2782 [INFO; Root]  Debug Destroyed
2022-08-17 15:02:01.2937 [INFO; Root]  Shooter
2022-08-17 15:02:01.3247 [INFO; Root]  Shooter
2022-08-17 15:02:01.4177 [INFO; Root]  Shooter
2022-08-17 15:02:01.4177 [INFO; Root]  Debug Destroyed
2022-08-17 15:02:01.5572 [INFO; Root]  Shooter
2022-08-17 15:02:01.5577 [INFO; Root]  Debug Destroyed
2022-08-17 15:02:01.6192 [INFO; Root]  Shooter
2022-08-17 15:02:01.6657 [INFO; Root]  Shooter
2022-08-17 15:02:01.6967 [INFO; Root]  Hivemind
2022-08-17 15:02:01.7432 [INFO; Root]  Shooter
2022-08-17 15:02:01.8672 [INFO; Root]  Shooter
2022-08-17 15:02:01.8828 [INFO; Root]  Shooter
2022-08-17 15:02:01.8983 [INFO; Root]  Shooter
2022-08-17 15:02:01.9293 [INFO; Root]  Shooter
2022-08-17 15:02:01.9758 [INFO; Root]  server received request to spawn = 92
2022-08-17 15:02:01.9763 [INFO; Root]  Reactor.ServerEntity
2022-08-17 15:02:01.9763 [INFO; Root]  Reactor.ServerEntity
2022-08-17 15:02:01.9763 [INFO; Root]  Reactor.ServerEntity
2022-08-17 15:02:01.9763 [INFO; Root]  Reactor.ServerEntity
2022-08-17 15:02:01.9763 [INFO; Root]  Reactor.ServerEntity
2022-08-17 15:02:01.9763 [INFO; Root]  Reactor.ServerEntity
2022-08-17 15:02:01.9763 [INFO; Root]  Reactor.ServerEntity
2022-08-17 15:02:01.9763 [INFO; Root]  Reactor.ServerEntity
2022-08-17 15:02:01.9763 [INFO; Root]  Reactor.ServerEntity
2022-08-17 15:02:01.9763 [INFO; Root]  Reactor.ServerEntity
2022-08-17 15:02:01.9763 [INFO; Root]  Reactor.ServerEntity
2022-08-17 15:02:01.9763 [INFO; Root]  Reactor.ServerEntity
2022-08-17 15:02:01.9763 [INFO; Root]  Reactor.ServerEntity
2022-08-17 15:02:01.9763 [INFO; Root]  Reactor.ServerEntity
2022-08-17 15:02:01.9763 [INFO; Root]  Reactor.ServerEntity
2022-08-17 15:02:01.9913 [INFO; Root]  Shooter
2022-08-17 15:02:01.9913 [INFO; Root]  Hivemind
2022-08-17 15:02:02.0228 [INFO; Root]  Shooter
2022-08-17 15:02:02.0998 [INFO; Root]  Collector
2022-08-17 15:02:02.1463 [INFO; Root]  Hivemind
2022-08-17 15:02:02.1933 [INFO; Root]  Shooter
2022-08-17 15:02:02.2083 [INFO; Root]  server received request to spawn = 77
2022-08-17 15:02:02.2088 [INFO; Root]  Shooter
2022-08-17 15:02:02.2088 [INFO; Root]  Shooter
2022-08-17 15:02:02.2088 [INFO; Root]  Reactor.ServerEntity
2022-08-17 15:02:02.2088 [INFO; Root]  Reactor.ServerEntity
2022-08-17 15:02:02.2088 [INFO; Root]  Reactor.ServerEntity
2022-08-17 15:02:02.2088 [INFO; Root]  Reactor.ServerEntity
2022-08-17 15:02:02.2088 [INFO; Root]  Reactor.ServerEntity
2022-08-17 15:02:02.2088 [INFO; Root]  Reactor.ServerEntity
2022-08-17 15:02:02.2088 [INFO; Root]  Reactor.ServerEntity
2022-08-17 15:02:02.2088 [INFO; Root]  Reactor.ServerEntity
2022-08-17 15:02:02.2088 [INFO; Root]  Reactor.ServerEntity
2022-08-17 15:02:02.2088 [INFO; Root]  Reactor.ServerEntity
2022-08-17 15:02:02.2088 [INFO; Root]  Reactor.ServerEntity
2022-08-17 15:02:02.2088 [INFO; Root]  Reactor.ServerEntity
2022-08-17 15:02:02.2088 [INFO; Root]  Reactor.ServerEntity
2022-08-17 15:02:02.2088 [INFO; Root]  Reactor.ServerEntity
2022-08-17 15:02:02.2088 [INFO; Root]  Reactor.ServerEntity
2022-08-17 15:02:02.2088 [INFO; Root]  Reactor.ServerEntity
2022-08-17 15:02:02.2088 [INFO; Root]  Reactor.ServerEntity
2022-08-17 15:02:02.2238 [INFO; Root]  Shooter
2022-08-17 15:02:02.2238 [INFO; Root]  Shooter
2022-08-17 15:02:02.2243 [INFO; Root]  Shooter
2022-08-17 15:02:02.2243 [INFO; Root]  Hivemind
2022-08-17 15:02:02.2708 [INFO; Root]  Hivemind
2022-08-17 15:02:02.2708 [INFO; Root]  collision Lost
2022-08-17 15:02:02.3018 [INFO; Root]  Shooter
2022-08-17 15:02:02.3788 [INFO; Root]  server received request to spawn = 63
2022-08-17 15:02:02.3793 [INFO; Root]  Shooter
2022-08-17 15:02:02.3793 [INFO; Root]  Reactor.ServerEntity
2022-08-17 15:02:02.3793 [INFO; Root]  Reactor.ServerEntity
2022-08-17 15:02:02.3793 [INFO; Root]  Reactor.ServerEntity
2022-08-17 15:02:02.3793 [INFO; Root]  Reactor.ServerEntity
2022-08-17 15:02:02.3793 [INFO; Root]  Reactor.ServerEntity
2022-08-17 15:02:02.3793 [INFO; Root]  Reactor.ServerEntity
2022-08-17 15:02:02.3793 [INFO; Root]  Reactor.ServerEntity
2022-08-17 15:02:02.3793 [INFO; Root]  Reactor.ServerEntity
2022-08-17 15:02:02.3793 [INFO; Root]  Reactor.ServerEntity
2022-08-17 15:02:02.3793 [INFO; Root]  Reactor.ServerEntity
2022-08-17 15:02:02.3793 [INFO; Root]  Reactor.ServerEntity
2022-08-17 15:02:02.3793 [INFO; Root]  Reactor.ServerEntity
2022-08-17 15:02:02.3793 [INFO; Root]  Reactor.ServerEntity
2022-08-17 15:02:02.3793 [INFO; Root]  Reactor.ServerEntity
2022-08-17 15:02:02.3793 [INFO; Root]  Reactor.ServerEntity
2022-08-17 15:02:02.3793 [INFO; Root]  Reactor.ServerEntity
2022-08-17 15:02:02.3793 [INFO; Root]  Reactor.ServerEntity
2022-08-17 15:02:02.3793 [INFO; Root]  Reactor.ServerEntity
2022-08-17 15:02:02.3793 [INFO; Root]  Reactor.ServerEntity
2022-08-17 15:02:02.3948 [INFO; Root]  Shooter
2022-08-17 15:02:02.3948 [INFO; Root]  Shooter
2022-08-17 15:02:02.3948 [INFO; Root]  Hivemind
2022-08-17 15:02:02.4253 [INFO; Root]  Hivemind
2022-08-17 15:02:02.4258 [INFO; Root]  Shooter
2022-08-17 15:02:02.4408 [INFO; Root]  Reactor.ServerEntity
2022-08-17 15:02:02.4568 [INFO; Root]  Hivemind
2022-08-17 15:02:02.5493 [INFO; Root]  server received request to spawn = 48
2022-08-17 15:02:02.5498 [INFO; Root]  Shooter
2022-08-17 15:02:02.5498 [INFO; Root]  Reactor.ServerEntity
2022-08-17 15:02:02.5498 [INFO; Root]  Reactor.ServerEntity
2022-08-17 15:02:02.5498 [INFO; Root]  Reactor.ServerEntity
2022-08-17 15:02:02.5498 [INFO; Root]  Reactor.ServerEntity
2022-08-17 15:02:02.5498 [INFO; Root]  Reactor.ServerEntity
2022-08-17 15:02:02.5498 [INFO; Root]  Reactor.ServerEntity
2022-08-17 15:02:02.5498 [INFO; Root]  Reactor.ServerEntity
2022-08-17 15:02:02.5498 [INFO; Root]  Reactor.ServerEntity
2022-08-17 15:02:02.5498 [INFO; Root]  Reactor.ServerEntity
2022-08-17 15:02:02.5498 [INFO; Root]  Reactor.ServerEntity
2022-08-17 15:02:02.5498 [INFO; Root]  Reactor.ServerEntity
2022-08-17 15:02:02.5498 [INFO; Root]  Reactor.ServerEntity
2022-08-17 15:02:02.5498 [INFO; Root]  Reactor.ServerEntity
2022-08-17 15:02:02.5498 [INFO; Root]  Reactor.ServerEntity
2022-08-17 15:02:02.5498 [INFO; Root]  Reactor.ServerEntity
2022-08-17 15:02:02.5498 [INFO; Root]  Reactor.ServerEntity
2022-08-17 15:02:02.5498 [INFO; Root]  Reactor.ServerEntity
2022-08-17 15:02:02.5498 [INFO; Root]  Reactor.ServerEntity
2022-08-17 15:02:02.5498 [INFO; Root]  Reactor.ServerEntity
2022-08-17 15:02:02.5498 [INFO; Root]  Reactor.ServerEntity
2022-08-17 15:02:02.5498 [INFO; Root]  Reactor.ServerEntity
2022-08-17 15:02:02.5648 [INFO; Root]  Shooter
2022-08-17 15:02:02.5648 [INFO; Root]  Shooter
2022-08-17 15:02:02.5648 [INFO; Root]  Shooter
2022-08-17 15:02:02.5648 [INFO; Root]  Hivemind
2022-08-17 15:02:02.5963 [INFO; Root]  Hivemind
2022-08-17 15:02:02.5963 [INFO; Root]  Shooter
2022-08-17 15:02:02.6734 [INFO; Root]  Shooter
2022-08-17 15:02:02.6894 [INFO; Root]  Hivemind
2022-08-17 15:02:02.6894 [INFO; Root]  Shooter
2022-08-17 15:02:02.7354 [INFO; Root]  server received request to spawn = 33
2022-08-17 15:02:02.7359 [INFO; Root]  Reactor.ServerEntity
2022-08-17 15:02:02.7359 [INFO; Root]  Reactor.ServerEntity
2022-08-17 15:02:02.7359 [INFO; Root]  Reactor.ServerEntity
2022-08-17 15:02:02.7359 [INFO; Root]  Reactor.ServerEntity
2022-08-17 15:02:02.7359 [INFO; Root]  Shooter
2022-08-17 15:02:02.7359 [INFO; Root]  Shooter
2022-08-17 15:02:02.7359 [INFO; Root]  Reactor.ServerEntity
2022-08-17 15:02:02.7359 [INFO; Root]  Reactor.ServerEntity
2022-08-17 15:02:02.7359 [INFO; Root]  Reactor.ServerEntity
2022-08-17 15:02:02.7359 [INFO; Root]  Reactor.ServerEntity
2022-08-17 15:02:02.7359 [INFO; Root]  Reactor.ServerEntity
2022-08-17 15:02:02.7359 [INFO; Root]  Reactor.ServerEntity
2022-08-17 15:02:02.7359 [INFO; Root]  Reactor.ServerEntity
2022-08-17 15:02:02.7359 [INFO; Root]  Reactor.ServerEntity
2022-08-17 15:02:02.7359 [INFO; Root]  Reactor.ServerEntity
2022-08-17 15:02:02.7359 [INFO; Root]  Reactor.ServerEntity
2022-08-17 15:02:02.7359 [INFO; Root]  Reactor.ServerEntity
2022-08-17 15:02:02.7359 [INFO; Root]  Reactor.ServerEntity
2022-08-17 15:02:02.7359 [INFO; Root]  Reactor.ServerEntity
2022-08-17 15:02:02.7359 [INFO; Root]  Reactor.ServerEntity
2022-08-17 15:02:02.7359 [INFO; Root]  Reactor.ServerEntity
2022-08-17 15:02:02.7359 [INFO; Root]  Reactor.ServerEntity
2022-08-17 15:02:02.7359 [INFO; Root]  Reactor.ServerEntity
2022-08-17 15:02:02.7509 [INFO; Root]  Shooter
2022-08-17 15:02:02.7514 [INFO; Root]  Hivemind
2022-08-17 15:02:02.8129 [INFO; Root]  Shooter
2022-08-17 15:02:02.8439 [INFO; Root]  Shooter
2022-08-17 15:02:02.8594 [INFO; Root]  Hivemind
2022-08-17 15:02:02.8909 [INFO; Root]  Shooter
2022-08-17 15:02:02.9994 [INFO; Root]  Shooter
2022-08-17 15:02:03.0454 [INFO; Root]  Shooter
2022-08-17 15:02:03.0459 [INFO; Root]  Shooter
2022-08-17 15:02:03.0609 [INFO; Root]  Shooter
2022-08-17 15:02:03.1229 [INFO; Root]  Hivemind
2022-08-17 15:02:03.1234 [INFO; Root]  Hivemind
2022-08-17 15:02:03.2009 [INFO; Root]  Shooter
2022-08-17 15:02:03.2159 [INFO; Root]  Shooter
2022-08-17 15:02:03.2469 [INFO; Root]  Shooter
2022-08-17 15:02:03.2624 [INFO; Root]  Shooter
2022-08-17 15:02:03.2934 [INFO; Root]  Shooter
2022-08-17 15:02:03.3869 [INFO; Root]  Shooter
2022-08-17 15:02:03.3869 [INFO; Root]  Shooter
2022-08-17 15:02:03.3869 [INFO; Root]  Reactor.ServerEntity
2022-08-17 15:02:03.4639 [INFO; Root]  Hivemind
2022-08-17 15:02:03.4955 [INFO; Root]  Shooter
2022-08-17 15:02:03.5105 [INFO; Root]  Shooter
2022-08-17 15:02:03.5575 [INFO; Root]  Shooter
2022-08-17 15:02:03.5575 [INFO; Root]  Shooter
2022-08-17 15:02:03.6350 [INFO; Root]  Hivemind
2022-08-17 15:02:03.6350 [INFO; Root]  Hivemind
2022-08-17 15:02:03.6655 [INFO; Root]  Hivemind
2022-08-17 15:02:03.6655 [INFO; Root]  Shooter
2022-08-17 15:02:03.7120 [INFO; Root]  Shooter
2022-08-17 15:02:03.7895 [INFO; Root]  Hivemind
2022-08-17 15:02:03.8670 [INFO; Root]  Shooter
2022-08-17 15:02:03.8980 [INFO; Root]  Hivemind
2022-08-17 15:02:03.9290 [INFO; Root]  Reactor.ServerEntity
2022-08-17 15:02:03.9295 [INFO; Root]  Reactor.ServerEntity
2022-08-17 15:02:03.9760 [INFO; Root]  Debug Destroyed
2022-08-17 15:02:03.9915 [INFO; Root]  Shooter
2022-08-17 15:02:04.0220 [INFO; Root]  Shooter
2022-08-17 15:02:04.0690 [INFO; Root]  Shooter
2022-08-17 15:02:04.1305 [INFO; Root]  Shooter
2022-08-17 15:02:04.1620 [INFO; Root]  Shooter
2022-08-17 15:02:04.1930 [INFO; Root]  Shooter
2022-08-17 15:02:04.1930 [INFO; Root]  Shooter
2022-08-17 15:02:04.2080 [INFO; Root]  Reactor.ServerEntity
2022-08-17 15:02:04.2080 [INFO; Root]  Reactor.ServerEntity
2022-08-17 15:02:04.2085 [INFO; Root]  Debug Destroyed
2022-08-17 15:02:04.2240 [INFO; Root]  Reactor.ServerEntity
2022-08-17 15:02:04.2240 [INFO; Root]  Hivemind
2022-08-17 15:02:04.3166 [INFO; Root]  Shooter
2022-08-17 15:02:04.3321 [INFO; Root]  Shooter
2022-08-17 15:02:04.3476 [INFO; Root]  Shooter
2022-08-17 15:02:04.3476 [INFO; Root]  Reactor.ServerEntity
2022-08-17 15:02:04.3476 [INFO; Root]  Reactor.ServerEntity
2022-08-17 15:02:04.3631 [INFO; Root]  Collector
2022-08-17 15:02:04.3786 [INFO; Root]  Reactor.ServerEntity
2022-08-17 15:02:04.3791 [INFO; Root]  Reactor.ServerEntity
2022-08-17 15:02:04.3791 [INFO; Root]  Shooter
2022-08-17 15:02:04.3791 [INFO; Root]  Debug Destroyed
2022-08-17 15:02:04.3946 [INFO; Root]  Reactor.ServerEntity
2022-08-17 15:02:04.3946 [INFO; Root]  Reactor.ServerEntity
2022-08-17 15:02:04.4251 [INFO; Root]  Hivemind
2022-08-17 15:02:04.4256 [INFO; Root]  Hivemind
2022-08-17 15:02:04.4876 [INFO; Root]  Shooter
2022-08-17 15:02:04.5491 [INFO; Root]  Debug Destroyed
2022-08-17 15:02:04.5646 [INFO; Root]  Reactor.ServerEntity
2022-08-17 15:02:04.5646 [INFO; Root]  Reactor.ServerEntity
2022-08-17 15:02:04.5956 [INFO; Root]  Hivemind
2022-08-17 15:02:04.6111 [INFO; Root]  Reactor.ServerEntity
2022-08-17 15:02:04.6116 [INFO; Root]  Reactor.ServerEntity
2022-08-17 15:02:04.6731 [INFO; Root]  Shooter
2022-08-17 15:02:04.7196 [INFO; Root]  Reactor.ServerEntity
2022-08-17 15:02:04.7201 [INFO; Root]  Reactor.ServerEntity
2022-08-17 15:02:04.7351 [INFO; Root]  Shooter
2022-08-17 15:02:04.7356 [INFO; Root]  Reactor.ServerEntity
2022-08-17 15:02:04.7356 [INFO; Root]  Hivemind
2022-08-17 15:02:04.7356 [INFO; Root]  Debug Destroyed
2022-08-17 15:02:04.8126 [INFO; Root]  Reactor.ServerEntity
2022-08-17 15:02:04.8126 [INFO; Root]  Reactor.ServerEntity
2022-08-17 15:02:04.8286 [INFO; Root]  Reactor.ServerEntity
2022-08-17 15:02:04.8286 [INFO; Root]  Reactor.ServerEntity
2022-08-17 15:02:04.8436 [INFO; Root]  Shooter
2022-08-17 15:02:04.8751 [INFO; Root]  Reactor.ServerEntity
2022-08-17 15:02:04.8751 [INFO; Root]  Shooter
2022-08-17 15:02:04.9216 [INFO; Root]  Reactor.ServerEntity
2022-08-17 15:02:04.9216 [INFO; Root]  Reactor.ServerEntity
2022-08-17 15:02:04.9676 [INFO; Root]  Shooter
2022-08-17 15:02:04.9681 [INFO; Root]  Shooter
2022-08-17 15:02:04.9986 [INFO; Root]  Shooter
2022-08-17 15:02:04.9991 [INFO; Root]  Shooter
2022-08-17 15:02:05.0141 [INFO; Root]  Shooter
2022-08-17 15:02:05.0141 [INFO; Root]  Shooter
2022-08-17 15:02:05.0141 [INFO; Root]  Shooter
2022-08-17 15:02:05.0297 [INFO; Root]  Reactor.ServerEntity
2022-08-17 15:02:05.0297 [INFO; Root]  Reactor.ServerEntity
2022-08-17 15:02:05.0452 [INFO; Root]  Reactor.ServerEntity
2022-08-17 15:02:05.0457 [INFO; Root]  Reactor.ServerEntity
2022-08-17 15:02:05.0607 [INFO; Root]  Reactor.ServerEntity
2022-08-17 15:02:05.0612 [INFO; Root]  Reactor.ServerEntity
2022-08-17 15:02:05.0917 [INFO; Root]  Reactor.ServerEntity
2022-08-17 15:02:05.0917 [INFO; Root]  Reactor.ServerEntity
2022-08-17 15:02:05.1077 [INFO; Root]  Reactor.ServerEntity
2022-08-17 15:02:05.1077 [INFO; Root]  Reactor.ServerEntity
2022-08-17 15:02:05.1077 [INFO; Root]  Shooter
2022-08-17 15:02:05.1077 [INFO; Root]  Reactor.ServerEntity
2022-08-17 15:02:05.1232 [INFO; Root]  Reactor.ServerEntity
2022-08-17 15:02:05.1232 [INFO; Root]  Reactor.ServerEntity
2022-08-17 15:02:05.1232 [INFO; Root]  Shooter
2022-08-17 15:02:05.1542 [INFO; Root]  Hivemind
2022-08-17 15:02:05.1542 [INFO; Root]  Shooter
2022-08-17 15:02:05.1542 [INFO; Root]  Shooter
2022-08-17 15:02:05.1542 [INFO; Root]  Reactor.ServerEntity
2022-08-17 15:02:05.1542 [INFO; Root]  Reactor.ServerEntity
2022-08-17 15:02:05.2002 [INFO; Root]  Shooter
2022-08-17 15:02:05.2007 [INFO; Root]  Reactor.ServerEntity
2022-08-17 15:02:05.2007 [INFO; Root]  Shooter
2022-08-17 15:02:05.2627 [INFO; Root]  Hivemind
2022-08-17 15:02:05.2782 [INFO; Root]  Shooter
2022-08-17 15:02:05.2932 [INFO; Root]  Shooter
2022-08-17 15:02:05.2937 [INFO; Root]  Shooter
2022-08-17 15:02:05.3087 [INFO; Root]  Shooter
2022-08-17 15:02:05.3242 [INFO; Root]  Collector
2022-08-17 15:02:05.3557 [INFO; Root]  Reactor.ServerEntity
2022-08-17 15:02:05.3557 [INFO; Root]  Reactor.ServerEntity
2022-08-17 15:02:05.4017 [INFO; Root]  Reactor.ServerEntity
2022-08-17 15:02:05.4327 [INFO; Root]  Hivemind
2022-08-17 15:02:05.4487 [INFO; Root]  Collector
2022-08-17 15:02:05.4637 [INFO; Root]  Hivemind
2022-08-17 15:02:05.4637 [INFO; Root]  Shooter
2022-08-17 15:02:05.4952 [INFO; Root]  Shooter
2022-08-17 15:02:05.5257 [INFO; Root]  Hivemind
2022-08-17 15:02:05.6342 [INFO; Root]  Shooter
2022-08-17 15:02:05.6657 [INFO; Root]  Shooter
2022-08-17 15:02:05.6967 [INFO; Root]  Shooter
2022-08-17 15:02:05.7432 [INFO; Root]  Collision StartedTrue   True
2022-08-17 15:02:05.7587 [INFO; Root]  Shooter
2022-08-17 15:02:05.7587 [INFO; Root]  Hivemind
2022-08-17 15:02:05.7617 [INFO; Root]  here2
2022-08-17 15:02:08.1956 [INFO; Root]  Client(id = 1, address = 127.0.0.1) disconnected: 2-End of file
2022-08-17 15:02:08.2086 [INFO; Root]  Player 1 left
2022-08-17 15:02:09.5297 [INFO; Root]  Client(id = 2, address = 127.0.0.1) disconnected: 2-End of file
2022-08-17 15:02:09.5407 [INFO; Root]  Player 2 left
