2022-08-16 06:09:41.8221 [INFO; Reactor.Server]  Loaded KSServerRuntime.Local.dll
2022-08-16 06:09:41.8301 [INFO; Root]  Loaded config.json
2022-08-16 06:09:41.8306 [INFO; Root]  Loaded config.GameScene.json
2022-08-16 06:09:41.8351 [INFO; Root]  KinematicSoup Technologies Inc.
2022-08-16 06:09:41.8351 [INFO; Root]  Reactor Server v0.10.0
2022-08-16 06:09:41.8351 [DEBUG; Root]  Could not open model file: model.bin. Compression will use the default model for sync transforms, and dynamic models for update transforms.
2022-08-16 06:09:41.8361 [INFO; Reactor.Server]  Missing API configuration. PlayerAPI features disabled.
2022-08-16 06:09:41.8451 [DEBUG; Root]  Loading Asset Scripts
2022-08-16 06:09:41.8476 [DEBUG; Root]  Loading Room Configs
2022-08-16 06:09:41.8511 [DEBUG; Root]  Initializing PhysX
2022-08-16 06:09:41.8631 [DEBUG; Root]  Loading PhysX geometry
2022-08-16 06:09:41.8741 [INFO; Root]  Loaded 8 geometries
2022-08-16 06:09:41.8746 [INFO; Root]  Loaded 2 geometries
2022-08-16 06:09:41.8746 [DEBUG; Root]  Loading entity prefabs
2022-08-16 06:09:41.8866 [INFO; Root]  Loaded 5 entity prefabs
2022-08-16 06:09:41.8866 [DEBUG; Root]  Loading entity instances
2022-08-16 06:09:41.9016 [DEBUG; Root]  Initializing scripts
2022-08-16 06:09:41.9091 [DEBUG; Root]  Room setup complete
2022-08-16 06:09:41.9091 [INFO; Reactor.ServerRoom]  Starting room 1
2022-08-16 06:09:41.9091 [INFO; Root]  Sending client updates every 2 frames
2022-08-16 06:09:41.9091 [INFO; Root]  Attempting to sync simulation time to match elapsed time.
2022-08-16 06:09:41.9096 [INFO; Root]  Opening TCP port 8000
