2022-08-09 06:17:14.8285 [INFO; Reactor.Server]  Loaded KSServerRuntime.Local.dll
2022-08-09 06:17:14.8370 [INFO; Root]  Loaded config.json
2022-08-09 06:17:14.8375 [INFO; Root]  Loaded config.GameScene.json
2022-08-09 06:17:14.8425 [INFO; Root]  KinematicSoup Technologies Inc.
2022-08-09 06:17:14.8425 [INFO; Root]  Reactor Server v0.10.0
2022-08-09 06:17:14.8425 [DEBUG; Root]  Could not open model file: model.bin. Compression will use the default model for sync transforms, and dynamic models for update transforms.
2022-08-09 06:17:14.8435 [INFO; Reactor.Server]  Missing API configuration. PlayerAPI features disabled.
2022-08-09 06:17:14.8520 [DEBUG; Root]  Loading Asset Scripts
2022-08-09 06:17:14.8545 [DEBUG; Root]  Loading Room Configs
2022-08-09 06:17:14.8585 [DEBUG; Root]  Initializing PhysX
2022-08-09 06:17:14.8710 [DEBUG; Root]  Loading PhysX geometry
2022-08-09 06:17:14.8805 [INFO; Root]  Loaded 7 geometries
2022-08-09 06:17:14.8805 [INFO; Root]  Loaded 2 geometries
2022-08-09 06:17:14.8805 [DEBUG; Root]  Loading entity prefabs
2022-08-09 06:17:14.8940 [INFO; Root]  Loaded 5 entity prefabs
2022-08-09 06:17:14.8940 [DEBUG; Root]  Loading entity instances
2022-08-09 06:17:14.9100 [DEBUG; Root]  Initializing scripts
2022-08-09 06:17:14.9175 [DEBUG; Root]  Room setup complete
2022-08-09 06:17:14.9175 [INFO; Reactor.ServerRoom]  Starting room 1
2022-08-09 06:17:14.9175 [INFO; Root]  Sending client updates every 2 frames
2022-08-09 06:17:14.9175 [INFO; Root]  Attempting to sync simulation time to match elapsed time.
2022-08-09 06:17:14.9180 [INFO; Root]  Opening TCP port 8000
2022-08-09 06:17:15.1535 [INFO; Root]  Client(id = 1, address = 127.0.0.1) connected
2022-08-09 06:17:15.1560 [DEBUG; Root]  Client(id = 1, address = 127.0.0.1) model validated
2022-08-09 06:17:15.1715 [DEBUG; Root]  Client(id = 1, address = 127.0.0.1) authenticated
2022-08-09 06:17:15.1900 [INFO; Root]  Player False joined
2022-08-09 06:17:15.2595 [INFO; Root]  RPC RECEIVED True and 1
2022-08-09 06:17:15.2595 [INFO; Root]  HeheTrue
2022-08-09 06:17:15.2640 [INFO; Root]  Start Match!
2022-08-09 06:17:15.2705 [INFO; Root]  5
2022-08-09 06:17:17.6551 [INFO; Root]  server received request to spawn = 1
2022-08-09 06:17:17.7526 [INFO; Root]  server received request to spawn = 0
2022-08-09 06:17:17.7531 [INFO; Root]  Went through Setter
2022-08-09 06:17:18.5857 [INFO; Root]  Hivemind and 0.8000004
2022-08-09 06:17:19.4187 [INFO; Root]  Hivemind and 1.22767
2022-08-09 06:17:19.7027 [INFO; Root]  Request to take control of unit passed
2022-08-09 06:17:20.2627 [INFO; Root]  Hivemind and 1.646955
2022-08-09 06:17:21.0997 [INFO; Root]  Hivemind and 1.861267
2022-08-09 06:17:21.9213 [INFO; Root]  Hivemind and 1.970811
2022-08-09 06:17:22.7588 [INFO; Root]  ShooterServer  Collector
2022-08-09 06:17:22.7588 [INFO; Root]  Went through Setter
2022-08-09 06:17:22.7588 [INFO; Root]  Here FollowCollector
2022-08-09 06:17:22.7588 [INFO; Root]  Second EntityToFollow = Collector
2022-08-09 06:17:22.7593 [INFO; Root]  Collector and 2.780787
2022-08-09 06:17:23.5953 [INFO; Root]  Collector and 1.729486
2022-08-09 06:17:24.4323 [INFO; Root]  Collector and 2.0559
2022-08-09 06:17:25.2539 [INFO; Root]  Collector and 2.621056
2022-08-09 06:17:26.0909 [INFO; Root]  Collector and 2.81192
2022-08-09 06:17:26.9279 [INFO; Root]  Collector and 2.694384
2022-08-09 06:17:27.7650 [INFO; Root]  Collector and 1.156141
2022-08-09 06:17:28.5865 [INFO; Root]  Collector and 0.7994979
2022-08-09 06:17:28.9740 [INFO; Root]  Client(id = 1, address = 127.0.0.1) disconnected: 2-End of file
2022-08-09 06:17:28.9900 [INFO; Root]  Player 1 left
2022-08-09 06:17:29.4232 [INFO; Root]  Collector and 0.5503386
2022-08-09 06:17:30.2576 [INFO; Root]  Collector and 1.225772
2022-08-09 06:17:31.0946 [INFO; Root]  Collector and 2.666571
2022-08-09 06:17:31.9269 [INFO; Root]  Collector and 2.805849
2022-08-09 06:17:32.7582 [INFO; Root]  Collector and 1.904536
2022-08-09 06:17:33.5885 [INFO; Root]  Collector and 1.266163
2022-08-09 06:17:34.4202 [INFO; Root]  Collector and 1.014494
2022-08-09 06:17:35.2664 [INFO; Root]  Collector and 0.9073649
2022-08-09 06:17:36.0985 [INFO; Root]  Collector and 0.7884032
2022-08-09 06:17:36.9296 [INFO; Root]  Collector and 0.7320552
2022-08-09 06:17:37.7623 [INFO; Root]  Collector and 0.7062141
2022-08-09 06:17:38.5941 [INFO; Root]  Collector and 0.6949648
2022-08-09 06:17:39.4255 [INFO; Root]  Collector and 0.6850375
2022-08-09 06:17:40.2545 [INFO; Root]  Collector and 0.6825264
2022-08-09 06:17:41.0874 [INFO; Root]  Collector and 0.6825264
2022-08-09 06:17:41.9182 [INFO; Root]  Collector and 0.6825264
2022-08-09 06:17:42.7661 [INFO; Root]  Collector and 0.6825264
2022-08-09 06:17:43.5954 [INFO; Root]  Collector and 0.6825264
2022-08-09 06:17:44.4233 [INFO; Root]  Collector and 0.6825264
2022-08-09 06:17:45.2602 [INFO; Root]  Collector and 0.6825264
2022-08-09 06:17:46.0963 [INFO; Root]  Collector and 0.6825264
2022-08-09 06:17:46.9334 [INFO; Root]  Collector and 0.6825264
2022-08-09 06:17:47.7549 [INFO; Root]  Collector and 0.6825264
2022-08-09 06:17:48.5924 [INFO; Root]  Collector and 0.6825264
2022-08-09 06:17:49.4289 [INFO; Root]  Collector and 0.6825264
2022-08-09 06:17:50.2639 [INFO; Root]  Collector and 0.6825264
2022-08-09 06:17:51.0964 [INFO; Root]  Collector and 0.6825264
