2022-08-14 06:05:10.1100 [INFO; Reactor.Server]  Loaded KSServerRuntime.Local.dll
2022-08-14 06:05:10.1180 [INFO; Root]  Loaded config.json
2022-08-14 06:05:10.1185 [INFO; Root]  Loaded config.GameScene.json
2022-08-14 06:05:10.1230 [INFO; Root]  KinematicSoup Technologies Inc.
2022-08-14 06:05:10.1230 [INFO; Root]  Reactor Server v0.10.0
2022-08-14 06:05:10.1235 [DEBUG; Root]  Could not open model file: model.bin. Compression will use the default model for sync transforms, and dynamic models for update transforms.
2022-08-14 06:05:10.1245 [INFO; Reactor.Server]  Missing API configuration. PlayerAPI features disabled.
2022-08-14 06:05:10.1325 [DEBUG; Root]  Loading Asset Scripts
2022-08-14 06:05:10.1350 [DEBUG; Root]  Loading Room Configs
2022-08-14 06:05:10.1385 [DEBUG; Root]  Initializing PhysX
2022-08-14 06:05:10.1505 [DEBUG; Root]  Loading PhysX geometry
2022-08-14 06:05:10.1605 [INFO; Root]  Loaded 8 geometries
2022-08-14 06:05:10.1605 [INFO; Root]  Loaded 2 geometries
2022-08-14 06:05:10.1605 [DEBUG; Root]  Loading entity prefabs
2022-08-14 06:05:10.1730 [INFO; Root]  Loaded 5 entity prefabs
2022-08-14 06:05:10.1730 [DEBUG; Root]  Loading entity instances
2022-08-14 06:05:10.1890 [DEBUG; Root]  Initializing scripts
2022-08-14 06:05:10.1965 [DEBUG; Root]  Room setup complete
2022-08-14 06:05:10.1970 [INFO; Reactor.ServerRoom]  Starting room 1
2022-08-14 06:05:10.1970 [INFO; Root]  Sending client updates every 2 frames
2022-08-14 06:05:10.1970 [INFO; Root]  Attempting to sync simulation time to match elapsed time.
2022-08-14 06:05:10.1975 [INFO; Root]  Opening TCP port 8000
2022-08-14 06:05:14.3788 [INFO; Root]  Client(id = 1, address = 127.0.0.1) connected
2022-08-14 06:05:14.3813 [DEBUG; Root]  Client(id = 1, address = 127.0.0.1) model validated
2022-08-14 06:05:14.3948 [DEBUG; Root]  Client(id = 1, address = 127.0.0.1) authenticated
2022-08-14 06:05:14.4029 [INFO; Root]  Player False joined
