2022-08-03 15:49:55.9336 [INFO; Reactor.Server]  Loaded KSServerRuntime.Local.dll
2022-08-03 15:49:55.9431 [INFO; Root]  Loaded config.json
2022-08-03 15:49:55.9436 [INFO; Root]  Loaded config.GameScene.json
2022-08-03 15:49:55.9496 [INFO; Root]  KinematicSoup Technologies Inc.
2022-08-03 15:49:55.9496 [INFO; Root]  Reactor Server v0.10.0
2022-08-03 15:49:55.9496 [DEBUG; Root]  Could not open model file: model.bin. Compression will use the default model for sync transforms, and dynamic models for update transforms.
2022-08-03 15:49:55.9511 [INFO; Reactor.Server]  Missing API configuration. PlayerAPI features disabled.
2022-08-03 15:49:55.9601 [DEBUG; Root]  Loading Asset Scripts
2022-08-03 15:49:55.9646 [DEBUG; Root]  Loading Room Configs
2022-08-03 15:49:55.9701 [DEBUG; Root]  Initializing PhysX
2022-08-03 15:49:55.9856 [DEBUG; Root]  Loading PhysX geometry
2022-08-03 15:49:55.9996 [INFO; Root]  Loaded 5 geometries
2022-08-03 15:49:56.0021 [INFO; Root]  Loaded 3 geometries
2022-08-03 15:49:56.0021 [DEBUG; Root]  Loading entity prefabs
2022-08-03 15:49:56.0216 [INFO; Root]  Loaded 3 entity prefabs
2022-08-03 15:49:56.0216 [DEBUG; Root]  Loading entity instances
2022-08-03 15:49:56.0371 [DEBUG; Root]  Initializing scripts
2022-08-03 15:49:56.0461 [DEBUG; Root]  Room setup complete
2022-08-03 15:49:56.0461 [INFO; Reactor.ServerRoom]  Starting room 1
2022-08-03 15:49:56.0466 [INFO; Root]  Sending client updates every 2 frames
2022-08-03 15:49:56.0466 [INFO; Root]  Attempting to sync simulation time to match elapsed time.
2022-08-03 15:49:56.0466 [INFO; Root]  Opening TCP port 8000
2022-08-03 15:50:04.7919 [INFO; Root]  Client(id = 1, address = 127.0.0.1) connected
2022-08-03 15:50:04.7954 [DEBUG; Root]  Client(id = 1, address = 127.0.0.1) model validated
2022-08-03 15:50:04.8124 [DEBUG; Root]  Client(id = 1, address = 127.0.0.1) authenticated
2022-08-03 15:50:04.8249 [INFO; Root]  Player False joined
2022-08-03 15:50:05.5874 [INFO; Root]  RPC RECEIVED True and 1
2022-08-03 15:50:05.5874 [INFO; Root]  HeheTrue
2022-08-03 15:50:05.5914 [INFO; Root]  Start Match!
2022-08-03 15:50:05.6034 [INFO; Root]  Locator
2022-08-03 15:50:06.9444 [INFO; Root]  Locator
2022-08-03 15:50:08.7889 [INFO; Root]  Locator
2022-08-03 15:50:08.8044 [INFO; Root]  Locator
2022-08-03 15:50:09.2384 [INFO; Root]  Locator
2022-08-03 15:50:09.2539 [INFO; Root]  Locator
2022-08-03 15:50:09.6569 [INFO; Root]  Locator
2022-08-03 15:50:12.0714 [INFO; Root]  Client(id = 1, address = 127.0.0.1) disconnected: 2-End of file
2022-08-03 15:50:12.0759 [INFO; Root]  Player 1 left
