2022-08-07 14:12:22.6795 [INFO; Reactor.Server]  Loaded KSServerRuntime.Local.dll
2022-08-07 14:12:22.7168 [INFO; Root]  Loaded config.json
2022-08-07 14:12:22.7178 [INFO; Root]  Loaded config.GameScene.json
2022-08-07 14:12:22.7348 [INFO; Root]  KinematicSoup Technologies Inc.
2022-08-07 14:12:22.7348 [INFO; Root]  Reactor Server v0.10.0
2022-08-07 14:12:22.7348 [DEBUG; Root]  Could not open model file: model.bin. Compression will use the default model for sync transforms, and dynamic models for update transforms.
2022-08-07 14:12:22.7383 [INFO; Reactor.Server]  Missing API configuration. PlayerAPI features disabled.
2022-08-07 14:12:22.7689 [DEBUG; Root]  Loading Asset Scripts
2022-08-07 14:12:22.7756 [DEBUG; Root]  Loading Room Configs
2022-08-07 14:12:22.7897 [DEBUG; Root]  Initializing PhysX
2022-08-07 14:12:22.8354 [DEBUG; Root]  Loading PhysX geometry
2022-08-07 14:12:22.8669 [INFO; Root]  Loaded 7 geometries
2022-08-07 14:12:22.8679 [INFO; Root]  Loaded 2 geometries
2022-08-07 14:12:22.8679 [DEBUG; Root]  Loading entity prefabs
2022-08-07 14:12:22.9058 [INFO; Root]  Loaded 5 entity prefabs
2022-08-07 14:12:22.9058 [DEBUG; Root]  Loading entity instances
2022-08-07 14:12:22.9565 [DEBUG; Root]  Initializing scripts
2022-08-07 14:12:22.9807 [DEBUG; Root]  Room setup complete
2022-08-07 14:12:22.9815 [INFO; Reactor.ServerRoom]  Starting room 1
2022-08-07 14:12:22.9815 [INFO; Root]  Sending client updates every 2 frames
2022-08-07 14:12:22.9815 [INFO; Root]  Attempting to sync simulation time to match elapsed time.
2022-08-07 14:12:22.9835 [INFO; Root]  Opening TCP port 8000
2022-08-07 14:12:31.8897 [INFO; Root]  Client(id = 1, address = 10.6.167.22) connected
2022-08-07 14:12:31.8979 [DEBUG; Root]  Client(id = 1, address = 10.6.167.22) model validated
2022-08-07 14:12:31.9484 [DEBUG; Root]  Client(id = 1, address = 10.6.167.22) authenticated
2022-08-07 14:12:31.9690 [INFO; Root]  Player False joined
2022-08-07 14:12:32.3756 [INFO; Root]  RPC RECEIVED True and 1
2022-08-07 14:12:32.3756 [INFO; Root]  HeheTrue
2022-08-07 14:12:32.3922 [INFO; Root]  Start Match!
2022-08-07 14:12:32.4204 [INFO; Root]  5
2022-08-07 14:12:33.6960 [INFO; Root]  server received request to spawn = 1
2022-08-07 14:12:44.8033 [INFO; Root]  Request to take control of unit passed
2022-08-07 14:12:48.5836 [INFO; Root]  Request to take control of unit passed
2022-08-07 14:12:57.5113 [INFO; Root]  Client(id = 1, address = 10.6.167.22) disconnected: 2-End of file
2022-08-07 14:12:57.5183 [INFO; Root]  Player 1 left
