2022-08-22 05:43:13.8294 [INFO; Reactor.Server]  Loaded KSServerRuntime.Local.dll
2022-08-22 05:43:13.8419 [INFO; Root]  Loaded config.json
2022-08-22 05:43:13.8424 [INFO; Root]  Loaded config.GameScene.json
2022-08-22 05:43:13.8479 [INFO; Root]  KinematicSoup Technologies Inc.
2022-08-22 05:43:13.8479 [INFO; Root]  Reactor Server v0.10.0
2022-08-22 05:43:13.8484 [DEBUG; Root]  Could not open model file: model.bin. Compression will use the default model for sync transforms, and dynamic models for update transforms.
2022-08-22 05:43:13.8494 [INFO; Reactor.Server]  Missing API configuration. PlayerAPI features disabled.
2022-08-22 05:43:13.8609 [DEBUG; Root]  Loading Asset Scripts
2022-08-22 05:43:13.8644 [DEBUG; Root]  Loading Room Configs
2022-08-22 05:43:13.8699 [DEBUG; Root]  Initializing PhysX
2022-08-22 05:43:13.8829 [DEBUG; Root]  Loading PhysX geometry
2022-08-22 05:43:13.8939 [INFO; Root]  Loaded 8 geometries
2022-08-22 05:43:13.8944 [INFO; Root]  Loaded 3 geometries
2022-08-22 05:43:13.8944 [DEBUG; Root]  Loading entity prefabs
2022-08-22 05:43:13.9084 [INFO; Root]  Loaded 5 entity prefabs
2022-08-22 05:43:13.9084 [DEBUG; Root]  Loading entity instances
2022-08-22 05:43:13.9244 [DEBUG; Root]  Initializing scripts
2022-08-22 05:43:13.9324 [DEBUG; Root]  Room setup complete
2022-08-22 05:43:13.9329 [INFO; Reactor.ServerRoom]  Starting room 1
2022-08-22 05:43:13.9329 [INFO; Root]  Sending client updates every 2 frames
2022-08-22 05:43:13.9329 [INFO; Root]  Attempting to sync simulation time to match elapsed time.
2022-08-22 05:43:13.9334 [INFO; Root]  Opening TCP port 8000
