2022-08-14 06:06:41.0813 [INFO; Reactor.Server]  Loaded KSServerRuntime.Local.dll
2022-08-14 06:06:41.0898 [INFO; Root]  Loaded config.json
2022-08-14 06:06:41.0903 [INFO; Root]  Loaded config.GameScene.json
2022-08-14 06:06:41.0953 [INFO; Root]  KinematicSoup Technologies Inc.
2022-08-14 06:06:41.0953 [INFO; Root]  Reactor Server v0.10.0
2022-08-14 06:06:41.0958 [DEBUG; Root]  Could not open model file: model.bin. Compression will use the default model for sync transforms, and dynamic models for update transforms.
2022-08-14 06:06:41.0968 [INFO; Reactor.Server]  Missing API configuration. PlayerAPI features disabled.
2022-08-14 06:06:41.1058 [DEBUG; Root]  Loading Asset Scripts
2022-08-14 06:06:41.1083 [DEBUG; Root]  Loading Room Configs
2022-08-14 06:06:41.1128 [DEBUG; Root]  Initializing PhysX
2022-08-14 06:06:41.1248 [DEBUG; Root]  Loading PhysX geometry
2022-08-14 06:06:41.1343 [INFO; Root]  Loaded 8 geometries
2022-08-14 06:06:41.1343 [INFO; Root]  Loaded 2 geometries
2022-08-14 06:06:41.1343 [DEBUG; Root]  Loading entity prefabs
2022-08-14 06:06:41.1468 [INFO; Root]  Loaded 5 entity prefabs
2022-08-14 06:06:41.1468 [DEBUG; Root]  Loading entity instances
2022-08-14 06:06:41.1623 [DEBUG; Root]  Initializing scripts
2022-08-14 06:06:41.1698 [DEBUG; Root]  Room setup complete
2022-08-14 06:06:41.1698 [INFO; Reactor.ServerRoom]  Starting room 1
2022-08-14 06:06:41.1698 [INFO; Root]  Sending client updates every 2 frames
2022-08-14 06:06:41.1698 [INFO; Root]  Attempting to sync simulation time to match elapsed time.
2022-08-14 06:06:41.1703 [INFO; Root]  Opening TCP port 8000
