2022-11-01 06:10:01.1207 [INFO; Root]  KinematicSoup Technologies Inc.
2022-11-01 06:10:01.1247 [INFO; Root]  Reactor Server v0.10.1
2022-11-01 06:10:01.1944 [WARNING; Reactor.Server]  Error parsing model file 'model.bin'. Defaulting to dynmaic model generation.
2022-11-01 06:10:01.1979 [INFO; Reactor.Server]  Missing API configuration. PlayerAPI features disabled.
2022-11-01 06:10:01.2089 [DEBUG; Root]  Loading Asset Scripts
2022-11-01 06:10:01.2114 [DEBUG; Root]  Loading Room Configs
2022-11-01 06:10:01.2154 [DEBUG; Root]  Initializing PhysX
2022-11-01 06:10:01.2310 [DEBUG; Root]  Loading PhysX geometry
2022-11-01 06:10:01.2355 [INFO; Root]  Loaded 8 geometries
2022-11-01 06:10:01.2365 [INFO; Root]  Loaded 2 geometries
2022-11-01 06:10:01.2365 [DEBUG; Root]  Loading entity prefabs
2022-11-01 06:10:01.2500 [INFO; Root]  Loaded 5 entity prefabs
2022-11-01 06:10:01.2500 [DEBUG; Root]  Loading entity instances
2022-11-01 06:10:01.2635 [DEBUG; Root]  Initializing scripts
2022-11-01 06:10:01.2715 [DEBUG; Root]  Room setup complete
2022-11-01 06:10:01.2720 [INFO; Reactor.ServerRoom]  Starting room 1
2022-11-01 06:10:01.2720 [INFO; Root]  Sending client updates every 2 frames
2022-11-01 06:10:01.2720 [INFO; Root]  Attempting to sync simulation time to match elapsed time.
2022-11-01 06:10:01.2720 [INFO; Root]  Opening TCP port 8000
2022-11-01 06:10:06.0314 [INFO; Root]  Client(id = 1, address = 127.0.0.1:60666) connected
2022-11-01 06:10:06.0339 [DEBUG; Root]  Client(id = 1, address = 127.0.0.1:60666) model validated
2022-11-01 06:10:06.0495 [DEBUG; Root]  Client(id = 1, address = 127.0.0.1:60666) authenticated
2022-11-01 06:10:06.0590 [INFO; Root]  Player False joined
2022-11-01 06:10:07.5073 [INFO; Root]  20
2022-11-01 06:10:08.6759 [INFO; Root]  OnOverlap
2022-11-01 06:10:11.9657 [INFO; Root]  OnOverlap
2022-11-01 06:10:14.1079 [INFO; Root]  OnOverlap
2022-11-01 06:10:17.0665 [INFO; Root]  OnOverlap
2022-11-01 06:10:17.4230 [INFO; Root]  OnOverlap
2022-11-01 06:10:18.1545 [INFO; Root]  Client(id = 1, address = 127.0.0.1:60666) disconnected: 2-End of file
2022-11-01 06:10:18.1665 [INFO; Root]  Player 1 left
