2022-08-03 15:47:50.0278 [INFO; Reactor.Server]  Loaded KSServerRuntime.Local.dll
2022-08-03 15:47:50.0398 [INFO; Root]  Loaded config.json
2022-08-03 15:47:50.0403 [INFO; Root]  Loaded config.GameScene.json
2022-08-03 15:47:50.0453 [INFO; Root]  KinematicSoup Technologies Inc.
2022-08-03 15:47:50.0453 [INFO; Root]  Reactor Server v0.10.0
2022-08-03 15:47:50.0453 [DEBUG; Root]  Could not open model file: model.bin. Compression will use the default model for sync transforms, and dynamic models for update transforms.
2022-08-03 15:47:50.0463 [INFO; Reactor.Server]  Missing API configuration. PlayerAPI features disabled.
2022-08-03 15:47:50.0563 [DEBUG; Root]  Loading Asset Scripts
2022-08-03 15:47:50.0588 [DEBUG; Root]  Loading Room Configs
2022-08-03 15:47:50.0638 [DEBUG; Root]  Initializing PhysX
2022-08-03 15:47:50.0788 [DEBUG; Root]  Loading PhysX geometry
2022-08-03 15:47:50.0898 [INFO; Root]  Loaded 5 geometries
2022-08-03 15:47:50.0908 [INFO; Root]  Loaded 3 geometries
2022-08-03 15:47:50.0913 [DEBUG; Root]  Loading entity prefabs
2022-08-03 15:47:50.1043 [INFO; Root]  Loaded 3 entity prefabs
2022-08-03 15:47:50.1043 [DEBUG; Root]  Loading entity instances
2022-08-03 15:47:50.1188 [DEBUG; Root]  Initializing scripts
2022-08-03 15:47:50.1283 [DEBUG; Root]  Room setup complete
2022-08-03 15:47:50.1283 [INFO; Reactor.ServerRoom]  Starting room 1
2022-08-03 15:47:50.1283 [INFO; Root]  Sending client updates every 2 frames
2022-08-03 15:47:50.1283 [INFO; Root]  Attempting to sync simulation time to match elapsed time.
2022-08-03 15:47:50.1293 [INFO; Root]  Opening TCP port 8000
