2022-08-13 06:09:48.8065 [INFO; Reactor.Server]  Loaded KSServerRuntime.Local.dll
2022-08-13 06:09:48.8150 [INFO; Root]  Loaded config.json
2022-08-13 06:09:48.8155 [INFO; Root]  Loaded config.GameScene.json
2022-08-13 06:09:48.8200 [INFO; Root]  KinematicSoup Technologies Inc.
2022-08-13 06:09:48.8200 [INFO; Root]  Reactor Server v0.10.0
2022-08-13 06:09:48.8200 [DEBUG; Root]  Could not open model file: model.bin. Compression will use the default model for sync transforms, and dynamic models for update transforms.
2022-08-13 06:09:48.8210 [INFO; Reactor.Server]  Missing API configuration. PlayerAPI features disabled.
2022-08-13 06:09:48.8295 [DEBUG; Root]  Loading Asset Scripts
2022-08-13 06:09:48.8315 [DEBUG; Root]  Loading Room Configs
2022-08-13 06:09:48.8355 [DEBUG; Root]  Initializing PhysX
2022-08-13 06:09:48.8470 [DEBUG; Root]  Loading PhysX geometry
2022-08-13 06:09:48.8565 [INFO; Root]  Loaded 8 geometries
2022-08-13 06:09:48.8570 [INFO; Root]  Loaded 2 geometries
2022-08-13 06:09:48.8570 [DEBUG; Root]  Loading entity prefabs
2022-08-13 06:09:48.8700 [INFO; Root]  Loaded 5 entity prefabs
2022-08-13 06:09:48.8700 [DEBUG; Root]  Loading entity instances
2022-08-13 06:09:48.8860 [DEBUG; Root]  Initializing scripts
2022-08-13 06:09:48.8936 [DEBUG; Root]  Room setup complete
2022-08-13 06:09:48.8936 [INFO; Reactor.ServerRoom]  Starting room 1
2022-08-13 06:09:48.8936 [INFO; Root]  Sending client updates every 2 frames
2022-08-13 06:09:48.8936 [INFO; Root]  Attempting to sync simulation time to match elapsed time.
2022-08-13 06:09:48.8940 [INFO; Root]  Opening TCP port 8000
2022-08-13 06:09:53.7105 [INFO; Root]  Client(id = 1, address = 127.0.0.1) connected
2022-08-13 06:09:53.7130 [DEBUG; Root]  Client(id = 1, address = 127.0.0.1) model validated
2022-08-13 06:09:53.7265 [DEBUG; Root]  Client(id = 1, address = 127.0.0.1) authenticated
2022-08-13 06:09:53.7325 [INFO; Root]  Player False joined
2022-08-13 06:09:54.0426 [INFO; Root]  RPC RECEIVED True and 1
2022-08-13 06:09:54.0426 [INFO; Root]  HeheTrue
2022-08-13 06:09:54.0461 [INFO; Root]  Start Match!
2022-08-13 06:09:54.0521 [INFO; Root]  Here 
2022-08-13 06:09:54.0531 [INFO; Root]  5
2022-08-13 06:09:57.6723 [INFO; Root]  Client(id = 1, address = 127.0.0.1) disconnected: 2-End of file
2022-08-13 06:09:57.6792 [INFO; Root]  Player 1 left
