2022-08-21 06:03:12.9729 [INFO; Reactor.Server]  Loaded KSServerRuntime.Local.dll
2022-08-21 06:03:12.9814 [INFO; Root]  Loaded config.json
2022-08-21 06:03:12.9814 [INFO; Root]  Loaded config.GameScene.json
2022-08-21 06:03:12.9864 [INFO; Root]  KinematicSoup Technologies Inc.
2022-08-21 06:03:12.9864 [INFO; Root]  Reactor Server v0.10.0
2022-08-21 06:03:12.9864 [DEBUG; Root]  Could not open model file: model.bin. Compression will use the default model for sync transforms, and dynamic models for update transforms.
2022-08-21 06:03:12.9874 [INFO; Reactor.Server]  Missing API configuration. PlayerAPI features disabled.
2022-08-21 06:03:12.9954 [DEBUG; Root]  Loading Asset Scripts
2022-08-21 06:03:12.9984 [DEBUG; Root]  Loading Room Configs
2022-08-21 06:03:13.0019 [DEBUG; Root]  Initializing PhysX
2022-08-21 06:03:13.0129 [DEBUG; Root]  Loading PhysX geometry
2022-08-21 06:03:13.0264 [INFO; Root]  Loaded 8 geometries
2022-08-21 06:03:13.0299 [INFO; Root]  Loaded 3 geometries
2022-08-21 06:03:13.0299 [DEBUG; Root]  Loading entity prefabs
2022-08-21 06:03:13.0424 [INFO; Root]  Loaded 5 entity prefabs
2022-08-21 06:03:13.0424 [DEBUG; Root]  Loading entity instances
2022-08-21 06:03:13.0549 [DEBUG; Root]  Initializing scripts
2022-08-21 06:03:13.0614 [DEBUG; Root]  Room setup complete
2022-08-21 06:03:13.0614 [INFO; Reactor.ServerRoom]  Starting room 1
2022-08-21 06:03:13.0614 [INFO; Root]  Sending client updates every 2 frames
2022-08-21 06:03:13.0614 [INFO; Root]  Attempting to sync simulation time to match elapsed time.
2022-08-21 06:03:13.0619 [INFO; Root]  Opening TCP port 8000
2022-08-21 06:03:18.1251 [INFO; Root]  Client(id = 1, address = 127.0.0.1) connected
2022-08-21 06:03:18.1276 [DEBUG; Root]  Client(id = 1, address = 127.0.0.1) model validated
2022-08-21 06:03:18.1451 [DEBUG; Root]  Client(id = 1, address = 127.0.0.1) authenticated
2022-08-21 06:03:18.1516 [INFO; Root]  Player False joined
2022-08-21 06:03:19.2937 [INFO; Root]  RPC RECEIVED True and 1
2022-08-21 06:03:19.2937 [INFO; Root]  HeheTrue
2022-08-21 06:03:24.4172 [INFO; Root]  Client(id = 1, address = 127.0.0.1) disconnected: 2-End of file
2022-08-21 06:03:24.4342 [INFO; Root]  Player 1 left
2022-08-21 06:03:24.4347 [WARNING; Reactor.ServerEntity]  Cannot delete permanent entity (type: , id: 1).
2022-08-21 06:03:24.4352 [WARNING; Reactor.ServerEntity]  Cannot delete permanent entity (type: , id: 2).
2022-08-21 06:03:24.4352 [WARNING; Reactor.ServerEntity]  Cannot delete permanent entity (type: , id: 3).
