2022-08-26 06:00:50.4203 [INFO; Reactor.Server]  Loaded KSServerRuntime.Local.dll
2022-08-26 06:00:50.4318 [INFO; Root]  Loaded config.json
2022-08-26 06:00:50.4358 [INFO; Root]  Loaded config.GameScene.json
2022-08-26 06:00:50.4408 [INFO; Root]  KinematicSoup Technologies Inc.
2022-08-26 06:00:50.4408 [INFO; Root]  Reactor Server v0.10.0
2022-08-26 06:00:50.4408 [DEBUG; Root]  Could not open model file: model.bin. Compression will use the default model for sync transforms, and dynamic models for update transforms.
2022-08-26 06:00:50.4418 [INFO; Reactor.Server]  Missing API configuration. PlayerAPI features disabled.
2022-08-26 06:00:50.4498 [DEBUG; Root]  Loading Asset Scripts
2022-08-26 06:00:50.4518 [DEBUG; Root]  Loading Room Configs
2022-08-26 06:00:50.4553 [DEBUG; Root]  Initializing PhysX
2022-08-26 06:00:52.5737 [DEBUG; Root]  Loading PhysX geometry
2022-08-26 06:00:53.1397 [INFO; Root]  Loaded 8 geometries
2022-08-26 06:00:53.1427 [INFO; Root]  Loaded 2 geometries
2022-08-26 06:00:53.1427 [DEBUG; Root]  Loading entity prefabs
2022-08-26 06:00:53.1562 [INFO; Root]  Loaded 5 entity prefabs
2022-08-26 06:00:53.1562 [DEBUG; Root]  Loading entity instances
2022-08-26 06:00:53.1687 [DEBUG; Root]  Initializing scripts
2022-08-26 06:00:53.1762 [DEBUG; Root]  Room setup complete
2022-08-26 06:00:53.1762 [INFO; Reactor.ServerRoom]  Starting room 1
2022-08-26 06:00:53.1762 [INFO; Root]  Sending client updates every 2 frames
2022-08-26 06:00:53.1762 [INFO; Root]  Attempting to sync simulation time to match elapsed time.
2022-08-26 06:00:53.1767 [INFO; Root]  Opening TCP port 8000
