2022-08-16 15:45:32.4482 [INFO; Reactor.Server]  Loaded KSServerRuntime.Local.dll
2022-08-16 15:45:32.5069 [INFO; Root]  Loaded config.json
2022-08-16 15:45:32.5088 [INFO; Root]  Loaded config.GameScene.json
2022-08-16 15:45:32.5291 [INFO; Root]  KinematicSoup Technologies Inc.
2022-08-16 15:45:32.5291 [INFO; Root]  Reactor Server v0.10.0
2022-08-16 15:45:32.5306 [DEBUG; Root]  Could not open model file: model.bin. Compression will use the default model for sync transforms, and dynamic models for update transforms.
2022-08-16 15:45:32.5358 [INFO; Reactor.Server]  Missing API configuration. PlayerAPI features disabled.
2022-08-16 15:45:32.5638 [DEBUG; Root]  Loading Asset Scripts
2022-08-16 15:45:32.5730 [DEBUG; Root]  Loading Room Configs
2022-08-16 15:45:32.5969 [DEBUG; Root]  Initializing PhysX
2022-08-16 15:45:32.6939 [DEBUG; Root]  Loading PhysX geometry
2022-08-16 15:45:32.7484 [INFO; Root]  Loaded 8 geometries
2022-08-16 15:45:32.7524 [INFO; Root]  Loaded 2 geometries
2022-08-16 15:45:32.7524 [DEBUG; Root]  Loading entity prefabs
2022-08-16 15:45:32.8235 [INFO; Root]  Loaded 5 entity prefabs
2022-08-16 15:45:32.8235 [DEBUG; Root]  Loading entity instances
2022-08-16 15:45:32.9277 [DEBUG; Root]  Initializing scripts
2022-08-16 15:45:32.9831 [DEBUG; Root]  Room setup complete
2022-08-16 15:45:32.9851 [INFO; Reactor.ServerRoom]  Starting room 1
2022-08-16 15:45:32.9851 [INFO; Root]  Sending client updates every 2 frames
2022-08-16 15:45:32.9851 [INFO; Root]  Attempting to sync simulation time to match elapsed time.
2022-08-16 15:45:32.9891 [INFO; Root]  Opening TCP port 8000
2022-08-16 15:45:33.0996 [INFO; Root]  Client(id = 1, address = 10.6.167.25) connected
2022-08-16 15:45:33.1108 [DEBUG; Root]  Client(id = 1, address = 10.6.167.25) model validated
2022-08-16 15:45:33.1852 [DEBUG; Root]  Client(id = 1, address = 10.6.167.25) authenticated
2022-08-16 15:45:33.2045 [INFO; Root]  Player False joined
2022-08-16 15:45:36.3157 [INFO; Root]  RPC RECEIVED True and 1
2022-08-16 15:45:36.3173 [INFO; Root]  HeheTrue
2022-08-16 15:45:36.3290 [INFO; Root]  Start Match!
2022-08-16 15:45:36.3479 [INFO; Root]  Here 
2022-08-16 15:45:36.3539 [INFO; Root]  Request to take control of unit passed
2022-08-16 15:45:36.3629 [INFO; Root]  5
2022-08-16 15:45:38.4150 [INFO; Root]  server received request to spawn = 1
2022-08-16 15:45:38.4271 [INFO; Root]  Collision StartedTrue   False
2022-08-16 15:45:39.1408 [INFO; Root]  Request to take control of unit passed
2022-08-16 15:45:41.1569 [INFO; Root]  server received request to spawn = 0
2022-08-16 15:45:44.6064 [INFO; Root]  Request to take control of unit passed
2022-08-16 15:45:47.1910 [INFO; Root]  Collision StartedTrue   False
2022-08-16 15:45:47.7241 [INFO; Root]  server received request to spawn = 5
2022-08-16 15:45:47.7310 [INFO; Root]  Reactor.ServerEntity
2022-08-16 15:45:47.7318 [INFO; Root]  Reactor.ServerEntity
2022-08-16 15:45:48.2073 [INFO; Root]  Request to take control of unit passed
2022-08-16 15:45:49.7252 [INFO; Root]  Debug Destroyed
2022-08-16 15:45:50.6580 [INFO; Root]  Collision StartedTrue   False
2022-08-16 15:45:54.2731 [INFO; Root]  Collision StartedTrue   False
2022-08-16 15:45:54.7727 [INFO; Root]  Request to take control of unit passed
