2022-08-15 06:08:43.5624 [INFO; Reactor.Server]  Loaded KSServerRuntime.Local.dll
2022-08-15 06:08:43.5704 [INFO; Root]  Loaded config.json
2022-08-15 06:08:43.5709 [INFO; Root]  Loaded config.GameScene.json
2022-08-15 06:08:43.5754 [INFO; Root]  KinematicSoup Technologies Inc.
2022-08-15 06:08:43.5754 [INFO; Root]  Reactor Server v0.10.0
2022-08-15 06:08:43.5759 [DEBUG; Root]  Could not open model file: model.bin. Compression will use the default model for sync transforms, and dynamic models for update transforms.
2022-08-15 06:08:43.5764 [INFO; Reactor.Server]  Missing API configuration. PlayerAPI features disabled.
2022-08-15 06:08:43.5844 [DEBUG; Root]  Loading Asset Scripts
2022-08-15 06:08:43.5869 [DEBUG; Root]  Loading Room Configs
2022-08-15 06:08:43.5909 [DEBUG; Root]  Initializing PhysX
2022-08-15 06:08:43.6024 [DEBUG; Root]  Loading PhysX geometry
2022-08-15 06:08:43.6124 [INFO; Root]  Loaded 8 geometries
2022-08-15 06:08:43.6124 [INFO; Root]  Loaded 2 geometries
2022-08-15 06:08:43.6124 [DEBUG; Root]  Loading entity prefabs
2022-08-15 06:08:43.6269 [INFO; Root]  Loaded 5 entity prefabs
2022-08-15 06:08:43.6269 [DEBUG; Root]  Loading entity instances
2022-08-15 06:08:43.6439 [DEBUG; Root]  Initializing scripts
2022-08-15 06:08:43.6509 [DEBUG; Root]  Room setup complete
2022-08-15 06:08:43.6514 [INFO; Reactor.ServerRoom]  Starting room 1
2022-08-15 06:08:43.6514 [INFO; Root]  Sending client updates every 2 frames
2022-08-15 06:08:43.6514 [INFO; Root]  Attempting to sync simulation time to match elapsed time.
2022-08-15 06:08:43.6514 [INFO; Root]  Opening TCP port 8000
