2022-08-10 16:23:38.0438 [INFO; Reactor.Server]  Loaded KSServerRuntime.Local.dll
2022-08-10 16:23:38.0845 [INFO; Root]  Loaded config.json
2022-08-10 16:23:38.0855 [INFO; Root]  Loaded config.GameScene.json
2022-08-10 16:23:38.0970 [INFO; Root]  KinematicSoup Technologies Inc.
2022-08-10 16:23:38.0970 [INFO; Root]  Reactor Server v0.10.0
2022-08-10 16:23:38.0970 [DEBUG; Root]  Could not open model file: model.bin. Compression will use the default model for sync transforms, and dynamic models for update transforms.
2022-08-10 16:23:38.0990 [INFO; Reactor.Server]  Missing API configuration. PlayerAPI features disabled.
2022-08-10 16:23:38.1240 [DEBUG; Root]  Loading Asset Scripts
2022-08-10 16:23:38.1279 [DEBUG; Root]  Loading Room Configs
2022-08-10 16:23:38.1371 [DEBUG; Root]  Initializing PhysX
2022-08-10 16:23:38.1783 [DEBUG; Root]  Loading PhysX geometry
2022-08-10 16:23:38.2033 [INFO; Root]  Loaded 8 geometries
2022-08-10 16:23:38.2053 [INFO; Root]  Loaded 2 geometries
2022-08-10 16:23:38.2053 [DEBUG; Root]  Loading entity prefabs
2022-08-10 16:23:38.2356 [INFO; Root]  Loaded 5 entity prefabs
2022-08-10 16:23:38.2356 [DEBUG; Root]  Loading entity instances
2022-08-10 16:23:38.2659 [DEBUG; Root]  Initializing scripts
2022-08-10 16:23:38.2789 [DEBUG; Root]  Room setup complete
2022-08-10 16:23:38.2789 [INFO; Reactor.ServerRoom]  Starting room 1
2022-08-10 16:23:38.2789 [INFO; Root]  Sending client updates every 2 frames
2022-08-10 16:23:38.2789 [INFO; Root]  Attempting to sync simulation time to match elapsed time.
2022-08-10 16:23:38.2799 [INFO; Root]  Opening TCP port 8000
2022-08-10 16:23:44.5948 [INFO; Root]  Client(id = 1, address = 10.6.167.25) connected
2022-08-10 16:23:44.6050 [DEBUG; Root]  Client(id = 1, address = 10.6.167.25) model validated
2022-08-10 16:23:44.6502 [DEBUG; Root]  Client(id = 1, address = 10.6.167.25) authenticated
2022-08-10 16:23:44.6754 [INFO; Root]  Player False joined
2022-08-10 16:23:45.0244 [INFO; Root]  RPC RECEIVED True and 1
2022-08-10 16:23:45.0245 [INFO; Root]  HeheTrue
2022-08-10 16:23:45.0431 [INFO; Root]  Start Match!
2022-08-10 16:23:45.0717 [INFO; Root]  5
2022-08-10 16:23:46.8404 [INFO; Root]  server received request to spawn = 1
2022-08-10 16:23:46.8464 [INFO; Root]  IM HERE = Test
2022-08-10 16:23:46.8474 [INFO; Root]  IM HERE2 = Test
2022-08-10 16:23:46.8600 [ERROR; Root]  Exception caught while calling script Initialize.: Object reference not set to an instance of an object.
   at UnitServer.Initialize() in C:\Users\mgantar\Videos\Other\.IOGame\Assets\ReactorScripts\Editor\Server\UnitServer.cs:line 18
   at KS.Reactor.ksScriptList`2.InitializeAll()
2022-08-10 16:23:46.8728 [INFO; Root]  he
2022-08-10 16:23:46.8788 [INFO; Root]  he
2022-08-10 16:23:46.8788 [INFO; Root]  he
2022-08-10 16:23:46.8818 [INFO; Root]  he
2022-08-10 16:23:46.8988 [INFO; Root]  he
2022-08-10 16:23:46.9154 [INFO; Root]  he
2022-08-10 16:23:46.9316 [INFO; Root]  he
2022-08-10 16:23:46.9477 [INFO; Root]  he
2022-08-10 16:23:46.9649 [INFO; Root]  he
2022-08-10 16:23:46.9811 [INFO; Root]  he
2022-08-10 16:23:46.9988 [INFO; Root]  he
2022-08-10 16:23:47.0146 [INFO; Root]  he
2022-08-10 16:23:47.0314 [INFO; Root]  he
2022-08-10 16:23:47.0492 [INFO; Root]  he
2022-08-10 16:23:47.0659 [INFO; Root]  he
2022-08-10 16:23:47.0830 [INFO; Root]  he
2022-08-10 16:23:47.0982 [INFO; Root]  he
2022-08-10 16:23:47.1161 [INFO; Root]  he
2022-08-10 16:23:47.1324 [INFO; Root]  he
2022-08-10 16:23:47.1498 [INFO; Root]  he
2022-08-10 16:23:47.1647 [INFO; Root]  he
2022-08-10 16:23:47.1817 [INFO; Root]  he
2022-08-10 16:23:47.1988 [INFO; Root]  he
2022-08-10 16:23:47.2151 [INFO; Root]  he
2022-08-10 16:23:47.2319 [INFO; Root]  he
2022-08-10 16:23:47.2482 [INFO; Root]  he
2022-08-10 16:23:47.2654 [INFO; Root]  he
2022-08-10 16:23:47.2815 [INFO; Root]  he
2022-08-10 16:23:47.2993 [INFO; Root]  he
2022-08-10 16:23:47.3153 [INFO; Root]  he
2022-08-10 16:23:47.3314 [INFO; Root]  he
2022-08-10 16:23:47.3492 [INFO; Root]  he
2022-08-10 16:23:47.3650 [INFO; Root]  he
2022-08-10 16:23:47.3824 [INFO; Root]  he
2022-08-10 16:23:47.3980 [INFO; Root]  he
2022-08-10 16:23:47.4160 [INFO; Root]  he
2022-08-10 16:23:47.4322 [INFO; Root]  he
2022-08-10 16:23:47.4482 [INFO; Root]  he
2022-08-10 16:23:47.4662 [INFO; Root]  he
2022-08-10 16:23:47.4822 [INFO; Root]  he
2022-08-10 16:23:47.4982 [INFO; Root]  he
2022-08-10 16:23:47.5165 [INFO; Root]  he
2022-08-10 16:23:47.5355 [INFO; Root]  he
2022-08-10 16:23:47.5491 [INFO; Root]  he
2022-08-10 16:23:47.5653 [INFO; Root]  he
2022-08-10 16:23:47.5813 [INFO; Root]  he
2022-08-10 16:23:47.5993 [INFO; Root]  he
2022-08-10 16:23:47.6151 [INFO; Root]  he
2022-08-10 16:23:47.6324 [INFO; Root]  he
2022-08-10 16:23:47.6493 [INFO; Root]  he
2022-08-10 16:23:47.6645 [INFO; Root]  he
2022-08-10 16:23:47.6817 [INFO; Root]  he
2022-08-10 16:23:47.7000 [INFO; Root]  he
2022-08-10 16:23:47.7154 [INFO; Root]  he
2022-08-10 16:23:47.7324 [INFO; Root]  he
2022-08-10 16:23:47.7495 [INFO; Root]  he
2022-08-10 16:23:47.7652 [INFO; Root]  he
2022-08-10 16:23:47.7822 [INFO; Root]  he
2022-08-10 16:23:47.7993 [INFO; Root]  he
2022-08-10 16:23:47.8152 [INFO; Root]  he
2022-08-10 16:23:47.8314 [INFO; Root]  he
2022-08-10 16:23:47.8484 [INFO; Root]  he
2022-08-10 16:23:47.8654 [INFO; Root]  he
2022-08-10 16:23:47.8820 [INFO; Root]  he
2022-08-10 16:23:47.8974 [INFO; Root]  he
2022-08-10 16:23:47.9146 [INFO; Root]  he
2022-08-10 16:23:47.9329 [INFO; Root]  he
2022-08-10 16:23:47.9494 [INFO; Root]  he
2022-08-10 16:23:47.9657 [INFO; Root]  he
2022-08-10 16:23:47.9819 [INFO; Root]  he
2022-08-10 16:23:47.9978 [INFO; Root]  he
2022-08-10 16:23:48.0164 [INFO; Root]  he
2022-08-10 16:23:48.0327 [INFO; Root]  he
2022-08-10 16:23:48.0481 [INFO; Root]  he
2022-08-10 16:23:48.0645 [INFO; Root]  he
2022-08-10 16:23:48.0824 [INFO; Root]  he
2022-08-10 16:23:48.0991 [INFO; Root]  he
2022-08-10 16:23:48.1153 [INFO; Root]  he
2022-08-10 16:23:48.1320 [INFO; Root]  he
2022-08-10 16:23:48.1472 [INFO; Root]  he
2022-08-10 16:23:48.1646 [INFO; Root]  he
2022-08-10 16:23:48.1826 [INFO; Root]  he
2022-08-10 16:23:48.1990 [INFO; Root]  he
2022-08-10 16:23:48.2156 [INFO; Root]  he
2022-08-10 16:23:48.2314 [INFO; Root]  he
2022-08-10 16:23:48.2485 [INFO; Root]  he
2022-08-10 16:23:48.2652 [INFO; Root]  he
2022-08-10 16:23:48.2827 [INFO; Root]  he
2022-08-10 16:23:48.2991 [INFO; Root]  he
2022-08-10 16:23:48.3151 [INFO; Root]  he
2022-08-10 16:23:48.3358 [INFO; Root]  he
2022-08-10 16:23:48.3489 [INFO; Root]  he
2022-08-10 16:23:48.3651 [INFO; Root]  he
2022-08-10 16:23:48.3822 [INFO; Root]  he
2022-08-10 16:23:48.3996 [INFO; Root]  he
2022-08-10 16:23:48.4143 [INFO; Root]  he
2022-08-10 16:23:48.4327 [INFO; Root]  he
2022-08-10 16:23:48.4491 [INFO; Root]  he
2022-08-10 16:23:48.4663 [INFO; Root]  he
2022-08-10 16:23:48.4824 [INFO; Root]  he
2022-08-10 16:23:48.4983 [INFO; Root]  he
2022-08-10 16:23:48.5151 [INFO; Root]  he
2022-08-10 16:23:48.5311 [INFO; Root]  he
2022-08-10 16:23:48.5491 [INFO; Root]  he
2022-08-10 16:23:48.5642 [INFO; Root]  he
2022-08-10 16:23:48.5814 [INFO; Root]  he
2022-08-10 16:23:48.5981 [INFO; Root]  he
2022-08-10 16:23:48.6148 [INFO; Root]  he
2022-08-10 16:23:48.6316 [INFO; Root]  he
2022-08-10 16:23:48.6487 [INFO; Root]  he
2022-08-10 16:23:48.6641 [INFO; Root]  he
2022-08-10 16:23:48.6814 [INFO; Root]  he
2022-08-10 16:23:48.6967 [INFO; Root]  Client(id = 1, address = 10.6.167.25) disconnected: 2-End of file
2022-08-10 16:23:48.7011 [INFO; Root]  Player 1 left
2022-08-10 16:23:48.7051 [INFO; Root]  he
2022-08-10 16:23:48.7151 [INFO; Root]  he
2022-08-10 16:23:48.7321 [INFO; Root]  he
2022-08-10 16:23:48.7477 [INFO; Root]  he
2022-08-10 16:23:48.7644 [INFO; Root]  he
2022-08-10 16:23:48.7814 [INFO; Root]  he
2022-08-10 16:23:48.7987 [INFO; Root]  he
2022-08-10 16:23:48.8150 [INFO; Root]  he
2022-08-10 16:23:48.8322 [INFO; Root]  he
2022-08-10 16:23:48.8478 [INFO; Root]  he
2022-08-10 16:23:48.8642 [INFO; Root]  he
2022-08-10 16:23:48.8814 [INFO; Root]  he
2022-08-10 16:23:48.8984 [INFO; Root]  he
2022-08-10 16:23:48.9148 [INFO; Root]  he
2022-08-10 16:23:48.9323 [INFO; Root]  he
2022-08-10 16:23:48.9476 [INFO; Root]  he
2022-08-10 16:23:48.9642 [INFO; Root]  he
2022-08-10 16:23:48.9811 [INFO; Root]  he
2022-08-10 16:23:48.9995 [INFO; Root]  he
2022-08-10 16:23:49.0150 [INFO; Root]  he
2022-08-10 16:23:49.0322 [INFO; Root]  he
2022-08-10 16:23:49.0479 [INFO; Root]  he
2022-08-10 16:23:49.0650 [INFO; Root]  he
2022-08-10 16:23:49.0822 [INFO; Root]  he
2022-08-10 16:23:49.0979 [INFO; Root]  he
2022-08-10 16:23:49.1152 [INFO; Root]  he
2022-08-10 16:23:49.1314 [INFO; Root]  he
2022-08-10 16:23:49.1479 [INFO; Root]  he
2022-08-10 16:23:49.1650 [INFO; Root]  he
2022-08-10 16:23:49.1811 [INFO; Root]  he
2022-08-10 16:23:49.1985 [INFO; Root]  he
2022-08-10 16:23:49.2139 [INFO; Root]  he
2022-08-10 16:23:49.2322 [INFO; Root]  he
2022-08-10 16:23:49.2476 [INFO; Root]  he
2022-08-10 16:23:49.2649 [INFO; Root]  he
2022-08-10 16:23:49.2814 [INFO; Root]  he
2022-08-10 16:23:49.2986 [INFO; Root]  he
2022-08-10 16:23:49.3143 [INFO; Root]  he
2022-08-10 16:23:49.3314 [INFO; Root]  he
2022-08-10 16:23:49.3483 [INFO; Root]  he
2022-08-10 16:23:49.3650 [INFO; Root]  he
2022-08-10 16:23:49.3817 [INFO; Root]  he
2022-08-10 16:23:49.3986 [INFO; Root]  he
2022-08-10 16:23:49.4149 [INFO; Root]  he
2022-08-10 16:23:49.4325 [INFO; Root]  he
2022-08-10 16:23:49.4481 [INFO; Root]  he
2022-08-10 16:23:49.4650 [INFO; Root]  he
2022-08-10 16:23:49.4815 [INFO; Root]  he
2022-08-10 16:23:49.4985 [INFO; Root]  he
2022-08-10 16:23:49.5141 [INFO; Root]  he
2022-08-10 16:23:49.5313 [INFO; Root]  he
2022-08-10 16:23:49.5496 [INFO; Root]  he
2022-08-10 16:23:49.5651 [INFO; Root]  he
2022-08-10 16:23:49.5812 [INFO; Root]  he
2022-08-10 16:23:49.5978 [INFO; Root]  he
2022-08-10 16:23:49.6147 [INFO; Root]  he
2022-08-10 16:23:49.6311 [INFO; Root]  he
2022-08-10 16:23:49.6482 [INFO; Root]  he
2022-08-10 16:23:49.6648 [INFO; Root]  he
2022-08-10 16:23:49.6819 [INFO; Root]  he
2022-08-10 16:23:49.6984 [INFO; Root]  he
2022-08-10 16:23:49.7146 [INFO; Root]  he
2022-08-10 16:23:49.7317 [INFO; Root]  he
2022-08-10 16:23:49.7481 [INFO; Root]  he
2022-08-10 16:23:49.7645 [INFO; Root]  he
2022-08-10 16:23:49.7811 [INFO; Root]  he
2022-08-10 16:23:49.7976 [INFO; Root]  he
2022-08-10 16:23:49.8154 [INFO; Root]  he
2022-08-10 16:23:49.8317 [INFO; Root]  he
2022-08-10 16:23:49.8481 [INFO; Root]  he
2022-08-10 16:23:49.8652 [INFO; Root]  he
2022-08-10 16:23:49.8815 [INFO; Root]  he
2022-08-10 16:23:49.8987 [INFO; Root]  he
2022-08-10 16:23:49.9142 [INFO; Root]  he
2022-08-10 16:23:49.9309 [INFO; Root]  he
2022-08-10 16:23:49.9480 [INFO; Root]  he
2022-08-10 16:23:49.9651 [INFO; Root]  he
2022-08-10 16:23:49.9811 [INFO; Root]  he
2022-08-10 16:23:49.9976 [INFO; Root]  he
2022-08-10 16:23:50.0149 [INFO; Root]  he
2022-08-10 16:23:50.0310 [INFO; Root]  he
2022-08-10 16:23:50.0485 [INFO; Root]  he
2022-08-10 16:23:50.0643 [INFO; Root]  he
2022-08-10 16:23:50.0821 [INFO; Root]  he
2022-08-10 16:23:50.0978 [INFO; Root]  he
2022-08-10 16:23:50.1150 [INFO; Root]  he
2022-08-10 16:23:50.1319 [INFO; Root]  he
2022-08-10 16:23:50.1485 [INFO; Root]  he
2022-08-10 16:23:50.1640 [INFO; Root]  he
2022-08-10 16:23:50.1818 [INFO; Root]  he
2022-08-10 16:23:50.1975 [INFO; Root]  he
2022-08-10 16:23:50.2141 [INFO; Root]  he
2022-08-10 16:23:50.2309 [INFO; Root]  he
2022-08-10 16:23:50.2479 [INFO; Root]  he
2022-08-10 16:23:50.2653 [INFO; Root]  he
2022-08-10 16:23:50.2817 [INFO; Root]  he
2022-08-10 16:23:50.2987 [INFO; Root]  he
2022-08-10 16:23:50.3150 [INFO; Root]  he
2022-08-10 16:23:50.3311 [INFO; Root]  he
2022-08-10 16:23:50.3486 [INFO; Root]  he
2022-08-10 16:23:50.3640 [INFO; Root]  he
2022-08-10 16:23:50.3809 [INFO; Root]  he
2022-08-10 16:23:50.3977 [INFO; Root]  he
2022-08-10 16:23:50.4147 [INFO; Root]  he
2022-08-10 16:23:50.4318 [INFO; Root]  he
2022-08-10 16:23:50.4477 [INFO; Root]  he
2022-08-10 16:23:50.4650 [INFO; Root]  he
2022-08-10 16:23:50.4813 [INFO; Root]  he
2022-08-10 16:23:50.4985 [INFO; Root]  he
2022-08-10 16:23:50.5140 [INFO; Root]  he
2022-08-10 16:23:50.5310 [INFO; Root]  he
2022-08-10 16:23:50.5475 [INFO; Root]  he
2022-08-10 16:23:50.5650 [INFO; Root]  he
2022-08-10 16:23:50.5808 [INFO; Root]  he
2022-08-10 16:23:50.5980 [INFO; Root]  he
2022-08-10 16:23:50.6145 [INFO; Root]  he
2022-08-10 16:23:50.6311 [INFO; Root]  he
2022-08-10 16:23:50.6484 [INFO; Root]  he
2022-08-10 16:23:50.6643 [INFO; Root]  he
2022-08-10 16:23:50.6811 [INFO; Root]  he
2022-08-10 16:23:50.6987 [INFO; Root]  he
2022-08-10 16:23:50.7157 [INFO; Root]  he
2022-08-10 16:23:50.7314 [INFO; Root]  he
2022-08-10 16:23:50.7488 [INFO; Root]  he
2022-08-10 16:23:50.7649 [INFO; Root]  he
2022-08-10 16:23:50.7812 [INFO; Root]  he
2022-08-10 16:23:50.7978 [INFO; Root]  he
2022-08-10 16:23:50.8152 [INFO; Root]  he
2022-08-10 16:23:50.8309 [INFO; Root]  he
2022-08-10 16:23:50.8477 [INFO; Root]  he
2022-08-10 16:23:50.8649 [INFO; Root]  he
2022-08-10 16:23:50.8818 [INFO; Root]  he
2022-08-10 16:23:50.8979 [INFO; Root]  he
2022-08-10 16:23:50.9144 [INFO; Root]  he
2022-08-10 16:23:50.9321 [INFO; Root]  he
2022-08-10 16:23:50.9482 [INFO; Root]  he
2022-08-10 16:23:50.9655 [INFO; Root]  he
2022-08-10 16:23:50.9817 [INFO; Root]  he
2022-08-10 16:23:50.9984 [INFO; Root]  he
2022-08-10 16:23:51.0142 [INFO; Root]  he
2022-08-10 16:23:51.0307 [INFO; Root]  he
2022-08-10 16:23:51.0489 [INFO; Root]  he
2022-08-10 16:23:51.0653 [INFO; Root]  he
2022-08-10 16:23:51.0813 [INFO; Root]  he
2022-08-10 16:23:51.0983 [INFO; Root]  he
2022-08-10 16:23:51.1143 [INFO; Root]  he
2022-08-10 16:23:51.1316 [INFO; Root]  he
2022-08-10 16:23:51.1483 [INFO; Root]  he
2022-08-10 16:23:51.1656 [INFO; Root]  he
2022-08-10 16:23:51.1815 [INFO; Root]  he
2022-08-10 16:23:51.1979 [INFO; Root]  he
2022-08-10 16:23:51.2152 [INFO; Root]  he
2022-08-10 16:23:51.2310 [INFO; Root]  he
2022-08-10 16:23:51.2480 [INFO; Root]  he
2022-08-10 16:23:51.2652 [INFO; Root]  he
2022-08-10 16:23:51.2812 [INFO; Root]  he
2022-08-10 16:23:51.2987 [INFO; Root]  he
2022-08-10 16:23:51.3143 [INFO; Root]  he
2022-08-10 16:23:51.3313 [INFO; Root]  he
2022-08-10 16:23:51.3486 [INFO; Root]  he
2022-08-10 16:23:51.3650 [INFO; Root]  he
2022-08-10 16:23:51.3809 [INFO; Root]  he
2022-08-10 16:23:51.3982 [INFO; Root]  he
2022-08-10 16:23:51.4142 [INFO; Root]  he
2022-08-10 16:23:51.4312 [INFO; Root]  he
2022-08-10 16:23:51.4485 [INFO; Root]  he
2022-08-10 16:23:51.4645 [INFO; Root]  he
2022-08-10 16:23:51.4824 [INFO; Root]  he
2022-08-10 16:23:51.4982 [INFO; Root]  he
2022-08-10 16:23:51.5148 [INFO; Root]  he
2022-08-10 16:23:51.5317 [INFO; Root]  he
2022-08-10 16:23:51.5480 [INFO; Root]  he
2022-08-10 16:23:51.5651 [INFO; Root]  he
2022-08-10 16:23:51.5810 [INFO; Root]  he
2022-08-10 16:23:51.5980 [INFO; Root]  he
2022-08-10 16:23:51.6159 [INFO; Root]  he
2022-08-10 16:23:51.6313 [INFO; Root]  he
2022-08-10 16:23:51.6485 [INFO; Root]  he
2022-08-10 16:23:51.6646 [INFO; Root]  he
2022-08-10 16:23:51.6813 [INFO; Root]  he
2022-08-10 16:23:51.6984 [INFO; Root]  he
2022-08-10 16:23:51.7143 [INFO; Root]  he
2022-08-10 16:23:51.7312 [INFO; Root]  he
2022-08-10 16:23:51.7481 [INFO; Root]  he
2022-08-10 16:23:51.7657 [INFO; Root]  he
2022-08-10 16:23:51.7817 [INFO; Root]  he
2022-08-10 16:23:51.7980 [INFO; Root]  he
2022-08-10 16:23:51.8149 [INFO; Root]  he
2022-08-10 16:23:51.8315 [INFO; Root]  he
2022-08-10 16:23:51.8475 [INFO; Root]  he
2022-08-10 16:23:51.8642 [INFO; Root]  he
2022-08-10 16:23:51.8811 [INFO; Root]  he
2022-08-10 16:23:51.8978 [INFO; Root]  he
2022-08-10 16:23:51.9144 [INFO; Root]  he
2022-08-10 16:23:51.9311 [INFO; Root]  he
2022-08-10 16:23:51.9480 [INFO; Root]  he
2022-08-10 16:23:51.9649 [INFO; Root]  he
2022-08-10 16:23:51.9809 [INFO; Root]  he
2022-08-10 16:23:51.9978 [INFO; Root]  he
2022-08-10 16:23:52.0150 [INFO; Root]  he
2022-08-10 16:23:52.0316 [INFO; Root]  he
2022-08-10 16:23:52.0477 [INFO; Root]  he
2022-08-10 16:23:52.0647 [INFO; Root]  he
2022-08-10 16:23:52.0820 [INFO; Root]  he
2022-08-10 16:23:52.0978 [INFO; Root]  he
2022-08-10 16:23:52.1153 [INFO; Root]  he
2022-08-10 16:23:52.1313 [INFO; Root]  he
2022-08-10 16:23:52.1475 [INFO; Root]  he
2022-08-10 16:23:52.1647 [INFO; Root]  he
2022-08-10 16:23:52.1813 [INFO; Root]  he
2022-08-10 16:23:52.1981 [INFO; Root]  he
2022-08-10 16:23:52.2147 [INFO; Root]  he
2022-08-10 16:23:52.2314 [INFO; Root]  he
2022-08-10 16:23:52.2480 [INFO; Root]  he
2022-08-10 16:23:52.2647 [INFO; Root]  he
2022-08-10 16:23:52.2813 [INFO; Root]  he
2022-08-10 16:23:52.2987 [INFO; Root]  he
2022-08-10 16:23:52.3144 [INFO; Root]  he
2022-08-10 16:23:52.3314 [INFO; Root]  he
2022-08-10 16:23:52.3480 [INFO; Root]  he
2022-08-10 16:23:52.3648 [INFO; Root]  he
2022-08-10 16:23:52.3817 [INFO; Root]  he
2022-08-10 16:23:52.3986 [INFO; Root]  he
2022-08-10 16:23:52.4141 [INFO; Root]  he
2022-08-10 16:23:52.4307 [INFO; Root]  he
2022-08-10 16:23:52.4473 [INFO; Root]  he
2022-08-10 16:23:52.4641 [INFO; Root]  he
2022-08-10 16:23:52.4818 [INFO; Root]  he
2022-08-10 16:23:52.4975 [INFO; Root]  he
2022-08-10 16:23:52.5143 [INFO; Root]  he
2022-08-10 16:23:52.5310 [INFO; Root]  he
2022-08-10 16:23:52.5483 [INFO; Root]  he
2022-08-10 16:23:52.5642 [INFO; Root]  he
2022-08-10 16:23:52.5813 [INFO; Root]  he
2022-08-10 16:23:52.5977 [INFO; Root]  he
2022-08-10 16:23:52.6147 [INFO; Root]  he
2022-08-10 16:23:52.6313 [INFO; Root]  he
2022-08-10 16:23:52.6476 [INFO; Root]  he
2022-08-10 16:23:52.6643 [INFO; Root]  he
2022-08-10 16:23:52.6813 [INFO; Root]  he
2022-08-10 16:23:52.6978 [INFO; Root]  he
2022-08-10 16:23:52.7151 [INFO; Root]  he
2022-08-10 16:23:52.7314 [INFO; Root]  he
2022-08-10 16:23:52.7480 [INFO; Root]  he
2022-08-10 16:23:52.7652 [INFO; Root]  he
2022-08-10 16:23:52.7811 [INFO; Root]  he
2022-08-10 16:23:52.7975 [INFO; Root]  he
2022-08-10 16:23:52.8144 [INFO; Root]  he
2022-08-10 16:23:52.8313 [INFO; Root]  he
2022-08-10 16:23:52.8481 [INFO; Root]  he
2022-08-10 16:23:52.8659 [INFO; Root]  he
2022-08-10 16:23:52.8816 [INFO; Root]  he
2022-08-10 16:23:52.8972 [INFO; Root]  he
2022-08-10 16:23:52.9144 [INFO; Root]  he
2022-08-10 16:23:52.9309 [INFO; Root]  he
2022-08-10 16:23:52.9476 [INFO; Root]  he
2022-08-10 16:23:52.9644 [INFO; Root]  he
2022-08-10 16:23:52.9817 [INFO; Root]  he
2022-08-10 16:23:52.9986 [INFO; Root]  he
2022-08-10 16:23:53.0148 [INFO; Root]  he
2022-08-10 16:23:53.0319 [INFO; Root]  he
2022-08-10 16:23:53.0474 [INFO; Root]  he
2022-08-10 16:23:53.0641 [INFO; Root]  he
2022-08-10 16:23:53.0814 [INFO; Root]  he
2022-08-10 16:23:53.0981 [INFO; Root]  he
2022-08-10 16:23:53.1146 [INFO; Root]  he
2022-08-10 16:23:53.1317 [INFO; Root]  he
2022-08-10 16:23:53.1487 [INFO; Root]  he
2022-08-10 16:23:53.1650 [INFO; Root]  he
2022-08-10 16:23:53.1811 [INFO; Root]  he
2022-08-10 16:23:53.1978 [INFO; Root]  he
2022-08-10 16:23:53.2142 [INFO; Root]  he
2022-08-10 16:23:53.2314 [INFO; Root]  he
2022-08-10 16:23:53.2488 [INFO; Root]  he
2022-08-10 16:23:53.2646 [INFO; Root]  he
2022-08-10 16:23:53.2812 [INFO; Root]  he
2022-08-10 16:23:53.2980 [INFO; Root]  he
2022-08-10 16:23:53.3149 [INFO; Root]  he
2022-08-10 16:23:53.3311 [INFO; Root]  he
2022-08-10 16:23:53.3485 [INFO; Root]  he
2022-08-10 16:23:53.3642 [INFO; Root]  he
2022-08-10 16:23:53.3807 [INFO; Root]  he
2022-08-10 16:23:53.3987 [INFO; Root]  he
2022-08-10 16:23:53.4142 [INFO; Root]  he
2022-08-10 16:23:53.4310 [INFO; Root]  he
2022-08-10 16:23:53.4481 [INFO; Root]  he
2022-08-10 16:23:53.4660 [INFO; Root]  he
2022-08-10 16:23:53.4820 [INFO; Root]  he
2022-08-10 16:23:53.4972 [INFO; Root]  he
2022-08-10 16:23:53.5153 [INFO; Root]  he
2022-08-10 16:23:53.5313 [INFO; Root]  he
2022-08-10 16:23:53.5486 [INFO; Root]  he
2022-08-10 16:23:53.5641 [INFO; Root]  he
2022-08-10 16:23:53.5809 [INFO; Root]  he
2022-08-10 16:23:53.5983 [INFO; Root]  he
2022-08-10 16:23:53.6143 [INFO; Root]  he
2022-08-10 16:23:53.6317 [INFO; Root]  he
2022-08-10 16:23:53.6482 [INFO; Root]  he
2022-08-10 16:23:53.6638 [INFO; Root]  he
2022-08-10 16:23:53.6818 [INFO; Root]  he
2022-08-10 16:23:53.6979 [INFO; Root]  he
2022-08-10 16:23:53.7150 [INFO; Root]  he
2022-08-10 16:23:53.7315 [INFO; Root]  he
2022-08-10 16:23:53.7480 [INFO; Root]  he
2022-08-10 16:23:53.7648 [INFO; Root]  he
2022-08-10 16:23:53.7814 [INFO; Root]  he
2022-08-10 16:23:53.7983 [INFO; Root]  he
2022-08-10 16:23:53.8141 [INFO; Root]  he
2022-08-10 16:23:53.8311 [INFO; Root]  he
2022-08-10 16:23:53.8485 [INFO; Root]  he
2022-08-10 16:23:53.8646 [INFO; Root]  he
2022-08-10 16:23:53.8822 [INFO; Root]  he
2022-08-10 16:23:53.8976 [INFO; Root]  he
2022-08-10 16:23:53.9148 [INFO; Root]  he
2022-08-10 16:23:53.9317 [INFO; Root]  he
2022-08-10 16:23:53.9476 [INFO; Root]  he
2022-08-10 16:23:53.9642 [INFO; Root]  he
2022-08-10 16:23:53.9814 [INFO; Root]  he
2022-08-10 16:23:53.9982 [INFO; Root]  he
2022-08-10 16:23:54.0154 [INFO; Root]  he
2022-08-10 16:23:54.0313 [INFO; Root]  he
2022-08-10 16:23:54.0485 [INFO; Root]  he
2022-08-10 16:23:54.0644 [INFO; Root]  he
2022-08-10 16:23:54.0808 [INFO; Root]  he
2022-08-10 16:23:54.0979 [INFO; Root]  he
2022-08-10 16:23:54.1153 [INFO; Root]  he
2022-08-10 16:23:54.1317 [INFO; Root]  he
2022-08-10 16:23:54.1478 [INFO; Root]  he
2022-08-10 16:23:54.1644 [INFO; Root]  he
2022-08-10 16:23:54.1811 [INFO; Root]  he
2022-08-10 16:23:54.1987 [INFO; Root]  he
2022-08-10 16:23:54.2150 [INFO; Root]  he
2022-08-10 16:23:54.2313 [INFO; Root]  he
2022-08-10 16:23:54.2484 [INFO; Root]  he
2022-08-10 16:23:54.2644 [INFO; Root]  he
2022-08-10 16:23:54.2810 [INFO; Root]  he
2022-08-10 16:23:54.2979 [INFO; Root]  he
2022-08-10 16:23:54.3150 [INFO; Root]  he
2022-08-10 16:23:54.3315 [INFO; Root]  he
2022-08-10 16:23:54.3483 [INFO; Root]  he
2022-08-10 16:23:54.3644 [INFO; Root]  he
2022-08-10 16:23:54.3821 [INFO; Root]  he
2022-08-10 16:23:54.3974 [INFO; Root]  he
2022-08-10 16:23:54.4141 [INFO; Root]  he
2022-08-10 16:23:54.4308 [INFO; Root]  he
2022-08-10 16:23:54.4475 [INFO; Root]  he
2022-08-10 16:23:54.4646 [INFO; Root]  he
2022-08-10 16:23:54.4820 [INFO; Root]  he
2022-08-10 16:23:54.4975 [INFO; Root]  he
2022-08-10 16:23:54.5143 [INFO; Root]  he
2022-08-10 16:23:54.5317 [INFO; Root]  he
2022-08-10 16:23:54.5473 [INFO; Root]  he
2022-08-10 16:23:54.5643 [INFO; Root]  he
2022-08-10 16:23:54.5812 [INFO; Root]  he
2022-08-10 16:23:54.5981 [INFO; Root]  he
2022-08-10 16:23:54.6145 [INFO; Root]  he
2022-08-10 16:23:54.6312 [INFO; Root]  he
2022-08-10 16:23:54.6478 [INFO; Root]  he
2022-08-10 16:23:54.6654 [INFO; Root]  he
2022-08-10 16:23:54.6816 [INFO; Root]  he
2022-08-10 16:23:54.6983 [INFO; Root]  he
2022-08-10 16:23:54.7143 [INFO; Root]  he
2022-08-10 16:23:54.7314 [INFO; Root]  he
2022-08-10 16:23:54.7481 [INFO; Root]  he
2022-08-10 16:23:54.7657 [INFO; Root]  he
2022-08-10 16:23:54.7810 [INFO; Root]  he
2022-08-10 16:23:54.7976 [INFO; Root]  he
2022-08-10 16:23:54.8142 [INFO; Root]  he
2022-08-10 16:23:54.8311 [INFO; Root]  he
2022-08-10 16:23:54.8481 [INFO; Root]  he
2022-08-10 16:23:54.8655 [INFO; Root]  he
2022-08-10 16:23:54.8811 [INFO; Root]  he
2022-08-10 16:23:54.8983 [INFO; Root]  he
2022-08-10 16:23:54.9142 [INFO; Root]  he
2022-08-10 16:23:54.9312 [INFO; Root]  he
2022-08-10 16:23:54.9480 [INFO; Root]  he
2022-08-10 16:23:54.9651 [INFO; Root]  he
2022-08-10 16:23:54.9814 [INFO; Root]  he
2022-08-10 16:23:54.9978 [INFO; Root]  he
2022-08-10 16:23:55.0142 [INFO; Root]  he
2022-08-10 16:23:55.0312 [INFO; Root]  he
2022-08-10 16:23:55.0490 [INFO; Root]  he
2022-08-10 16:23:55.0645 [INFO; Root]  he
2022-08-10 16:23:55.0817 [INFO; Root]  he
2022-08-10 16:23:55.0973 [INFO; Root]  he
2022-08-10 16:23:55.1142 [INFO; Root]  he
2022-08-10 16:23:55.1310 [INFO; Root]  he
2022-08-10 16:23:55.1477 [INFO; Root]  he
2022-08-10 16:23:55.1644 [INFO; Root]  he
2022-08-10 16:23:55.1816 [INFO; Root]  he
2022-08-10 16:23:55.1987 [INFO; Root]  he
2022-08-10 16:23:55.2143 [INFO; Root]  he
2022-08-10 16:23:55.2311 [INFO; Root]  he
2022-08-10 16:23:55.2478 [INFO; Root]  he
2022-08-10 16:23:55.2649 [INFO; Root]  he
2022-08-10 16:23:55.2805 [INFO; Root]  he
2022-08-10 16:23:55.2979 [INFO; Root]  he
2022-08-10 16:23:55.3151 [INFO; Root]  he
2022-08-10 16:23:55.3311 [INFO; Root]  he
2022-08-10 16:23:55.3484 [INFO; Root]  he
2022-08-10 16:23:55.3646 [INFO; Root]  he
2022-08-10 16:23:55.3812 [INFO; Root]  he
2022-08-10 16:23:55.3981 [INFO; Root]  he
2022-08-10 16:23:55.4142 [INFO; Root]  he
2022-08-10 16:23:55.4308 [INFO; Root]  he
2022-08-10 16:23:55.4482 [INFO; Root]  he
2022-08-10 16:23:55.4645 [INFO; Root]  he
2022-08-10 16:23:55.4813 [INFO; Root]  he
2022-08-10 16:23:55.4986 [INFO; Root]  he
2022-08-10 16:23:55.5145 [INFO; Root]  he
2022-08-10 16:23:55.5311 [INFO; Root]  he
2022-08-10 16:23:55.5481 [INFO; Root]  he
2022-08-10 16:23:55.5651 [INFO; Root]  he
2022-08-10 16:23:55.5814 [INFO; Root]  he
2022-08-10 16:23:55.5987 [INFO; Root]  he
2022-08-10 16:23:55.6142 [INFO; Root]  he
2022-08-10 16:23:55.6312 [INFO; Root]  he
2022-08-10 16:23:55.6485 [INFO; Root]  he
2022-08-10 16:23:55.6642 [INFO; Root]  he
2022-08-10 16:23:55.6812 [INFO; Root]  he
2022-08-10 16:23:55.6983 [INFO; Root]  he
2022-08-10 16:23:55.7148 [INFO; Root]  he
2022-08-10 16:23:55.7318 [INFO; Root]  he
2022-08-10 16:23:55.7477 [INFO; Root]  he
2022-08-10 16:23:55.7642 [INFO; Root]  he
2022-08-10 16:23:55.7806 [INFO; Root]  he
2022-08-10 16:23:55.7973 [INFO; Root]  he
2022-08-10 16:23:55.8141 [INFO; Root]  he
2022-08-10 16:23:55.8316 [INFO; Root]  he
2022-08-10 16:23:55.8473 [INFO; Root]  he
2022-08-10 16:23:55.8652 [INFO; Root]  he
2022-08-10 16:23:55.8812 [INFO; Root]  he
2022-08-10 16:23:55.8974 [INFO; Root]  he
2022-08-10 16:23:55.9144 [INFO; Root]  he
2022-08-10 16:23:55.9315 [INFO; Root]  he
2022-08-10 16:23:55.9480 [INFO; Root]  he
2022-08-10 16:23:55.9652 [INFO; Root]  he
2022-08-10 16:23:55.9810 [INFO; Root]  he
2022-08-10 16:23:55.9974 [INFO; Root]  he
2022-08-10 16:23:56.0142 [INFO; Root]  he
2022-08-10 16:23:56.0316 [INFO; Root]  he
2022-08-10 16:23:56.0474 [INFO; Root]  he
2022-08-10 16:23:56.0643 [INFO; Root]  he
2022-08-10 16:23:56.0818 [INFO; Root]  he
2022-08-10 16:23:56.0978 [INFO; Root]  he
2022-08-10 16:23:56.1153 [INFO; Root]  he
2022-08-10 16:23:56.1311 [INFO; Root]  he
2022-08-10 16:23:56.1488 [INFO; Root]  he
2022-08-10 16:23:56.1651 [INFO; Root]  he
2022-08-10 16:23:56.1816 [INFO; Root]  he
2022-08-10 16:23:56.1984 [INFO; Root]  he
2022-08-10 16:23:56.2142 [INFO; Root]  he
2022-08-10 16:23:56.2317 [INFO; Root]  he
2022-08-10 16:23:56.2474 [INFO; Root]  he
2022-08-10 16:23:56.2642 [INFO; Root]  he
2022-08-10 16:23:56.2815 [INFO; Root]  he
2022-08-10 16:23:56.2977 [INFO; Root]  he
2022-08-10 16:23:56.3149 [INFO; Root]  he
2022-08-10 16:23:56.3309 [INFO; Root]  he
2022-08-10 16:23:56.3480 [INFO; Root]  he
2022-08-10 16:23:56.3657 [INFO; Root]  he
2022-08-10 16:23:56.3805 [INFO; Root]  he
2022-08-10 16:23:56.3974 [INFO; Root]  he
2022-08-10 16:23:56.4143 [INFO; Root]  he
2022-08-10 16:23:56.4317 [INFO; Root]  he
2022-08-10 16:23:56.4481 [INFO; Root]  he
2022-08-10 16:23:56.4644 [INFO; Root]  he
2022-08-10 16:23:56.4812 [INFO; Root]  he
2022-08-10 16:23:56.4983 [INFO; Root]  he
2022-08-10 16:23:56.5139 [INFO; Root]  he
2022-08-10 16:23:56.5319 [INFO; Root]  he
2022-08-10 16:23:56.5485 [INFO; Root]  he
2022-08-10 16:23:56.5643 [INFO; Root]  he
2022-08-10 16:23:56.5808 [INFO; Root]  he
2022-08-10 16:23:56.5977 [INFO; Root]  he
2022-08-10 16:23:56.6149 [INFO; Root]  he
2022-08-10 16:23:56.6307 [INFO; Root]  he
2022-08-10 16:23:56.6476 [INFO; Root]  he
2022-08-10 16:23:56.6651 [INFO; Root]  he
2022-08-10 16:23:56.6815 [INFO; Root]  he
2022-08-10 16:23:56.6979 [INFO; Root]  he
2022-08-10 16:23:56.7153 [INFO; Root]  he
2022-08-10 16:23:56.7318 [INFO; Root]  he
2022-08-10 16:23:56.7478 [INFO; Root]  he
2022-08-10 16:23:56.7650 [INFO; Root]  he
2022-08-10 16:23:56.7813 [INFO; Root]  he
2022-08-10 16:23:56.7981 [INFO; Root]  he
2022-08-10 16:23:56.8156 [INFO; Root]  he
2022-08-10 16:23:56.8311 [INFO; Root]  he
2022-08-10 16:23:56.8481 [INFO; Root]  he
2022-08-10 16:23:56.8642 [INFO; Root]  he
2022-08-10 16:23:56.8813 [INFO; Root]  he
2022-08-10 16:23:56.8974 [INFO; Root]  he
2022-08-10 16:23:56.9150 [INFO; Root]  he
2022-08-10 16:23:56.9306 [INFO; Root]  he
2022-08-10 16:23:56.9479 [INFO; Root]  he
2022-08-10 16:23:56.9650 [INFO; Root]  he
2022-08-10 16:23:56.9804 [INFO; Root]  he
2022-08-10 16:23:56.9981 [INFO; Root]  he
2022-08-10 16:23:57.0147 [INFO; Root]  he
2022-08-10 16:23:57.0314 [INFO; Root]  he
2022-08-10 16:23:57.0478 [INFO; Root]  he
2022-08-10 16:23:57.0656 [INFO; Root]  he
2022-08-10 16:23:57.0812 [INFO; Root]  he
2022-08-10 16:23:57.0977 [INFO; Root]  he
2022-08-10 16:23:57.1149 [INFO; Root]  he
2022-08-10 16:23:57.1310 [INFO; Root]  he
2022-08-10 16:23:57.1487 [INFO; Root]  he
2022-08-10 16:23:57.1643 [INFO; Root]  he
2022-08-10 16:23:57.1819 [INFO; Root]  he
2022-08-10 16:23:57.1980 [INFO; Root]  he
2022-08-10 16:23:57.2153 [INFO; Root]  he
2022-08-10 16:23:57.2315 [INFO; Root]  he
2022-08-10 16:23:57.2474 [INFO; Root]  he
2022-08-10 16:23:57.2643 [INFO; Root]  he
2022-08-10 16:23:57.2817 [INFO; Root]  he
2022-08-10 16:23:57.2976 [INFO; Root]  he
2022-08-10 16:23:57.3142 [INFO; Root]  he
2022-08-10 16:23:57.3313 [INFO; Root]  he
2022-08-10 16:23:57.3477 [INFO; Root]  he
2022-08-10 16:23:57.3645 [INFO; Root]  he
2022-08-10 16:23:57.3816 [INFO; Root]  he
2022-08-10 16:23:57.3975 [INFO; Root]  he
2022-08-10 16:23:57.4144 [INFO; Root]  he
2022-08-10 16:23:57.4308 [INFO; Root]  he
2022-08-10 16:23:57.4473 [INFO; Root]  he
2022-08-10 16:23:57.4642 [INFO; Root]  he
2022-08-10 16:23:57.4811 [INFO; Root]  he
2022-08-10 16:23:57.4982 [INFO; Root]  he
2022-08-10 16:23:57.5145 [INFO; Root]  he
2022-08-10 16:23:57.5311 [INFO; Root]  he
2022-08-10 16:23:57.5480 [INFO; Root]  he
2022-08-10 16:23:57.5641 [INFO; Root]  he
2022-08-10 16:23:57.5811 [INFO; Root]  he
2022-08-10 16:23:57.5984 [INFO; Root]  he
2022-08-10 16:23:57.6142 [INFO; Root]  he
2022-08-10 16:23:57.6315 [INFO; Root]  he
2022-08-10 16:23:57.6490 [INFO; Root]  he
2022-08-10 16:23:57.6645 [INFO; Root]  he
2022-08-10 16:23:57.6817 [INFO; Root]  he
2022-08-10 16:23:57.6971 [INFO; Root]  he
2022-08-10 16:23:57.7143 [INFO; Root]  he
2022-08-10 16:23:57.7309 [INFO; Root]  he
2022-08-10 16:23:57.7481 [INFO; Root]  he
2022-08-10 16:23:57.7649 [INFO; Root]  he
2022-08-10 16:23:57.7805 [INFO; Root]  he
2022-08-10 16:23:57.7987 [INFO; Root]  he
2022-08-10 16:23:57.8149 [INFO; Root]  he
2022-08-10 16:23:57.8314 [INFO; Root]  he
2022-08-10 16:23:57.8487 [INFO; Root]  he
2022-08-10 16:23:57.8641 [INFO; Root]  he
2022-08-10 16:23:57.8813 [INFO; Root]  he
2022-08-10 16:23:57.8974 [INFO; Root]  he
2022-08-10 16:23:57.9145 [INFO; Root]  he
2022-08-10 16:23:57.9314 [INFO; Root]  he
2022-08-10 16:23:57.9474 [INFO; Root]  he
2022-08-10 16:23:57.9644 [INFO; Root]  he
2022-08-10 16:23:57.9811 [INFO; Root]  he
2022-08-10 16:23:57.9977 [INFO; Root]  he
2022-08-10 16:23:58.0150 [INFO; Root]  he
2022-08-10 16:23:58.0307 [INFO; Root]  he
2022-08-10 16:23:58.0477 [INFO; Root]  he
2022-08-10 16:23:58.0645 [INFO; Root]  he
2022-08-10 16:23:58.0813 [INFO; Root]  he
2022-08-10 16:23:58.0985 [INFO; Root]  he
2022-08-10 16:23:58.1144 [INFO; Root]  he
2022-08-10 16:23:58.1314 [INFO; Root]  he
2022-08-10 16:23:58.1477 [INFO; Root]  he
2022-08-10 16:23:58.1643 [INFO; Root]  he
2022-08-10 16:23:58.1807 [INFO; Root]  he
2022-08-10 16:23:58.1971 [INFO; Root]  he
2022-08-10 16:23:58.2150 [INFO; Root]  he
2022-08-10 16:23:58.2310 [INFO; Root]  he
2022-08-10 16:23:58.2488 [INFO; Root]  he
2022-08-10 16:23:58.2643 [INFO; Root]  he
2022-08-10 16:23:58.2812 [INFO; Root]  he
2022-08-10 16:23:58.2979 [INFO; Root]  he
