2022-08-21 15:42:28.6261 [INFO; Reactor.Server]  Loaded KSServerRuntime.Local.dll
2022-08-21 15:42:28.6678 [INFO; Root]  Loaded config.json
2022-08-21 15:42:28.6688 [INFO; Root]  Loaded config.GameScene.json
2022-08-21 15:42:28.6894 [INFO; Root]  KinematicSoup Technologies Inc.
2022-08-21 15:42:28.6894 [INFO; Root]  Reactor Server v0.10.0
2022-08-21 15:42:28.6904 [DEBUG; Root]  Could not open model file: model.bin. Compression will use the default model for sync transforms, and dynamic models for update transforms.
2022-08-21 15:42:28.6934 [INFO; Reactor.Server]  Missing API configuration. PlayerAPI features disabled.
2022-08-21 15:42:28.7280 [DEBUG; Root]  Loading Asset Scripts
2022-08-21 15:42:28.7382 [DEBUG; Root]  Loading Room Configs
2022-08-21 15:42:28.7538 [DEBUG; Root]  Initializing PhysX
2022-08-21 15:42:28.8022 [DEBUG; Root]  Loading PhysX geometry
2022-08-21 15:42:28.8325 [INFO; Root]  Loaded 8 geometries
2022-08-21 15:42:28.8335 [INFO; Root]  Loaded 3 geometries
2022-08-21 15:42:28.8335 [DEBUG; Root]  Loading entity prefabs
2022-08-21 15:42:28.8705 [INFO; Root]  Loaded 5 entity prefabs
2022-08-21 15:42:28.8705 [DEBUG; Root]  Loading entity instances
2022-08-21 15:42:28.9062 [DEBUG; Root]  Initializing scripts
2022-08-21 15:42:28.9286 [DEBUG; Root]  Room setup complete
2022-08-21 15:42:28.9291 [INFO; Reactor.ServerRoom]  Starting room 1
2022-08-21 15:42:28.9291 [INFO; Root]  Sending client updates every 2 frames
2022-08-21 15:42:28.9291 [INFO; Root]  Attempting to sync simulation time to match elapsed time.
2022-08-21 15:42:28.9309 [INFO; Root]  Opening TCP port 8000
