2022-08-07 06:08:34.7177 [INFO; Reactor.Server]  Loaded KSServerRuntime.Local.dll
2022-08-07 06:08:34.7262 [INFO; Root]  Loaded config.json
2022-08-07 06:08:34.7262 [INFO; Root]  Loaded config.GameScene.json
2022-08-07 06:08:34.7312 [INFO; Root]  KinematicSoup Technologies Inc.
2022-08-07 06:08:34.7312 [INFO; Root]  Reactor Server v0.10.0
2022-08-07 06:08:34.7312 [DEBUG; Root]  Could not open model file: model.bin. Compression will use the default model for sync transforms, and dynamic models for update transforms.
2022-08-07 06:08:34.7322 [INFO; Reactor.Server]  Missing API configuration. PlayerAPI features disabled.
2022-08-07 06:08:34.7407 [DEBUG; Root]  Loading Asset Scripts
2022-08-07 06:08:34.7432 [DEBUG; Root]  Loading Room Configs
2022-08-07 06:08:34.7472 [DEBUG; Root]  Initializing PhysX
2022-08-07 06:08:34.7592 [DEBUG; Root]  Loading PhysX geometry
2022-08-07 06:08:34.7717 [INFO; Root]  Loaded 7 geometries
2022-08-07 06:08:34.7732 [INFO; Root]  Loaded 2 geometries
2022-08-07 06:08:34.7732 [DEBUG; Root]  Loading entity prefabs
2022-08-07 06:08:34.7857 [INFO; Root]  Loaded 5 entity prefabs
2022-08-07 06:08:34.7857 [DEBUG; Root]  Loading entity instances
2022-08-07 06:08:34.8017 [DEBUG; Root]  Initializing scripts
2022-08-07 06:08:34.8087 [DEBUG; Root]  Room setup complete
2022-08-07 06:08:34.8092 [INFO; Reactor.ServerRoom]  Starting room 1
2022-08-07 06:08:34.8092 [INFO; Root]  Sending client updates every 2 frames
2022-08-07 06:08:34.8092 [INFO; Root]  Attempting to sync simulation time to match elapsed time.
2022-08-07 06:08:34.8097 [INFO; Root]  Opening TCP port 8000
2022-08-07 06:08:39.6933 [INFO; Root]  Client(id = 1, address = 127.0.0.1) connected
2022-08-07 06:08:39.6963 [DEBUG; Root]  Client(id = 1, address = 127.0.0.1) model validated
2022-08-07 06:08:39.7093 [DEBUG; Root]  Client(id = 1, address = 127.0.0.1) authenticated
2022-08-07 06:08:39.7138 [INFO; Root]  Player False joined
2022-08-07 06:08:40.0598 [INFO; Root]  RPC RECEIVED True and 1
2022-08-07 06:08:40.0598 [INFO; Root]  HeheTrue
2022-08-07 06:08:40.0648 [INFO; Root]  Start Match!
2022-08-07 06:08:40.0713 [INFO; Root]  5
2022-08-07 06:08:48.9853 [INFO; Root]  Client(id = 1, address = 127.0.0.1) disconnected: 2-End of file
2022-08-07 06:08:48.9963 [INFO; Root]  Player 1 left
