2022-08-07 20:03:15.3808 [INFO; Reactor.Server]  Loaded KSServerRuntime.Local.dll
2022-08-07 20:03:15.4072 [INFO; Root]  Loaded config.json
2022-08-07 20:03:15.4082 [INFO; Root]  Loaded config.GameScene.json
2022-08-07 20:03:15.4192 [INFO; Root]  KinematicSoup Technologies Inc.
2022-08-07 20:03:15.4192 [INFO; Root]  Reactor Server v0.10.0
2022-08-07 20:03:15.4192 [DEBUG; Root]  Could not open model file: model.bin. Compression will use the default model for sync transforms, and dynamic models for update transforms.
2022-08-07 20:03:15.4214 [INFO; Reactor.Server]  Missing API configuration. PlayerAPI features disabled.
2022-08-07 20:03:15.4366 [DEBUG; Root]  Loading Asset Scripts
2022-08-07 20:03:15.4400 [DEBUG; Root]  Loading Room Configs
2022-08-07 20:03:15.4474 [DEBUG; Root]  Initializing PhysX
2022-08-07 20:03:15.4715 [DEBUG; Root]  Loading PhysX geometry
2022-08-07 20:03:15.4914 [INFO; Root]  Loaded 7 geometries
2022-08-07 20:03:15.4922 [INFO; Root]  Loaded 2 geometries
2022-08-07 20:03:15.4922 [DEBUG; Root]  Loading entity prefabs
2022-08-07 20:03:15.5141 [INFO; Root]  Loaded 5 entity prefabs
2022-08-07 20:03:15.5141 [DEBUG; Root]  Loading entity instances
2022-08-07 20:03:15.5399 [DEBUG; Root]  Initializing scripts
2022-08-07 20:03:15.5492 [DEBUG; Root]  Room setup complete
2022-08-07 20:03:15.5492 [INFO; Reactor.ServerRoom]  Starting room 1
2022-08-07 20:03:15.5492 [INFO; Root]  Sending client updates every 2 frames
2022-08-07 20:03:15.5492 [INFO; Root]  Attempting to sync simulation time to match elapsed time.
2022-08-07 20:03:15.5502 [INFO; Root]  Opening TCP port 8000
