2022-08-15 15:12:35.7864 [INFO; Reactor.Server]  Loaded KSServerRuntime.Local.dll
2022-08-15 15:12:35.8176 [INFO; Root]  Loaded config.json
2022-08-15 15:12:35.8181 [INFO; Root]  Loaded config.GameScene.json
2022-08-15 15:12:35.8307 [INFO; Root]  KinematicSoup Technologies Inc.
2022-08-15 15:12:35.8307 [INFO; Root]  Reactor Server v0.10.0
2022-08-15 15:12:35.8312 [DEBUG; Root]  Could not open model file: model.bin. Compression will use the default model for sync transforms, and dynamic models for update transforms.
2022-08-15 15:12:35.8332 [INFO; Reactor.Server]  Missing API configuration. PlayerAPI features disabled.
2022-08-15 15:12:35.8546 [DEBUG; Root]  Loading Asset Scripts
2022-08-15 15:12:35.8615 [DEBUG; Root]  Loading Room Configs
2022-08-15 15:12:35.8701 [DEBUG; Root]  Initializing PhysX
2022-08-15 15:12:35.9023 [DEBUG; Root]  Loading PhysX geometry
2022-08-15 15:12:35.9234 [INFO; Root]  Loaded 8 geometries
2022-08-15 15:12:35.9234 [INFO; Root]  Loaded 2 geometries
2022-08-15 15:12:35.9244 [DEBUG; Root]  Loading entity prefabs
2022-08-15 15:12:35.9546 [INFO; Root]  Loaded 5 entity prefabs
2022-08-15 15:12:35.9546 [DEBUG; Root]  Loading entity instances
2022-08-15 15:12:35.9933 [DEBUG; Root]  Initializing scripts
2022-08-15 15:12:36.0124 [DEBUG; Root]  Room setup complete
2022-08-15 15:12:36.0124 [INFO; Reactor.ServerRoom]  Starting room 1
2022-08-15 15:12:36.0124 [INFO; Root]  Sending client updates every 2 frames
2022-08-15 15:12:36.0124 [INFO; Root]  Attempting to sync simulation time to match elapsed time.
2022-08-15 15:12:36.0134 [INFO; Root]  Opening TCP port 8000
2022-08-15 15:12:44.7801 [INFO; Root]  Client(id = 1, address = 10.6.167.25) connected
2022-08-15 15:12:44.7901 [DEBUG; Root]  Client(id = 1, address = 10.6.167.25) model validated
2022-08-15 15:12:44.8424 [DEBUG; Root]  Client(id = 1, address = 10.6.167.25) authenticated
2022-08-15 15:12:44.8643 [INFO; Root]  Player False joined
2022-08-15 15:12:45.1563 [INFO; Root]  RPC RECEIVED True and 1
2022-08-15 15:12:45.1563 [INFO; Root]  HeheTrue
2022-08-15 15:12:45.1705 [INFO; Root]  Start Match!
2022-08-15 15:12:45.1915 [INFO; Root]  Here 
2022-08-15 15:12:45.1939 [INFO; Root]  Reactor.ServerRoom
2022-08-15 15:12:45.1978 [INFO; Root]  5
2022-08-15 15:12:50.9905 [INFO; Root]  Client(id = 1, address = 10.6.167.25) disconnected: 2-End of file
2022-08-15 15:12:51.0013 [INFO; Root]  Player 1 left
