2022-08-07 19:56:38.5149 [INFO; Reactor.Server]  Loaded KSServerRuntime.Local.dll
2022-08-07 19:56:38.5234 [INFO; Root]  Loaded config.json
2022-08-07 19:56:38.5234 [INFO; Root]  Loaded config.GameScene.json
2022-08-07 19:56:38.5289 [INFO; Root]  KinematicSoup Technologies Inc.
2022-08-07 19:56:38.5289 [INFO; Root]  Reactor Server v0.10.0
2022-08-07 19:56:38.5289 [DEBUG; Root]  Could not open model file: model.bin. Compression will use the default model for sync transforms, and dynamic models for update transforms.
2022-08-07 19:56:38.5299 [INFO; Reactor.Server]  Missing API configuration. PlayerAPI features disabled.
2022-08-07 19:56:38.5389 [DEBUG; Root]  Loading Asset Scripts
2022-08-07 19:56:38.5414 [DEBUG; Root]  Loading Room Configs
2022-08-07 19:56:38.5459 [DEBUG; Root]  Initializing PhysX
2022-08-07 19:56:38.5589 [DEBUG; Root]  Loading PhysX geometry
2022-08-07 19:56:38.5704 [INFO; Root]  Loaded 7 geometries
2022-08-07 19:56:38.5714 [INFO; Root]  Loaded 2 geometries
2022-08-07 19:56:38.5714 [DEBUG; Root]  Loading entity prefabs
2022-08-07 19:56:38.5844 [INFO; Root]  Loaded 5 entity prefabs
2022-08-07 19:56:38.5844 [DEBUG; Root]  Loading entity instances
2022-08-07 19:56:38.6019 [DEBUG; Root]  Initializing scripts
2022-08-07 19:56:38.6094 [DEBUG; Root]  Room setup complete
2022-08-07 19:56:38.6099 [INFO; Reactor.ServerRoom]  Starting room 1
2022-08-07 19:56:38.6099 [INFO; Root]  Sending client updates every 2 frames
2022-08-07 19:56:38.6099 [INFO; Root]  Attempting to sync simulation time to match elapsed time.
2022-08-07 19:56:38.6104 [INFO; Root]  Opening TCP port 8000
2022-08-07 19:56:42.6258 [INFO; Root]  Client(id = 1, address = 127.0.0.1) connected
2022-08-07 19:56:42.6293 [DEBUG; Root]  Client(id = 1, address = 127.0.0.1) model validated
2022-08-07 19:56:42.6463 [DEBUG; Root]  Client(id = 1, address = 127.0.0.1) authenticated
2022-08-07 19:56:42.6653 [INFO; Root]  Player False joined
2022-08-07 19:56:43.1843 [INFO; Root]  RPC RECEIVED True and 1
2022-08-07 19:56:43.1843 [INFO; Root]  HeheTrue
2022-08-07 19:56:43.1883 [INFO; Root]  Start Match!
2022-08-07 19:56:43.1938 [INFO; Root]  5
2022-08-07 19:56:44.1978 [INFO; Root]  server received request to spawn = 0
2022-08-07 19:56:44.7848 [INFO; Root]  Request to take control of unit passed
2022-08-07 19:56:45.1093 [INFO; Root]  Received 0
2022-08-07 19:56:46.4733 [INFO; Root]  Received 1
2022-08-07 19:56:47.0318 [INFO; Root]  Received 2
2022-08-07 19:56:47.0938 [INFO; Root]  Received 3
2022-08-07 19:56:47.8218 [INFO; Root]  Received 4
2022-08-07 19:56:47.9148 [INFO; Root]  Received 5
2022-08-07 19:56:48.5503 [INFO; Root]  Received 6
2022-08-07 19:56:51.4023 [INFO; Root]  Received 7
2022-08-07 19:56:52.2468 [INFO; Root]  Client(id = 1, address = 127.0.0.1) disconnected: 2-End of file
2022-08-07 19:56:52.2553 [INFO; Root]  Player 1 left
