2022-08-10 06:07:48.0163 [INFO; Reactor.Server]  Loaded KSServerRuntime.Local.dll
2022-08-10 06:07:48.0253 [INFO; Root]  Loaded config.json
2022-08-10 06:07:48.0253 [INFO; Root]  Loaded config.GameScene.json
2022-08-10 06:07:48.0308 [INFO; Root]  KinematicSoup Technologies Inc.
2022-08-10 06:07:48.0308 [INFO; Root]  Reactor Server v0.10.0
2022-08-10 06:07:48.0308 [DEBUG; Root]  Could not open model file: model.bin. Compression will use the default model for sync transforms, and dynamic models for update transforms.
2022-08-10 06:07:48.0318 [INFO; Reactor.Server]  Missing API configuration. PlayerAPI features disabled.
2022-08-10 06:07:48.0413 [DEBUG; Root]  Loading Asset Scripts
2022-08-10 06:07:48.0438 [DEBUG; Root]  Loading Room Configs
2022-08-10 06:07:48.0483 [DEBUG; Root]  Initializing PhysX
2022-08-10 06:07:48.0618 [DEBUG; Root]  Loading PhysX geometry
2022-08-10 06:07:48.0733 [INFO; Root]  Loaded 8 geometries
2022-08-10 06:07:48.0733 [INFO; Root]  Loaded 2 geometries
2022-08-10 06:07:48.0733 [DEBUG; Root]  Loading entity prefabs
2022-08-10 06:07:48.0883 [INFO; Root]  Loaded 5 entity prefabs
2022-08-10 06:07:48.0883 [DEBUG; Root]  Loading entity instances
2022-08-10 06:07:48.1089 [DEBUG; Root]  Initializing scripts
2022-08-10 06:07:48.1183 [DEBUG; Root]  Room setup complete
2022-08-10 06:07:48.1183 [INFO; Reactor.ServerRoom]  Starting room 1
2022-08-10 06:07:48.1183 [INFO; Root]  Sending client updates every 2 frames
2022-08-10 06:07:48.1183 [INFO; Root]  Attempting to sync simulation time to match elapsed time.
2022-08-10 06:07:48.1188 [INFO; Root]  Opening TCP port 8000
2022-08-10 06:07:52.3271 [INFO; Root]  Client(id = 1, address = 127.0.0.1) connected
2022-08-10 06:07:52.3301 [DEBUG; Root]  Client(id = 1, address = 127.0.0.1) model validated
2022-08-10 06:07:52.3471 [DEBUG; Root]  Client(id = 1, address = 127.0.0.1) authenticated
2022-08-10 06:07:52.3576 [INFO; Root]  Player False joined
2022-08-10 06:07:52.5927 [INFO; Root]  RPC RECEIVED True and 1
2022-08-10 06:07:52.5927 [INFO; Root]  HeheTrue
2022-08-10 06:07:52.5967 [INFO; Root]  Start Match!
2022-08-10 06:07:52.6027 [INFO; Root]  5
2022-08-10 06:07:54.6078 [INFO; Root]  server received request to spawn = 2
2022-08-10 06:07:54.6113 [INFO; Root]  server received request to spawn = 1
2022-08-10 06:07:54.6138 [INFO; Root]  adding = 1
2022-08-10 06:07:54.6138 [INFO; Root]  adding = 2
2022-08-10 06:07:54.6198 [INFO; Root]  removing = 1
2022-08-10 06:07:54.8993 [INFO; Root]  removing = 0
2022-08-10 06:07:55.4419 [INFO; Root]  Hivemind and 3.591303
2022-08-10 06:07:55.6589 [INFO; Root]  adding = 1
2022-08-10 06:07:56.1704 [INFO; Root]  adding = 2
2022-08-10 06:07:56.2789 [INFO; Root]  Hivemind and 3.242206
2022-08-10 06:07:56.3564 [INFO; Root]  adding = 3
2022-08-10 06:07:56.6044 [INFO; Root]  adding = 4
2022-08-10 06:07:57.1160 [INFO; Root]  Hivemind and 1.962547
2022-08-10 06:07:57.1470 [INFO; Root]  adding = 4
2022-08-10 06:07:57.1935 [INFO; Root]  adding = 5
2022-08-10 06:07:57.5810 [INFO; Root]  removing = 3
2022-08-10 06:07:57.8445 [INFO; Root]  adding = 4
2022-08-10 06:07:57.9375 [INFO; Root]  Hivemind and 0.8010412
2022-08-10 06:07:58.0165 [INFO; Root]  Request to take control of unit passed
2022-08-10 06:07:58.0460 [INFO; Root]  adding = 4
2022-08-10 06:07:58.2166 [INFO; Root]  removing = 3
2022-08-10 06:07:58.4646 [INFO; Root]  removing = 1
2022-08-10 06:07:58.6506 [INFO; Root]  adding = 2
2022-08-10 06:07:58.7281 [INFO; Root]  adding = 3
2022-08-10 06:07:58.8211 [INFO; Root]  adding = 4
2022-08-10 06:07:59.0846 [INFO; Root]  adding = 5
2022-08-10 06:07:59.5807 [INFO; Root]  adding = 5
2022-08-10 06:07:59.9372 [INFO; Root]  removing = 4
2022-08-10 06:08:00.2937 [INFO; Root]  adding = 5
2022-08-10 06:08:00.5417 [INFO; Root]  removing = 4
2022-08-10 06:08:00.5727 [INFO; Root]  removing = 3
2022-08-10 06:08:00.7277 [INFO; Root]  removing = 2
2022-08-10 06:08:00.9448 [INFO; Root]  removing = 1
2022-08-10 06:08:01.9058 [INFO; Root]  adding = 2
2022-08-10 06:08:01.9213 [INFO; Root]  server received request to spawn = 7
2022-08-10 06:08:02.0143 [INFO; Root]  adding = 3
2022-08-10 06:08:02.8979 [INFO; Root]  adding = 2
2022-08-10 06:08:03.3474 [INFO; Root]  removing = 1
2022-08-10 06:08:03.6730 [INFO; Root]  adding = 2
2022-08-10 06:08:03.7970 [INFO; Root]  adding = 3
2022-08-10 06:08:04.7735 [INFO; Root]  adding = 4
2022-08-10 06:08:04.9285 [INFO; Root]  removing = 3
2022-08-10 06:08:05.7811 [INFO; Root]  adding = 2
2022-08-10 06:08:05.8276 [INFO; Root]  adding = 3
2022-08-10 06:08:05.8276 [INFO; Root]  adding = 4
2022-08-10 06:08:06.3701 [INFO; Root]  removing = 2
2022-08-10 06:08:06.9747 [INFO; Root]  adding = 3
2022-08-10 06:08:06.9902 [INFO; Root]  removing = 2
2022-08-10 06:08:07.1142 [INFO; Root]  adding = 3
2022-08-10 06:08:07.5327 [INFO; Root]  adding = 4
2022-08-10 06:08:07.5637 [INFO; Root]  adding = 1
2022-08-10 06:08:07.6102 [INFO; Root]  removing = 3
2022-08-10 06:08:07.7497 [INFO; Root]  adding = 4
2022-08-10 06:08:07.7963 [INFO; Root]  adding = 5
2022-08-10 06:08:08.0288 [INFO; Root]  adding = 2
2022-08-10 06:08:08.1838 [INFO; Root]  removing = 4
2022-08-10 06:08:08.1838 [INFO; Root]  adding = 5
2022-08-10 06:08:08.1993 [INFO; Root]  removing = 4
2022-08-10 06:08:08.3233 [INFO; Root]  adding = 3
2022-08-10 06:08:08.3543 [INFO; Root]  adding = 4
2022-08-10 06:08:08.3853 [INFO; Root]  adding = 5
2022-08-10 06:08:08.4163 [INFO; Root]  adding = 6
2022-08-10 06:08:08.5403 [INFO; Root]  adding = 5
2022-08-10 06:08:08.5868 [INFO; Root]  adding = 6
2022-08-10 06:08:08.6333 [INFO; Root]  adding = 7
2022-08-10 06:08:08.8968 [INFO; Root]  adding = 8
2022-08-10 06:08:08.9123 [INFO; Root]  adding = 6
2022-08-10 06:08:08.9278 [INFO; Root]  adding = 9
2022-08-10 06:08:08.9433 [INFO; Root]  adding = 10
2022-08-10 06:08:08.9588 [INFO; Root]  removing = 9
2022-08-10 06:08:09.0983 [INFO; Root]  removing = 8
2022-08-10 06:08:09.1293 [INFO; Root]  adding = 7
2022-08-10 06:08:09.1603 [INFO; Root]  removing = 6
2022-08-10 06:08:09.1758 [INFO; Root]  adding = 7
2022-08-10 06:08:09.2224 [INFO; Root]  adding = 9
2022-08-10 06:08:09.2534 [INFO; Root]  removing = 8
2022-08-10 06:08:09.3464 [INFO; Root]  adding = 7
2022-08-10 06:08:09.4394 [INFO; Root]  adding = 9
2022-08-10 06:08:09.5014 [INFO; Root]  Received 4
2022-08-10 06:08:09.5019 [INFO; Root]  adding = 8
2022-08-10 06:08:09.5049 [INFO; Root]  Shooter
2022-08-10 06:08:09.5324 [INFO; Root]  Received 5
2022-08-10 06:08:09.5324 [INFO; Root]  adding = 9
2022-08-10 06:08:09.6564 [INFO; Root]  Shooter
2022-08-10 06:08:10.0129 [INFO; Root]  adding = 10
2022-08-10 06:08:10.3229 [INFO; Root]  Received 6
2022-08-10 06:08:10.3384 [INFO; Root]  Shooter
2022-08-10 06:08:10.4004 [INFO; Root]  Received 7
2022-08-10 06:08:10.4314 [INFO; Root]  adding = 11
2022-08-10 06:08:10.4624 [INFO; Root]  removing = 10
2022-08-10 06:08:10.4934 [INFO; Root]  adding = 11
2022-08-10 06:08:10.7105 [INFO; Root]  adding = 8
2022-08-10 06:08:10.8500 [INFO; Root]  removing = 7
2022-08-10 06:08:10.8810 [INFO; Root]  Obstacles
2022-08-10 06:08:11.0050 [INFO; Root]  removing = 6
2022-08-10 06:08:11.1135 [INFO; Root]  removing = 5
2022-08-10 06:08:11.1755 [INFO; Root]  removing = 4
2022-08-10 06:08:11.1755 [INFO; Root]  removing = 3
2022-08-10 06:08:11.2220 [INFO; Root]  removing = 10
2022-08-10 06:08:11.2685 [INFO; Root]  removing = 9
2022-08-10 06:08:11.2840 [INFO; Root]  removing = 8
2022-08-10 06:08:11.3150 [INFO; Root]  adding = 4
2022-08-10 06:08:11.3615 [INFO; Root]  adding = 5
2022-08-10 06:08:11.4235 [INFO; Root]  adding = 6
2022-08-10 06:08:11.4545 [INFO; Root]  removing = 5
2022-08-10 06:08:11.5010 [INFO; Root]  removing = 7
2022-08-10 06:08:11.6250 [INFO; Root]  adding = 6
2022-08-10 06:08:11.9350 [INFO; Root]  removing = 5
2022-08-10 06:08:11.9506 [INFO; Root]  adding = 6
2022-08-10 06:08:11.9661 [INFO; Root]  removing = 5
2022-08-10 06:08:12.0436 [INFO; Root]  Obstacles
2022-08-10 06:08:12.1676 [INFO; Root]  adding = 6
2022-08-10 06:08:12.3846 [INFO; Root]  adding = 8
2022-08-10 06:08:12.7566 [INFO; Root]  removing = 4
2022-08-10 06:08:12.7876 [INFO; Root]  adding = 9
2022-08-10 06:08:12.8651 [INFO; Root]  adding = 10
2022-08-10 06:08:12.8806 [INFO; Root]  adding = 5
2022-08-10 06:08:12.8961 [INFO; Root]  removing = 4
2022-08-10 06:08:12.9736 [INFO; Root]  adding = 11
2022-08-10 06:08:13.0671 [INFO; Root]  adding = 4
2022-08-10 06:08:13.0981 [INFO; Root]  adding = 5
2022-08-10 06:08:13.1596 [INFO; Root]  adding = 12
2022-08-10 06:08:13.3146 [INFO; Root]  adding = 6
2022-08-10 06:08:13.3922 [INFO; Root]  adding = 7
2022-08-10 06:08:13.5627 [INFO; Root]  adding = 8
2022-08-10 06:08:13.5937 [INFO; Root]  FOOD IN RANGE HAS A DESTROYED FOOD
2022-08-10 06:08:13.7487 [INFO; Root]  FOOD IN RANGE HAS A DESTROYED FOOD
2022-08-10 06:08:13.9037 [INFO; Root]  adding = 13
2022-08-10 06:08:14.0122 [INFO; Root]  FOOD IN RANGE HAS A DESTROYED FOOD
2022-08-10 06:08:14.0432 [INFO; Root]  removing = 12
2022-08-10 06:08:14.1672 [INFO; Root]  removing = 11
2022-08-10 06:08:14.2447 [INFO; Root]  adding = 6
2022-08-10 06:08:14.3222 [INFO; Root]  removing = 5
2022-08-10 06:08:14.3377 [INFO; Root]  adding = 6
2022-08-10 06:08:14.5547 [INFO; Root]  removing = 5
2022-08-10 06:08:14.6477 [INFO; Root]  removing = 5
2022-08-10 06:08:14.9733 [INFO; Root]  adding = 11
2022-08-10 06:08:15.1128 [INFO; Root]  removing = 3
2022-08-10 06:08:15.6708 [INFO; Root]  removing = 10
2022-08-10 06:08:15.7328 [INFO; Root]  adding = 11
2022-08-10 06:08:16.3684 [INFO; Root]  removing = 10
2022-08-10 06:08:16.5079 [INFO; Root]  adding = 11
2022-08-10 06:08:16.8179 [INFO; Root]  adding = 12
2022-08-10 06:08:17.5310 [INFO; Root]  Received 8
2022-08-10 06:08:17.5465 [INFO; Root]  Shooter
2022-08-10 06:08:17.5930 [INFO; Root]  Received 9
2022-08-10 06:08:17.7635 [INFO; Root]  adding = 13
2022-08-10 06:08:17.9805 [INFO; Root]  adding = 1
2022-08-10 06:08:18.1355 [INFO; Root]  Received 10
2022-08-10 06:08:18.2130 [INFO; Root]  Received 11
2022-08-10 06:08:18.2595 [INFO; Root]  adding = 14
2022-08-10 06:08:18.3060 [INFO; Root]  adding = 2
2022-08-10 06:08:18.6625 [INFO; Root]  adding = 3
2022-08-10 06:08:18.8020 [INFO; Root]  adding = 4
2022-08-10 06:08:18.8020 [INFO; Root]  adding = 5
2022-08-10 06:08:19.1586 [INFO; Root]  adding = 6
2022-08-10 06:08:19.2671 [INFO; Root]  adding = 15
2022-08-10 06:08:19.2981 [INFO; Root]  adding = 7
2022-08-10 06:08:19.3136 [INFO; Root]  removing = 15
2022-08-10 06:08:19.3911 [INFO; Root]  adding = 8
2022-08-10 06:08:19.4066 [INFO; Root]  removing = 14
2022-08-10 06:08:19.4066 [INFO; Root]  adding = 9
2022-08-10 06:08:19.4686 [INFO; Root]  removing = 8
2022-08-10 06:08:19.5151 [INFO; Root]  removing = 7
2022-08-10 06:08:19.7786 [INFO; Root]  adding = 15
2022-08-10 06:08:19.8096 [INFO; Root]  removing = 6
2022-08-10 06:08:19.8716 [INFO; Root]  adding = 6
2022-08-10 06:08:20.2902 [INFO; Root]  adding = 7
2022-08-10 06:08:20.3677 [INFO; Root]  adding = 16
2022-08-10 06:08:20.4762 [INFO; Root]  adding = 8
2022-08-10 06:08:20.5847 [INFO; Root]  adding = 9
2022-08-10 06:08:20.6467 [INFO; Root]  Obstacles
2022-08-10 06:08:20.6622 [INFO; Root]  adding = 17
2022-08-10 06:08:20.7552 [INFO; Root]  removing = 8
2022-08-10 06:08:20.8172 [INFO; Root]  removing = 16
2022-08-10 06:08:20.8482 [INFO; Root]  FOOD IN RANGE HAS A DESTROYED FOOD
2022-08-10 06:08:20.8482 [INFO; Root]  FOOD IN RANGE HAS A DESTROYED FOOD
2022-08-10 06:08:20.9877 [INFO; Root]  adding = 17
2022-08-10 06:08:21.0497 [INFO; Root]  removing = 5
2022-08-10 06:08:21.0807 [INFO; Root]  adding = 6
2022-08-10 06:08:21.1737 [INFO; Root]  adding = 7
2022-08-10 06:08:21.2977 [INFO; Root]  adding = 8
2022-08-10 06:08:21.3287 [INFO; Root]  adding = 9
2022-08-10 06:08:21.3597 [INFO; Root]  adding = 10
2022-08-10 06:08:21.4372 [INFO; Root]  adding = 18
2022-08-10 06:08:21.4682 [INFO; Root]  FOOD IN RANGE HAS A DESTROYED FOOD
2022-08-10 06:08:21.4992 [INFO; Root]  adding = 9
2022-08-10 06:08:21.5922 [INFO; Root]  adding = 10
2022-08-10 06:08:21.7628 [INFO; Root]  adding = 19
2022-08-10 06:08:21.8248 [INFO; Root]  adding = 20
2022-08-10 06:08:21.8558 [INFO; Root]  removing = 9
2022-08-10 06:08:21.9798 [INFO; Root]  removing = 7
2022-08-10 06:08:21.9953 [INFO; Root]  removing = 6
2022-08-10 06:08:22.0728 [INFO; Root]  removing = 19
2022-08-10 06:08:22.1968 [INFO; Root]  adding = 20
2022-08-10 06:08:22.3983 [INFO; Root]  adding = 7
2022-08-10 06:08:22.4758 [INFO; Root]  adding = 8
2022-08-10 06:08:22.5843 [INFO; Root]  adding = 9
2022-08-10 06:08:22.6463 [INFO; Root]  Received 12
2022-08-10 06:08:22.6618 [INFO; Root]  Shooter
2022-08-10 06:08:22.7238 [INFO; Root]  adding = 21
2022-08-10 06:08:22.8323 [INFO; Root]  Shooter
2022-08-10 06:08:22.8478 [INFO; Root]  adding = 9
2022-08-10 06:08:22.8788 [INFO; Root]  removing = 8
2022-08-10 06:08:22.9098 [INFO; Root]  removing = 7
2022-08-10 06:08:23.1114 [INFO; Root]  adding = 22
2022-08-10 06:08:23.4834 [INFO; Root]  Shooter
2022-08-10 06:08:23.8709 [INFO; Root]  Collector
2022-08-10 06:08:23.9329 [INFO; Root]  Received 13
2022-08-10 06:08:24.1809 [INFO; Root]  Received 14
2022-08-10 06:08:24.2291 [INFO; Root]  adding = 5
2022-08-10 06:08:24.2739 [INFO; Root]  Hivemind
2022-08-10 06:08:24.2894 [INFO; Root]  Collector
2022-08-10 06:08:24.2899 [INFO; Root]  Shooter
2022-08-10 06:08:24.3049 [INFO; Root]  FOOD IN RANGE HAS A DESTROYED FOOD
2022-08-10 06:08:24.5220 [INFO; Root]  Received 15
2022-08-10 06:08:24.5840 [INFO; Root]  Obstacles
2022-08-10 06:08:24.7235 [INFO; Root]  removing = 3
2022-08-10 06:08:25.1575 [INFO; Root]  removing = 1
2022-08-10 06:08:25.3125 [INFO; Root]  Obstacles
2022-08-10 06:08:25.3745 [INFO; Root]  adding = 2
2022-08-10 06:08:25.5760 [INFO; Root]  Obstacles
2022-08-10 06:08:25.6295 [INFO; Root]  Client(id = 1, address = 127.0.0.1) disconnected: 2-End of file
2022-08-10 06:08:25.6540 [INFO; Root]  Player 1 left
2022-08-10 06:08:25.7465 [INFO; Root]  adding = 3
2022-08-10 06:08:26.1341 [INFO; Root]  removing = 2
2022-08-10 06:08:26.2121 [INFO; Root]  Hivemind and 1.710399
2022-08-10 06:08:26.2581 [INFO; Root]  removing = 21
2022-08-10 06:08:26.4441 [INFO; Root]  adding = 3
2022-08-10 06:08:26.4745 [INFO; Root]  removing = 19
2022-08-10 06:08:26.5364 [INFO; Root]  adding = 20
2022-08-10 06:08:26.5517 [INFO; Root]  removing = 2
2022-08-10 06:08:26.5522 [INFO; Root]  adding = 21
2022-08-10 06:08:26.5522 [INFO; Root]  adding = 3
2022-08-10 06:08:26.5674 [INFO; Root]  adding = 4
2022-08-10 06:08:26.9049 [INFO; Root]  FOOD IN RANGE HAS A DESTROYED FOOD
2022-08-10 06:08:26.9358 [INFO; Root]  adding = 22
2022-08-10 06:08:27.0442 [INFO; Root]  Hivemind and 1.115538
2022-08-10 06:08:27.1666 [INFO; Root]  adding = 4
2022-08-10 06:08:27.1818 [INFO; Root]  adding = 5
2022-08-10 06:08:27.3986 [INFO; Root]  adding = 6
2022-08-10 06:08:27.4761 [INFO; Root]  adding = 7
2022-08-10 06:08:27.4916 [INFO; Root]  adding = 8
2022-08-10 06:08:27.6001 [INFO; Root]  adding = 23
2022-08-10 06:08:27.6311 [INFO; Root]  adding = 24
2022-08-10 06:08:27.8794 [INFO; Root]  Hivemind and 2.588745
2022-08-10 06:08:27.9094 [INFO; Root]  adding = 8
2022-08-10 06:08:28.5561 [INFO; Root]  adding = 25
