2022-08-07 06:12:05.2289 [INFO; Reactor.Server]  Loaded KSServerRuntime.Local.dll
2022-08-07 06:12:05.2379 [INFO; Root]  Loaded config.json
2022-08-07 06:12:05.2379 [INFO; Root]  Loaded config.GameScene.json
2022-08-07 06:12:05.2429 [INFO; Root]  KinematicSoup Technologies Inc.
2022-08-07 06:12:05.2429 [INFO; Root]  Reactor Server v0.10.0
2022-08-07 06:12:05.2429 [DEBUG; Root]  Could not open model file: model.bin. Compression will use the default model for sync transforms, and dynamic models for update transforms.
2022-08-07 06:12:05.2444 [INFO; Reactor.Server]  Missing API configuration. PlayerAPI features disabled.
2022-08-07 06:12:05.2529 [DEBUG; Root]  Loading Asset Scripts
2022-08-07 06:12:05.2554 [DEBUG; Root]  Loading Room Configs
2022-08-07 06:12:05.2589 [DEBUG; Root]  Initializing PhysX
2022-08-07 06:12:05.2749 [DEBUG; Root]  Loading PhysX geometry
2022-08-07 06:12:05.2854 [INFO; Root]  Loaded 7 geometries
2022-08-07 06:12:05.2854 [INFO; Root]  Loaded 2 geometries
2022-08-07 06:12:05.2854 [DEBUG; Root]  Loading entity prefabs
2022-08-07 06:12:05.2989 [INFO; Root]  Loaded 5 entity prefabs
2022-08-07 06:12:05.2989 [DEBUG; Root]  Loading entity instances
2022-08-07 06:12:05.3154 [DEBUG; Root]  Initializing scripts
2022-08-07 06:12:05.3229 [DEBUG; Root]  Room setup complete
2022-08-07 06:12:05.3234 [INFO; Reactor.ServerRoom]  Starting room 1
2022-08-07 06:12:05.3234 [INFO; Root]  Sending client updates every 2 frames
2022-08-07 06:12:05.3234 [INFO; Root]  Attempting to sync simulation time to match elapsed time.
2022-08-07 06:12:05.3239 [INFO; Root]  Opening TCP port 8000
