2022-08-08 05:43:38.1808 [INFO; Reactor.Server]  Loaded KSServerRuntime.Local.dll
2022-08-08 05:43:38.1903 [INFO; Root]  Loaded config.json
2022-08-08 05:43:38.1908 [INFO; Root]  Loaded config.GameScene.json
2022-08-08 05:43:38.1963 [INFO; Root]  KinematicSoup Technologies Inc.
2022-08-08 05:43:38.1963 [INFO; Root]  Reactor Server v0.10.0
2022-08-08 05:43:38.1963 [DEBUG; Root]  Could not open model file: model.bin. Compression will use the default model for sync transforms, and dynamic models for update transforms.
2022-08-08 05:43:38.1973 [INFO; Reactor.Server]  Missing API configuration. PlayerAPI features disabled.
2022-08-08 05:43:38.2098 [DEBUG; Root]  Loading Asset Scripts
2022-08-08 05:43:38.2123 [DEBUG; Root]  Loading Room Configs
2022-08-08 05:43:38.2163 [DEBUG; Root]  Initializing PhysX
2022-08-08 05:43:38.2298 [DEBUG; Root]  Loading PhysX geometry
2022-08-08 05:43:38.2408 [INFO; Root]  Loaded 7 geometries
2022-08-08 05:43:38.2413 [INFO; Root]  Loaded 2 geometries
2022-08-08 05:43:38.2413 [DEBUG; Root]  Loading entity prefabs
2022-08-08 05:43:38.2558 [INFO; Root]  Loaded 5 entity prefabs
2022-08-08 05:43:38.2558 [DEBUG; Root]  Loading entity instances
2022-08-08 05:43:38.2748 [DEBUG; Root]  Initializing scripts
2022-08-08 05:43:38.2833 [DEBUG; Root]  Room setup complete
2022-08-08 05:43:38.2833 [INFO; Reactor.ServerRoom]  Starting room 1
2022-08-08 05:43:38.2833 [INFO; Root]  Sending client updates every 2 frames
2022-08-08 05:43:38.2833 [INFO; Root]  Attempting to sync simulation time to match elapsed time.
2022-08-08 05:43:38.2838 [INFO; Root]  Opening TCP port 8000
2022-08-08 05:43:46.9813 [INFO; Root]  Client(id = 1, address = 127.0.0.1) connected
2022-08-08 05:43:46.9858 [DEBUG; Root]  Client(id = 1, address = 127.0.0.1) model validated
2022-08-08 05:43:47.0053 [DEBUG; Root]  Client(id = 1, address = 127.0.0.1) authenticated
2022-08-08 05:43:47.0193 [INFO; Root]  Player False joined
2022-08-08 05:43:49.8596 [INFO; Root]  Client(id = 2, address = 127.0.0.1) connected
2022-08-08 05:43:49.8631 [DEBUG; Root]  Client(id = 2, address = 127.0.0.1) model validated
2022-08-08 05:43:49.8671 [DEBUG; Root]  Client(id = 2, address = 127.0.0.1) authenticated
2022-08-08 05:43:49.8821 [INFO; Root]  Player False joined
2022-08-08 05:44:00.7378 [INFO; Root]  Client(id = 3, address = 127.0.0.1) connected
2022-08-08 05:44:00.7423 [DEBUG; Root]  Client(id = 3, address = 127.0.0.1) model validated
2022-08-08 05:44:00.7478 [DEBUG; Root]  Client(id = 3, address = 127.0.0.1) authenticated
2022-08-08 05:44:00.7488 [INFO; Root]  Player False joined
2022-08-08 05:44:01.2423 [INFO; Root]  RPC RECEIVED True and 3
2022-08-08 05:44:01.2423 [INFO; Root]  HeheTrue
2022-08-08 05:44:02.5160 [INFO; Root]  RPC RECEIVED True and 1
2022-08-08 05:44:02.5160 [INFO; Root]  HeheTrue
2022-08-08 05:44:03.9281 [INFO; Root]  RPC RECEIVED True and 2
2022-08-08 05:44:03.9281 [INFO; Root]  HeheTrue
2022-08-08 05:44:03.9281 [INFO; Root]  Start Match!
2022-08-08 05:44:03.9406 [INFO; Root]  5
2022-08-08 05:44:03.9416 [INFO; Root]  6
2022-08-08 05:44:03.9421 [INFO; Root]  7
2022-08-08 05:44:07.4075 [INFO; Root]  server received request to spawn = 2
2022-08-08 05:44:07.4260 [INFO; Root]  Shooter
2022-08-08 05:44:07.4260 [INFO; Root]  Hivemind
2022-08-08 05:44:07.7730 [INFO; Root]  Hivemind
2022-08-08 05:44:08.2231 [INFO; Root]  Shooter
2022-08-08 05:44:08.3781 [INFO; Root]  Hivemind
2022-08-08 05:44:08.7671 [INFO; Root]  Request to take control of unit passed
2022-08-08 05:44:10.1758 [INFO; Root]  server received request to spawn = 1
2022-08-08 05:44:10.5168 [INFO; Root]  server received request to spawn = 0
2022-08-08 05:44:15.3399 [INFO; Root]  server received request to spawn = 0
2022-08-08 05:44:20.3479 [INFO; Root]  server received request to spawn = 0
2022-08-08 05:44:28.0673 [INFO; Root]  Request to take control of unit passed
2022-08-08 05:44:30.6400 [INFO; Root]  Request to take control of unit passed
2022-08-08 05:44:32.3607 [INFO; Root]  Request to take control of unit passed
2022-08-08 05:44:33.4769 [INFO; Root]  Received 0
2022-08-08 05:44:33.4929 [INFO; Root]  Shooter
2022-08-08 05:44:33.5079 [INFO; Root]  Received 1
2022-08-08 05:44:34.6860 [INFO; Root]  Obstacles
2022-08-08 05:44:37.8965 [INFO; Root]  Request to take control of unit passed
2022-08-08 05:44:37.8968 [INFO; Root]  Received 2
2022-08-08 05:44:37.9123 [INFO; Root]  Shooter
2022-08-08 05:44:38.7344 [INFO; Root]  Shooter
2022-08-08 05:44:38.8119 [INFO; Root]  Collector
2022-08-08 05:44:38.8584 [INFO; Root]  Shooter
2022-08-08 05:44:39.2610 [INFO; Root]  Request to take control of unit passed
2022-08-08 05:44:39.3385 [INFO; Root]  Received 3
2022-08-08 05:44:39.6175 [INFO; Root]  Collector
2022-08-08 05:44:40.0981 [INFO; Root]  Request to take control of unit passed
2022-08-08 05:44:40.0981 [INFO; Root]  Received 4
2022-08-08 05:44:40.1136 [INFO; Root]  Shooter
2022-08-08 05:44:40.8132 [INFO; Root]  Collector
2022-08-08 05:44:40.8437 [INFO; Root]  Request to take control of unit passed
2022-08-08 05:44:40.9212 [INFO; Root]  Received 5
2022-08-08 05:44:46.1627 [INFO; Root]  Request to take control of unit passed
2022-08-08 05:44:49.8537 [INFO; Root]  Client(id = 1, address = 127.0.0.1) disconnected: 2-End of file
2022-08-08 05:44:49.8702 [INFO; Root]  Player 1 left
2022-08-08 05:44:51.3933 [INFO; Root]  Client(id = 2, address = 127.0.0.1) disconnected: 2-End of file
2022-08-08 05:44:51.4038 [INFO; Root]  Player 2 left
2022-08-08 05:44:59.7972 [INFO; Root]  Client(id = 3, address = 127.0.0.1) disconnected: 2-End of file
2022-08-08 05:44:59.8212 [INFO; Root]  Player 3 left
