2022-08-11 10:39:57.0588 [INFO; Reactor.Server]  Loaded KSServerRuntime.Local.dll
2022-08-11 10:39:57.0673 [INFO; Root]  Loaded config.json
2022-08-11 10:39:57.0678 [INFO; Root]  Loaded config.GameScene.json
2022-08-11 10:39:57.0728 [INFO; Root]  KinematicSoup Technologies Inc.
2022-08-11 10:39:57.0728 [INFO; Root]  Reactor Server v0.10.0
2022-08-11 10:39:57.0728 [DEBUG; Root]  Could not open model file: model.bin. Compression will use the default model for sync transforms, and dynamic models for update transforms.
2022-08-11 10:39:57.0738 [INFO; Reactor.Server]  Missing API configuration. PlayerAPI features disabled.
2022-08-11 10:39:57.0823 [DEBUG; Root]  Loading Asset Scripts
2022-08-11 10:39:57.0848 [DEBUG; Root]  Loading Room Configs
2022-08-11 10:39:57.0883 [DEBUG; Root]  Initializing PhysX
2022-08-11 10:39:57.0998 [DEBUG; Root]  Loading PhysX geometry
2022-08-11 10:39:57.1093 [INFO; Root]  Loaded 8 geometries
2022-08-11 10:39:57.1098 [INFO; Root]  Loaded 2 geometries
2022-08-11 10:39:57.1098 [DEBUG; Root]  Loading entity prefabs
2022-08-11 10:39:57.1223 [INFO; Root]  Loaded 5 entity prefabs
2022-08-11 10:39:57.1223 [DEBUG; Root]  Loading entity instances
2022-08-11 10:39:57.1393 [DEBUG; Root]  Initializing scripts
2022-08-11 10:39:57.1468 [DEBUG; Root]  Room setup complete
2022-08-11 10:39:57.1468 [INFO; Reactor.ServerRoom]  Starting room 1
2022-08-11 10:39:57.1468 [INFO; Root]  Sending client updates every 2 frames
2022-08-11 10:39:57.1468 [INFO; Root]  Attempting to sync simulation time to match elapsed time.
2022-08-11 10:39:57.1473 [INFO; Root]  Opening TCP port 8000
2022-08-11 10:40:02.5187 [INFO; Root]  Client(id = 1, address = 127.0.0.1) connected
2022-08-11 10:40:02.5217 [DEBUG; Root]  Client(id = 1, address = 127.0.0.1) model validated
2022-08-11 10:40:02.5387 [DEBUG; Root]  Client(id = 1, address = 127.0.0.1) authenticated
2022-08-11 10:40:02.5677 [INFO; Root]  Player False joined
2022-08-11 10:40:09.0347 [INFO; Root]  Client(id = 2, address = 127.0.0.1) connected
2022-08-11 10:40:09.0377 [DEBUG; Root]  Client(id = 2, address = 127.0.0.1) model validated
2022-08-11 10:40:09.0412 [DEBUG; Root]  Client(id = 2, address = 127.0.0.1) authenticated
2022-08-11 10:40:09.0417 [INFO; Root]  Player False joined
2022-08-11 10:40:09.4392 [INFO; Root]  RPC RECEIVED True and 2
2022-08-11 10:40:09.4392 [INFO; Root]  HeheTrue
2022-08-11 10:40:10.3437 [INFO; Root]  RPC RECEIVED True and 1
2022-08-11 10:40:10.3437 [INFO; Root]  HeheTrue
2022-08-11 10:40:10.3437 [INFO; Root]  Start Match!
2022-08-11 10:40:10.3562 [INFO; Root]  Property Set
2022-08-11 10:40:10.3592 [INFO; Root]  5
2022-08-11 10:40:10.3602 [INFO; Root]  Property Set
2022-08-11 10:40:10.3602 [INFO; Root]  6
2022-08-11 10:40:19.2757 [INFO; Root]  server received request to spawn = 2
2022-08-11 10:40:20.2482 [INFO; Root]  server received request to spawn = 1
2022-08-11 10:40:20.2652 [INFO; Root]  Shooter
2022-08-11 10:40:20.3417 [INFO; Root]  Hivemind
2022-08-11 10:40:20.7757 [INFO; Root]  Hivemind
2022-08-11 10:40:21.0852 [INFO; Root]  Shooter
2022-08-11 10:40:21.2402 [INFO; Root]  Collector
2022-08-11 10:40:21.5657 [INFO; Root]  Hivemind
2022-08-11 10:40:21.9072 [INFO; Root]  Shooter
2022-08-11 10:40:22.1082 [INFO; Root]  Hivemind
2022-08-11 10:40:22.7287 [INFO; Root]  Shooter
2022-08-11 10:40:22.7747 [INFO; Root]  Hivemind
2022-08-11 10:40:23.5347 [INFO; Root]  Shooter
2022-08-11 10:40:23.5657 [INFO; Root]  Hivemind
2022-08-11 10:40:23.5682 [INFO; Root]  here1
2022-08-11 10:40:23.5682 [INFO; Root]  here1
2022-08-11 10:40:25.4457 [INFO; Root]  Client(id = 1, address = 127.0.0.1) disconnected: 2-End of file
2022-08-11 10:40:25.4572 [INFO; Root]  Player 1 left
2022-08-11 10:40:26.5037 [INFO; Root]  Client(id = 2, address = 127.0.0.1) disconnected: 2-End of file
2022-08-11 10:40:26.5102 [INFO; Root]  Player 2 left
