2022-11-04 13:30:47.8698 [INFO; Root]  KinematicSoup Technologies Inc.
2022-11-04 13:30:47.8748 [INFO; Root]  Reactor Server v0.10.1
2022-11-04 13:30:47.8975 [WARNING; Reactor.Server]  Error parsing model file 'model.bin'. Defaulting to dynmaic model generation.
2022-11-04 13:30:47.9010 [INFO; Reactor.Server]  Missing API configuration. PlayerAPI features disabled.
2022-11-04 13:30:47.9117 [DEBUG; Root]  Loading Asset Scripts
2022-11-04 13:30:47.9147 [DEBUG; Root]  Loading Room Configs
2022-11-04 13:30:47.9197 [DEBUG; Root]  Initializing PhysX
2022-11-04 13:30:47.9343 [DEBUG; Root]  Loading PhysX geometry
2022-11-04 13:30:47.9363 [INFO; Root]  Loaded 7 geometries
2022-11-04 13:30:47.9368 [INFO; Root]  Loaded 3 geometries
2022-11-04 13:30:47.9368 [DEBUG; Root]  Loading entity prefabs
2022-11-04 13:30:47.9498 [INFO; Root]  Loaded 5 entity prefabs
2022-11-04 13:30:47.9498 [DEBUG; Root]  Loading entity instances
2022-11-04 13:30:47.9634 [DEBUG; Root]  Initializing scripts
2022-11-04 13:30:47.9710 [DEBUG; Root]  Room setup complete
2022-11-04 13:30:47.9710 [INFO; Reactor.ServerRoom]  Starting room 1
2022-11-04 13:30:47.9710 [INFO; Root]  Sending client updates every 2 frames
2022-11-04 13:30:47.9710 [INFO; Root]  Attempting to sync simulation time to match elapsed time.
2022-11-04 13:30:47.9715 [INFO; Root]  Opening TCP port 8000
2022-11-04 13:30:50.5026 [INFO; Root]  Client(id = 1, address = 127.0.0.1:57889) connected
2022-11-04 13:30:50.5026 [DEBUG; Root]  Client(id = 1, address = 127.0.0.1:57889) model validated
2022-11-04 13:30:50.5166 [DEBUG; Root]  Client(id = 1, address = 127.0.0.1:57889) authenticated
2022-11-04 13:30:50.5256 [INFO; Root]  Player False joined
2022-11-04 13:30:51.2510 [INFO; Root]  Client(id = 2, address = 127.0.0.1:57890) connected
2022-11-04 13:30:51.2545 [DEBUG; Root]  Client(id = 2, address = 127.0.0.1:57890) model validated
2022-11-04 13:30:51.2590 [DEBUG; Root]  Client(id = 2, address = 127.0.0.1:57890) authenticated
2022-11-04 13:30:51.2726 [INFO; Root]  Player False joined
2022-11-04 13:30:54.2571 [INFO; Root]  2000
2022-11-04 13:30:54.2662 [INFO; Root]  2000
2022-11-04 13:30:54.2783 [INFO; Root]  OnOverlap
2022-11-04 13:30:56.1930 [INFO; Root]  OnOverlap
2022-11-04 13:30:57.0490 [INFO; Root]  Organelle Contacted: 2
2022-11-04 13:30:57.1760 [INFO; Root]  (4.199337, 1.28756)
2022-11-04 13:30:57.2968 [INFO; Root]  OnOverlap
2022-11-04 13:30:57.2968 [INFO; Root]  OnOverlap
2022-11-04 13:30:57.7018 [INFO; Root]  (20.10709, -7.188753)
2022-11-04 13:30:57.8420 [INFO; Root]  DelayTimerTimout 
2022-11-04 13:30:58.2169 [INFO; Root]  (6.502962, -0.9396167)
2022-11-04 13:30:58.7301 [INFO; Root]  (20.63413, -9.070024)
2022-11-04 13:30:59.2416 [INFO; Root]  (6.612406, -2.631878)
2022-11-04 13:30:59.7714 [INFO; Root]  (6.612406, -2.634239)
2022-11-04 13:31:00.2846 [INFO; Root]  (20.63413, -9.070024)
2022-11-04 13:31:00.7978 [INFO; Root]  (20.38316, -9.772365)
2022-11-04 13:31:01.3121 [INFO; Root]  (5.681911, -4.394688)
2022-11-04 13:31:01.4982 [INFO; Root]  OnOverlap
2022-11-04 13:31:01.8254 [INFO; Root]  (20.63413, -9.170358)
2022-11-04 13:31:01.9188 [INFO; Root]  OnOverlap
2022-11-04 13:31:01.9961 [INFO; Root]  OnOverlap
2022-11-04 13:31:02.1216 [INFO; Root]  OnOverlap
2022-11-04 13:31:02.3406 [INFO; Root]  (4.953532, -4.08172)
2022-11-04 13:31:02.7132 [INFO; Root]  OnOverlap
2022-11-04 13:31:02.8681 [INFO; Root]  (1.95015, 2.243653)
2022-11-04 13:31:03.3364 [INFO; Root]  OnOverlap
2022-11-04 13:31:03.3836 [INFO; Root]  (19.83101, -5.959656)
2022-11-04 13:31:03.8982 [INFO; Root]  (19.83101, -5.959656)
2022-11-04 13:31:03.9761 [INFO; Root]  OnOverlap
2022-11-04 13:31:04.4129 [INFO; Root]  (19.83101, -5.959656)
2022-11-04 13:31:04.4907 [INFO; Root]  OnOverlap
2022-11-04 13:31:04.5992 [INFO; Root]  Organelle Contacted: 2
2022-11-04 13:31:04.5992 [INFO; Root]  (19.83101, -5.959656)
2022-11-04 13:31:04.9254 [INFO; Root]  (19.83101, -5.959656)
2022-11-04 13:31:05.0349 [INFO; Root]  OnOverlap
2022-11-04 13:31:05.0504 [INFO; Root]  OnOverlap
2022-11-04 13:31:05.1131 [INFO; Root]  (19.83101, -5.959656)
2022-11-04 13:31:05.3929 [INFO; Root]  DelayTimerTimout 
2022-11-04 13:31:05.4390 [INFO; Root]  (3.665951, 5.817757)
2022-11-04 13:31:05.6264 [INFO; Root]  (19.83101, -5.959656)
2022-11-04 13:31:05.9680 [INFO; Root]  (3.90103, 5.323178)
2022-11-04 13:31:06.1394 [INFO; Root]  (3.915613, 5.257438)
2022-11-04 13:31:06.4809 [INFO; Root]  (3.925137, 5.21444)
2022-11-04 13:31:06.6677 [INFO; Root]  (3.926678, 5.207481)
2022-11-04 13:31:06.9941 [INFO; Root]  (3.927453, 5.203985)
2022-11-04 13:31:07.1807 [INFO; Root]  (3.927577, 5.203425)
2022-11-04 13:31:07.5078 [INFO; Root]  (19.83101, -5.959656)
2022-11-04 13:31:07.6942 [INFO; Root]  (19.83101, -5.959656)
2022-11-04 13:31:08.0368 [INFO; Root]  (19.83101, -5.984739)
2022-11-04 13:31:08.2076 [INFO; Root]  (3.927685, 5.094206)
2022-11-04 13:31:08.5516 [INFO; Root]  (19.83101, -6.009823)
2022-11-04 13:31:08.7219 [INFO; Root]  (17.42165, -6.561662)
2022-11-04 13:31:09.0641 [INFO; Root]  (15.8405, -6.436244)
2022-11-04 13:31:09.2508 [INFO; Root]  (15.51423, -6.611829)
2022-11-04 13:31:09.2975 [INFO; Root]  OnOverlap
2022-11-04 13:31:09.5767 [INFO; Root]  (15.23816, -6.862666)
2022-11-04 13:31:09.7642 [INFO; Root]  (15.16286, -7.138586)
2022-11-04 13:31:10.0903 [INFO; Root]  (15.31345, -7.264004)
2022-11-04 13:31:10.1220 [INFO; Root]  OnOverlap
2022-11-04 13:31:10.2759 [INFO; Root]  (15.31345, -7.264004)
2022-11-04 13:31:10.6181 [INFO; Root]  (-5.911287, 0.1525841)
2022-11-04 13:31:10.7889 [INFO; Root]  (15.31345, -7.264004)
2022-11-04 13:31:11.1312 [INFO; Root]  OnOverlap
2022-11-04 13:31:11.1473 [INFO; Root]  (15.56443, -7.790759)
2022-11-04 13:31:11.3179 [INFO; Root]  (15.56443, -7.790759)
2022-11-04 13:31:11.4113 [INFO; Root]  OnOverlap
2022-11-04 13:31:11.6602 [INFO; Root]  (15.56443, -7.790759)
2022-11-04 13:31:11.8315 [INFO; Root]  (-6.106102, -3.102695)
2022-11-04 13:31:12.0793 [INFO; Root]  applying damage
2022-11-04 13:31:12.0798 [INFO; Root]  1999
2022-11-04 13:31:12.1736 [INFO; Root]  (-6.667669, -3.46356)
2022-11-04 13:31:12.2043 [INFO; Root]  OnOverlap
2022-11-04 13:31:12.2504 [INFO; Root]  OnOverlap
2022-11-04 13:31:12.3441 [INFO; Root]  (15.56443, -7.790759)
2022-11-04 13:31:12.3907 [INFO; Root]  OnOverlap
2022-11-04 13:31:12.7019 [INFO; Root]  (15.56443, -7.790759)
2022-11-04 13:31:12.8568 [INFO; Root]  OnOverlap
2022-11-04 13:31:12.8573 [INFO; Root]  (15.56443, -7.790759)
2022-11-04 13:31:13.2143 [INFO; Root]  (15.56443, -7.790759)
2022-11-04 13:31:13.3848 [INFO; Root]  (15.56443, -7.790759)
2022-11-04 13:31:13.7266 [INFO; Root]  (-7.525761, -1.861733)
2022-11-04 13:31:13.8982 [INFO; Root]  (15.8154, -6.937917)
2022-11-04 13:31:14.2409 [INFO; Root]  (15.8154, -6.937917)
2022-11-04 13:31:14.3022 [INFO; Root]  OnOverlap
2022-11-04 13:31:14.4107 [INFO; Root]  (-6.696592, -1.019908)
2022-11-04 13:31:14.7693 [INFO; Root]  (15.8154, -6.937917)
2022-11-04 13:31:14.8628 [INFO; Root]  applying damage
2022-11-04 13:31:14.8628 [INFO; Root]  1998
2022-11-04 13:31:14.9256 [INFO; Root]  (-6.019756, -0.246398)
2022-11-04 13:31:15.2837 [INFO; Root]  (15.8154, -6.937917)
2022-11-04 13:31:15.3149 [INFO; Root]  applying damage
2022-11-04 13:31:15.3149 [INFO; Root]  1997
2022-11-04 13:31:15.4394 [INFO; Root]  (-5.834762, 0.5324235)
2022-11-04 13:31:15.7972 [INFO; Root]  (15.8154, -6.937917)
2022-11-04 13:31:15.9679 [INFO; Root]  (-5.817769, 0.698495)
2022-11-04 13:31:16.3104 [INFO; Root]  (-5.883124, 0.7468523)
2022-11-04 13:31:16.4814 [INFO; Root]  (-5.976724, 0.8712268)
2022-11-04 13:31:16.5126 [INFO; Root]  OnOverlap
2022-11-04 13:31:16.8241 [INFO; Root]  (15.8154, -6.937917)
2022-11-04 13:31:16.9938 [INFO; Root]  (-6.086731, 1.623353)
2022-11-04 13:31:17.3515 [INFO; Root]  (15.8154, -6.937917)
2022-11-04 13:31:17.5072 [INFO; Root]  (-6.091475, 2.115404)
2022-11-04 13:31:17.8660 [INFO; Root]  (15.8154, -6.937917)
2022-11-04 13:31:18.0220 [INFO; Root]  (15.8154, -6.937917)
2022-11-04 13:31:18.3827 [INFO; Root]  (-6.091923, 2.174599)
2022-11-04 13:31:18.5539 [INFO; Root]  (-6.091923, 2.175171)
2022-11-04 13:31:18.8944 [INFO; Root]  (-6.091923, 2.175553)
2022-11-04 13:31:19.0654 [INFO; Root]  (-6.091923, 2.175653)
2022-11-04 13:31:19.4078 [INFO; Root]  (15.8154, -6.937917)
2022-11-04 13:31:19.5796 [INFO; Root]  (15.8154, -6.937917)
2022-11-04 13:31:19.9360 [INFO; Root]  (15.8154, -6.937917)
2022-11-04 13:31:20.0917 [INFO; Root]  (-6.091923, 2.175653)
2022-11-04 13:31:20.4507 [INFO; Root]  (15.8154, -6.937917)
2022-11-04 13:31:20.6059 [INFO; Root]  (15.8154, -6.937917)
2022-11-04 13:31:20.9631 [INFO; Root]  (15.8154, -6.937917)
2022-11-04 13:31:21.1353 [INFO; Root]  (-6.091923, 2.175653)
2022-11-04 13:31:21.4780 [INFO; Root]  (15.8154, -6.937917)
2022-11-04 13:31:21.6508 [INFO; Root]  (-6.091923, 2.175653)
2022-11-04 13:31:21.9916 [INFO; Root]  (-6.091923, 2.175653)
2022-11-04 13:31:22.1622 [INFO; Root]  (15.8154, -6.937917)
2022-11-04 13:31:22.5203 [INFO; Root]  (15.8154, -6.937917)
2022-11-04 13:31:23.6561 [INFO; Root]  (7.759082, -5.733903)
2022-11-04 13:31:23.6561 [INFO; Root]  (7.759082, -5.733903)
2022-11-04 13:31:24.1853 [INFO; Root]  (-23.5435, 4.785235)
2022-11-04 13:31:24.1853 [INFO; Root]  (-23.5435, 4.785235)
2022-11-04 13:31:24.6982 [INFO; Root]  (7.382618, -6.536579)
2022-11-04 13:31:24.6982 [INFO; Root]  (7.382618, -6.536579)
2022-11-04 13:31:25.2111 [INFO; Root]  (7.357521, -6.586746)
2022-11-04 13:31:25.2116 [INFO; Root]  (7.357521, -6.586746)
2022-11-04 13:31:25.7254 [INFO; Root]  (-24.41337, 2.936781)
2022-11-04 13:31:25.7254 [INFO; Root]  (-24.41337, 2.936781)
2022-11-04 13:31:25.8031 [INFO; Root]  OnOverlap
2022-11-04 13:31:26.2391 [INFO; Root]  (-24.41337, 2.936781)
2022-11-04 13:31:26.2396 [INFO; Root]  (-24.41337, 2.936781)
2022-11-04 13:31:26.7678 [INFO; Root]  (7.357521, -6.586746)
2022-11-04 13:31:26.7678 [INFO; Root]  (7.357521, -6.586746)
2022-11-04 13:31:27.2815 [INFO; Root]  (7.357521, -6.586746)
2022-11-04 13:31:27.2815 [INFO; Root]  (7.357521, -6.586746)
2022-11-04 13:31:27.7959 [INFO; Root]  (-24.41337, 2.936781)
2022-11-04 13:31:27.7964 [INFO; Root]  (-24.41337, 2.936781)
2022-11-04 13:31:28.3099 [INFO; Root]  (1.247527, 1.088328)
2022-11-04 13:31:28.3099 [INFO; Root]  (1.247527, 1.088328)
2022-11-04 13:31:29.4557 [INFO; Root]  Client(id = 2, address = 127.0.0.1:57890) disconnected: 2-End of file
2022-11-04 13:31:29.4617 [INFO; Root]  Player 2 left
2022-11-04 13:31:30.1827 [INFO; Root]  Client(id = 1, address = 127.0.0.1:57889) disconnected: 2-End of file
2022-11-04 13:31:30.1877 [INFO; Root]  Player 1 left
